#
# There is insufficient memory for the Java Runtime Environment to continue.
# Native memory allocation (malloc) failed to allocate 2017616 bytes for Chunk::new
# Possible reasons:
#   The system is out of physical RAM or swap space
#   The process is running with CompressedOops enabled, and the Java Heap may be blocking the growth of the native heap
# Possible solutions:
#   Reduce memory load on the system
#   Increase physical memory or swap space
#   Check if swap backing store is full
#   Decrease Java heap size (-Xmx/-Xms)
#   Decrease number of Java threads
#   Decrease Java thread stack sizes (-Xss)
#   Set larger code cache with -XX:ReservedCodeCacheSize=
#   JVM is running with Unscaled Compressed Oops mode in which the Java heap is
#     placed in the first 4GB address space. The Java Heap base address is the
#     maximum limit for the native heap growth. Please use -XX:HeapBaseMinAddress
#     to set the Java Heap base and to place the Java Heap above 4GB virtual address.
# This output file may be truncated or incomplete.
#
#  Out of Memory Error (allocation.cpp:389), pid=19632, tid=0x0000000000000e14
#
# JRE version: OpenJDK Runtime Environment (8.0_242-b01) (build 1.8.0_242-release-1644-b01)
# Java VM: OpenJDK 64-Bit Server VM (25.242-b01 mixed mode windows-amd64 compressed oops)
# Failed to write core dump. Minidumps are not enabled by default on client versions of Windows
#

---------------  T H R E A D  ---------------

Current thread (0x0000000019a9b000):  JavaThread "C2 CompilerThread0" daemon [_thread_in_native, id=3604, stack(0x000000001aff0000,0x000000001b0f0000)]

Stack: [0x000000001aff0000,0x000000001b0f0000]
[error occurred during error reporting (printing stack bounds), id 0xc0000005]

Native frames: (J=compiled Java code, j=interpreted, Vv=VM code, C=native code)


Current CompileTask:
C2:  14098 11474 %     4       com.android.tools.r8.z.a.a.f::a @ 2576 (6058 bytes)


---------------  P R O C E S S  ---------------

Java Threads: ( => current thread )
  0x000000001c5e9800 JavaThread "WorkerExecutor Queue Thread 13" [_thread_blocked, id=5100, stack(0x0000000030910000,0x0000000030a10000)]
  0x000000001c5e8000 JavaThread "WorkerExecutor Queue Thread 12" [_thread_blocked, id=5716, stack(0x0000000030810000,0x0000000030910000)]
  0x000000001c5e8800 JavaThread "WorkerExecutor Queue Thread 11" [_thread_in_Java, id=20944, stack(0x0000000030710000,0x0000000030810000)]
  0x000000001c5e4000 JavaThread "WorkerExecutor Queue Thread 10" [_thread_blocked, id=24528, stack(0x0000000030610000,0x0000000030710000)]
  0x000000001c5e7000 JavaThread "WorkerExecutor Queue Thread 9" [_thread_in_Java, id=15184, stack(0x0000000030510000,0x0000000030610000)]
  0x000000001c5e2000 JavaThread "WorkerExecutor Queue Thread 8" [_thread_in_Java, id=9108, stack(0x0000000030410000,0x0000000030510000)]
  0x000000001c5e1000 JavaThread "WorkerExecutor Queue Thread 7" [_thread_blocked, id=25044, stack(0x0000000030310000,0x0000000030410000)]
  0x000000001c5e2800 JavaThread "WorkerExecutor Queue Thread 6" [_thread_blocked, id=19812, stack(0x0000000030210000,0x0000000030310000)]
  0x0000000020ad9000 JavaThread "WorkerExecutor Queue Thread 5" [_thread_in_Java, id=1864, stack(0x0000000030110000,0x0000000030210000)]
  0x0000000020ad8800 JavaThread "WorkerExecutor Queue Thread 4" [_thread_blocked, id=23440, stack(0x0000000030010000,0x0000000030110000)]
  0x0000000020add800 JavaThread "WorkerExecutor Queue Thread 3" [_thread_blocked, id=8716, stack(0x000000002ff10000,0x0000000030010000)]
  0x0000000020ad6000 JavaThread "WorkerExecutor Queue Thread 2" [_thread_blocked, id=20900, stack(0x000000002fc10000,0x000000002fd10000)]
  0x0000000020add000 JavaThread "WorkerExecutor Queue" [_thread_in_native, id=8672, stack(0x000000002e2d0000,0x000000002e3d0000)]
  0x0000000020adb800 JavaThread "Cache worker for Java compile cache (D:\MyApplication\.gradle\6.5\javaCompile)" [_thread_blocked, id=1612, stack(0x000000002e1d0000,0x000000002e2d0000)]
  0x0000000020ada000 JavaThread "Cache worker for Java compile cache (C:\Users\win10\.gradle\caches\6.5\javaCompile)" [_thread_blocked, id=4916, stack(0x000000002e0d0000,0x000000002e1d0000)]
  0x0000000020ace800 JavaThread "Cache worker for execution history cache (D:\MyApplication\.gradle\6.5\executionHistory)" [_thread_blocked, id=23936, stack(0x000000002ddd0000,0x000000002ded0000)]
  0x0000000020ad1800 JavaThread "Execution worker for ':' Thread 11" [_thread_blocked, id=6716, stack(0x000000002dcd0000,0x000000002ddd0000)]
  0x0000000020ad4800 JavaThread "Execution worker for ':' Thread 10" [_thread_blocked, id=17076, stack(0x000000002dbd0000,0x000000002dcd0000)]
  0x0000000020ad5800 JavaThread "Execution worker for ':' Thread 9" [_thread_blocked, id=1452, stack(0x000000002dad0000,0x000000002dbd0000)]
  0x0000000020ad4000 JavaThread "Execution worker for ':' Thread 8" [_thread_blocked, id=1064, stack(0x000000002d9d0000,0x000000002dad0000)]
  0x0000000020ad1000 JavaThread "Execution worker for ':' Thread 7" [_thread_blocked, id=15296, stack(0x000000002d8d0000,0x000000002d9d0000)]
  0x0000000020ad3000 JavaThread "Execution worker for ':' Thread 6" [_thread_blocked, id=9880, stack(0x000000002d7d0000,0x000000002d8d0000)]
  0x0000000020ad0000 JavaThread "Execution worker for ':' Thread 5" [_thread_blocked, id=22008, stack(0x000000002d6d0000,0x000000002d7d0000)]
  0x0000000020ad2800 JavaThread "Execution worker for ':' Thread 4" [_thread_blocked, id=2320, stack(0x000000002d5d0000,0x000000002d6d0000)]
  0x0000000020acf800 JavaThread "Execution worker for ':' Thread 3" [_thread_blocked, id=24036, stack(0x000000002d4d0000,0x000000002d5d0000)]
  0x0000000023c89800 JavaThread "Execution worker for ':' Thread 2" [_thread_blocked, id=9436, stack(0x000000002d3d0000,0x000000002d4d0000)]
  0x0000000023c8f800 JavaThread "Execution worker for ':'" [_thread_blocked, id=13596, stack(0x000000002d1d0000,0x000000002d2d0000)]
  0x0000000023c8e800 JavaThread "Cache worker for file content cache (D:\MyApplication\.gradle\6.5\fileContent)" [_thread_blocked, id=4732, stack(0x000000002d0d0000,0x000000002d1d0000)]
  0x0000000023c88000 JavaThread "Memory manager" [_thread_blocked, id=3216, stack(0x000000002c810000,0x000000002c910000)]
  0x0000000023c8d000 JavaThread "Cache worker for Build Output Cleanup Cache (D:\MyApplication\.gradle\buildOutputCleanup)" [_thread_blocked, id=21544, stack(0x0000000029a90000,0x0000000029b90000)]
  0x0000000023c88800 JavaThread "jar transforms Thread 94" [_thread_blocked, id=20696, stack(0x000000002bb10000,0x000000002bc10000)]
  0x0000000023c8b800 JavaThread "jar transforms Thread 93" [_thread_blocked, id=25060, stack(0x000000002ba10000,0x000000002bb10000)]
  0x0000000023c8b000 JavaThread "jar transforms Thread 92" [_thread_blocked, id=15836, stack(0x000000002b910000,0x000000002ba10000)]
  0x0000000023c8c800 JavaThread "jar transforms Thread 91" [_thread_blocked, id=17752, stack(0x000000002b610000,0x000000002b710000)]
  0x0000000023c8a000 JavaThread "jar transforms Thread 90" [_thread_blocked, id=14884, stack(0x000000002b510000,0x000000002b610000)]
  0x0000000023c80000 JavaThread "jar transforms Thread 89" [_thread_blocked, id=22244, stack(0x000000002b410000,0x000000002b510000)]
  0x0000000023c86800 JavaThread "jar transforms Thread 88" [_thread_blocked, id=12680, stack(0x000000002b310000,0x000000002b410000)]
  0x0000000023c85800 JavaThread "jar transforms Thread 87" [_thread_blocked, id=6552, stack(0x000000002b210000,0x000000002b310000)]
  0x0000000023c84000 JavaThread "jar transforms Thread 86" [_thread_blocked, id=23368, stack(0x000000002b110000,0x000000002b210000)]
  0x0000000023c83000 JavaThread "jar transforms Thread 85" [_thread_blocked, id=18152, stack(0x000000002b010000,0x000000002b110000)]
  0x0000000023c82800 JavaThread "jar transforms Thread 84" [_thread_blocked, id=13276, stack(0x000000002af10000,0x000000002b010000)]
  0x0000000023c87000 JavaThread "jar transforms Thread 83" [_thread_blocked, id=12296, stack(0x000000002ae10000,0x000000002af10000)]
  0x0000000023c81800 JavaThread "jar transforms Thread 82" [_thread_blocked, id=5760, stack(0x000000002ad10000,0x000000002ae10000)]
  0x0000000023c81000 JavaThread "jar transforms Thread 81" [_thread_blocked, id=8236, stack(0x000000002ac10000,0x000000002ad10000)]
  0x0000000023c85000 JavaThread "jar transforms Thread 80" [_thread_blocked, id=18616, stack(0x000000002ab10000,0x000000002ac10000)]
  0x0000000022b7e800 JavaThread "jar transforms Thread 79" [_thread_blocked, id=16496, stack(0x000000002aa10000,0x000000002ab10000)]
  0x0000000022b80000 JavaThread "jar transforms Thread 78" [_thread_blocked, id=11640, stack(0x000000002a910000,0x000000002aa10000)]
  0x0000000022b7f000 JavaThread "jar transforms Thread 77" [_thread_blocked, id=10532, stack(0x000000002a810000,0x000000002a910000)]
  0x0000000022b7d800 JavaThread "jar transforms Thread 76" [_thread_blocked, id=19388, stack(0x000000002a710000,0x000000002a810000)]
  0x0000000022b7d000 JavaThread "jar transforms Thread 75" [_thread_blocked, id=22392, stack(0x000000002a610000,0x000000002a710000)]
  0x0000000022b7a800 JavaThread "jar transforms Thread 74" [_thread_blocked, id=22196, stack(0x000000002a510000,0x000000002a610000)]
  0x0000000022b7b800 JavaThread "jar transforms Thread 73" [_thread_blocked, id=8656, stack(0x000000002a410000,0x000000002a510000)]
  0x0000000022b7a000 JavaThread "jar transforms Thread 72" [_thread_blocked, id=1176, stack(0x000000002a310000,0x000000002a410000)]
  0x0000000022b7c000 JavaThread "jar transforms Thread 71" [_thread_blocked, id=6372, stack(0x000000002a210000,0x000000002a310000)]
  0x0000000022b74000 JavaThread "jar transforms Thread 70" [_thread_blocked, id=1672, stack(0x000000002a110000,0x000000002a210000)]
  0x0000000022b79000 JavaThread "jar transforms Thread 69" [_thread_blocked, id=3672, stack(0x000000002a010000,0x000000002a110000)]
  0x0000000022b78800 JavaThread "jar transforms Thread 68" [_thread_blocked, id=13660, stack(0x0000000029f10000,0x000000002a010000)]
  0x0000000022b77800 JavaThread "jar transforms Thread 67" [_thread_blocked, id=5000, stack(0x0000000029e10000,0x0000000029f10000)]
  0x0000000022b75800 JavaThread "jar transforms Thread 66" [_thread_blocked, id=5268, stack(0x0000000029d10000,0x0000000029e10000)]
  0x0000000022b71000 JavaThread "jar transforms Thread 65" [_thread_blocked, id=5636, stack(0x0000000029c10000,0x0000000029d10000)]
  0x0000000022b72800 JavaThread "jar transforms Thread 64" [_thread_blocked, id=11420, stack(0x0000000025c50000,0x0000000025d50000)]
  0x0000000022b71800 JavaThread "jar transforms Thread 63" [_thread_blocked, id=24936, stack(0x0000000029990000,0x0000000029a90000)]
  0x0000000022b74800 JavaThread "jar transforms Thread 62" [_thread_blocked, id=20428, stack(0x0000000029890000,0x0000000029990000)]
  0x0000000022b73000 JavaThread "jar transforms Thread 61" [_thread_blocked, id=19888, stack(0x0000000029790000,0x0000000029890000)]
  0x0000000022b77000 JavaThread "jar transforms Thread 60" [_thread_blocked, id=25136, stack(0x0000000029690000,0x0000000029790000)]
  0x0000000022b76000 JavaThread "jar transforms Thread 59" [_thread_blocked, id=10096, stack(0x0000000029590000,0x0000000029690000)]
  0x000000001d7d4800 JavaThread "jar transforms Thread 58" [_thread_blocked, id=22520, stack(0x0000000029490000,0x0000000029590000)]
  0x000000001d7d4000 JavaThread "jar transforms Thread 57" [_thread_blocked, id=3076, stack(0x0000000029390000,0x0000000029490000)]
  0x000000001d7d2800 JavaThread "jar transforms Thread 56" [_thread_blocked, id=18544, stack(0x0000000029290000,0x0000000029390000)]
  0x000000001d7d3000 JavaThread "jar transforms Thread 55" [_thread_blocked, id=18604, stack(0x0000000029190000,0x0000000029290000)]
  0x000000001d7d1800 JavaThread "jar transforms Thread 54" [_thread_blocked, id=4724, stack(0x0000000029090000,0x0000000029190000)]
  0x000000001d7d1000 JavaThread "jar transforms Thread 53" [_thread_blocked, id=8068, stack(0x0000000028f90000,0x0000000029090000)]
  0x000000001d7d0000 JavaThread "jar transforms Thread 52" [_thread_blocked, id=13020, stack(0x0000000028e90000,0x0000000028f90000)]
  0x000000001d7c8800 JavaThread "jar transforms Thread 51" [_thread_blocked, id=20476, stack(0x0000000028d90000,0x0000000028e90000)]
  0x000000001d7cf800 JavaThread "jar transforms Thread 50" [_thread_blocked, id=1136, stack(0x0000000028c90000,0x0000000028d90000)]
  0x000000001d7ce800 JavaThread "jar transforms Thread 49" [_thread_blocked, id=8684, stack(0x0000000028b90000,0x0000000028c90000)]
  0x000000001d7ca000 JavaThread "jar transforms Thread 48" [_thread_blocked, id=12732, stack(0x0000000028a90000,0x0000000028b90000)]
  0x000000001d7c7000 JavaThread "jar transforms Thread 47" [_thread_blocked, id=20584, stack(0x0000000028990000,0x0000000028a90000)]
  0x000000001d7ce000 JavaThread "jar transforms Thread 46" [_thread_blocked, id=22028, stack(0x0000000028890000,0x0000000028990000)]
  0x000000001d7c9800 JavaThread "jar transforms Thread 45" [_thread_blocked, id=12128, stack(0x0000000028790000,0x0000000028890000)]
  0x000000001d7cb000 JavaThread "jar transforms Thread 44" [_thread_blocked, id=17200, stack(0x0000000028690000,0x0000000028790000)]
  0x000000001d7c7800 JavaThread "jar transforms Thread 43" [_thread_blocked, id=22512, stack(0x0000000028590000,0x0000000028690000)]
  0x000000001d7c6000 JavaThread "jar transforms Thread 42" [_thread_blocked, id=14340, stack(0x0000000028490000,0x0000000028590000)]
  0x000000001d7cb800 JavaThread "jar transforms Thread 41" [_thread_blocked, id=19892, stack(0x0000000028390000,0x0000000028490000)]
  0x000000001d7cd000 JavaThread "jar transforms Thread 40" [_thread_blocked, id=1420, stack(0x0000000028290000,0x0000000028390000)]
  0x000000001d7c5800 JavaThread "jar transforms Thread 39" [_thread_blocked, id=13092, stack(0x0000000028190000,0x0000000028290000)]
  0x000000001d7cc800 JavaThread "jar transforms Thread 38" [_thread_blocked, id=10836, stack(0x0000000028090000,0x0000000028190000)]
  0x000000001d6ec800 JavaThread "jar transforms Thread 37" [_thread_blocked, id=14916, stack(0x0000000027f90000,0x0000000028090000)]
  0x000000001d6eb800 JavaThread "jar transforms Thread 36" [_thread_blocked, id=17848, stack(0x0000000027e90000,0x0000000027f90000)]
  0x000000001d6e7800 JavaThread "jar transforms Thread 35" [_thread_blocked, id=22320, stack(0x0000000027d90000,0x0000000027e90000)]
  0x000000001d6e8800 JavaThread "jar transforms Thread 34" [_thread_blocked, id=12400, stack(0x0000000027c90000,0x0000000027d90000)]
  0x000000001d6e7000 JavaThread "jar transforms Thread 33" [_thread_blocked, id=18520, stack(0x0000000027b90000,0x0000000027c90000)]
  0x000000001d6ea800 JavaThread "jar transforms Thread 32" [_thread_blocked, id=21972, stack(0x0000000027a90000,0x0000000027b90000)]
  0x000000001d6ea000 JavaThread "jar transforms Thread 31" [_thread_blocked, id=24788, stack(0x0000000027990000,0x0000000027a90000)]
  0x000000001d6e9000 JavaThread "jar transforms Thread 30" [_thread_blocked, id=13936, stack(0x0000000027890000,0x0000000027990000)]
  0x000000001d6df800 JavaThread "jar transforms Thread 29" [_thread_blocked, id=12140, stack(0x0000000027790000,0x0000000027890000)]
  0x000000001d6e6000 JavaThread "jar transforms Thread 28" [_thread_blocked, id=23676, stack(0x0000000027690000,0x0000000027790000)]
  0x000000001d6e4800 JavaThread "jar transforms Thread 27" [_thread_blocked, id=18560, stack(0x0000000027590000,0x0000000027690000)]
  0x000000001d6e5800 JavaThread "jar transforms Thread 26" [_thread_blocked, id=18612, stack(0x0000000027490000,0x0000000027590000)]
  0x000000001d6dd000 JavaThread "jar transforms Thread 25" [_thread_blocked, id=21596, stack(0x0000000027390000,0x0000000027490000)]
  0x000000001d6e4000 JavaThread "jar transforms Thread 24" [_thread_blocked, id=20976, stack(0x0000000027290000,0x0000000027390000)]
  0x000000001d6e3000 JavaThread "jar transforms Thread 23" [_thread_blocked, id=9920, stack(0x0000000027190000,0x0000000027290000)]
  0x000000001d6de800 JavaThread "jar transforms Thread 22" [_thread_blocked, id=16784, stack(0x0000000027090000,0x0000000027190000)]
  0x000000001d6e2800 JavaThread "jar transforms Thread 21" [_thread_blocked, id=14620, stack(0x0000000026f90000,0x0000000027090000)]
  0x000000001d6e1800 JavaThread "jar transforms Thread 20" [_thread_blocked, id=8860, stack(0x0000000026e90000,0x0000000026f90000)]
  0x000000001d6de000 JavaThread "jar transforms Thread 19" [_thread_blocked, id=25540, stack(0x0000000026d90000,0x0000000026e90000)]
  0x000000001d6e1000 JavaThread "jar transforms Thread 18" [_thread_blocked, id=3760, stack(0x0000000026c90000,0x0000000026d90000)]
  0x000000001d6e0000 JavaThread "jar transforms Thread 17" [_thread_blocked, id=3584, stack(0x0000000026b90000,0x0000000026c90000)]
  0x000000001bafa000 JavaThread "jar transforms Thread 16" [_thread_blocked, id=22952, stack(0x0000000026a90000,0x0000000026b90000)]
  0x000000001baf8000 JavaThread "jar transforms Thread 15" [_thread_blocked, id=22796, stack(0x0000000026990000,0x0000000026a90000)]
  0x000000001baf7000 JavaThread "jar transforms Thread 14" [_thread_blocked, id=15896, stack(0x0000000026890000,0x0000000026990000)]
  0x000000001baf6800 JavaThread "jar transforms Thread 13" [_thread_blocked, id=17332, stack(0x0000000026790000,0x0000000026890000)]
  0x000000001baf5800 JavaThread "jar transforms Thread 12" [_thread_blocked, id=20876, stack(0x0000000026690000,0x0000000026790000)]
  0x000000001baf5000 JavaThread "jar transforms Thread 11" [_thread_blocked, id=6736, stack(0x0000000026590000,0x0000000026690000)]
  0x000000001baf8800 JavaThread "jar transforms Thread 10" [_thread_blocked, id=14628, stack(0x0000000026490000,0x0000000026590000)]
  0x000000001baf3800 JavaThread "jar transforms Thread 9" [_thread_blocked, id=25504, stack(0x0000000026390000,0x0000000026490000)]
  0x000000001baf4000 JavaThread "jar transforms Thread 8" [_thread_blocked, id=21344, stack(0x0000000026290000,0x0000000026390000)]
  0x000000001baf9800 JavaThread "jar transforms Thread 7" [_thread_blocked, id=19616, stack(0x0000000026190000,0x0000000026290000)]
  0x000000001cb04800 JavaThread "jar transforms Thread 6" [_thread_blocked, id=19752, stack(0x0000000026090000,0x0000000026190000)]
  0x000000001cb03000 JavaThread "jar transforms Thread 5" [_thread_blocked, id=428, stack(0x0000000025f90000,0x0000000026090000)]
  0x000000001cb04000 JavaThread "jar transforms Thread 4" [_thread_blocked, id=17228, stack(0x0000000025b50000,0x0000000025c50000)]
  0x000000001cb02800 JavaThread "jar transforms Thread 3" [_thread_blocked, id=23256, stack(0x0000000025a50000,0x0000000025b50000)]
  0x000000001cb01800 JavaThread "jar transforms Thread 2" [_thread_blocked, id=12856, stack(0x0000000025950000,0x0000000025a50000)]
  0x000000001cafb000 JavaThread "Build operations Thread 12" [_thread_blocked, id=17368, stack(0x0000000025850000,0x0000000025950000)]
  0x000000001cb01000 JavaThread "Build operations Thread 11" [_thread_blocked, id=5856, stack(0x0000000025750000,0x0000000025850000)]
  0x000000001caf9800 JavaThread "Build operations Thread 10" [_thread_blocked, id=1832, stack(0x0000000025650000,0x0000000025750000)]
  0x000000001cb00000 JavaThread "Build operations Thread 9" [_thread_blocked, id=11712, stack(0x0000000025550000,0x0000000025650000)]
  0x000000001caff800 JavaThread "Build operations Thread 8" [_thread_blocked, id=1532, stack(0x0000000025450000,0x0000000025550000)]
  0x000000001caf8000 JavaThread "Build operations Thread 7" [_thread_blocked, id=25324, stack(0x0000000025350000,0x0000000025450000)]
  0x000000001caf8800 JavaThread "Build operations Thread 6" [_thread_blocked, id=7132, stack(0x0000000025250000,0x0000000025350000)]
  0x000000001cafe000 JavaThread "Build operations Thread 5" [_thread_blocked, id=25568, stack(0x0000000025150000,0x0000000025250000)]
  0x000000001cafa000 JavaThread "Build operations Thread 4" [_thread_blocked, id=24396, stack(0x0000000025050000,0x0000000025150000)]
  0x000000001cafe800 JavaThread "Build operations Thread 3" [_thread_blocked, id=13004, stack(0x0000000024f50000,0x0000000025050000)]
  0x000000001caf6800 JavaThread "Build operations Thread 2" [_thread_blocked, id=13848, stack(0x0000000024e50000,0x0000000024f50000)]
  0x000000001cafd000 JavaThread "Build operations" [_thread_blocked, id=3852, stack(0x0000000024d50000,0x0000000024e50000)]
  0x000000001d4ac800 JavaThread "Cache worker for file content cache (C:\Users\win10\.gradle\caches\6.5\fileContent)" [_thread_blocked, id=18180, stack(0x0000000023680000,0x0000000023780000)]
  0x000000001d4ab800 JavaThread "jar transforms" [_thread_blocked, id=24468, stack(0x0000000023580000,0x0000000023680000)]
  0x000000001d4ad000 JavaThread "Cache worker for execution history cache (C:\Users\win10\.gradle\caches\6.5\executionHistory)" [_thread_blocked, id=19008, stack(0x0000000022d70000,0x0000000022e70000)]
  0x000000001d4ab000 JavaThread "Cache worker for cache directory md-rule (C:\Users\win10\.gradle\caches\6.5\md-rule)" [_thread_blocked, id=25420, stack(0x0000000022c70000,0x0000000022d70000)]
  0x000000001d4a7000 JavaThread "Cache worker for cache directory md-supplier (C:\Users\win10\.gradle\caches\6.5\md-supplier)" [_thread_blocked, id=12392, stack(0x0000000021910000,0x0000000021a10000)]
  0x000000001d4a6800 JavaThread "Cache worker for checksums cache (D:\MyApplication\.gradle\checksums)" [_thread_blocked, id=4956, stack(0x0000000021810000,0x0000000021910000)]
  0x000000001d4aa000 JavaThread "Cache worker for file hash cache (D:\MyApplication\.gradle\6.5\fileHashes)" [_thread_blocked, id=8984, stack(0x0000000023080000,0x0000000023180000)]
  0x000000001d4a8000 JavaThread "Cache worker for file hash cache (C:\Users\win10\.gradle\caches\6.5\fileHashes)" [_thread_blocked, id=5276, stack(0x000000001f370000,0x000000001f470000)]
  0x000000001d4a9800 JavaThread "File lock request listener" [_thread_in_native, id=13464, stack(0x000000001f270000,0x000000001f370000)]
  0x0000000019bf3000 JavaThread "Cache worker for journal cache (C:\Users\win10\.gradle\caches\journal-1)" [_thread_blocked, id=17048, stack(0x000000001f170000,0x000000001f270000)]
  0x000000001d126800 JavaThread "Thread-9" [_thread_blocked, id=22368, stack(0x000000001ee70000,0x000000001ef70000)]
  0x000000001d126000 JavaThread "Stdin handler" [_thread_blocked, id=20544, stack(0x000000001ed70000,0x000000001ee70000)]
  0x000000001d138000 JavaThread "Asynchronous log dispatcher for DefaultDaemonConnection: socket connection from /127.0.0.1:50349 to /127.0.0.1:50350" [_thread_blocked, id=8244, stack(0x000000001ec70000,0x000000001ed70000)]
  0x000000001d0f7800 JavaThread "Daemon worker" [_thread_blocked, id=736, stack(0x000000001eb70000,0x000000001ec70000)]
  0x000000001d128800 JavaThread "Cancel handler" [_thread_blocked, id=9684, stack(0x000000001ea70000,0x000000001eb70000)]
  0x000000001d10d800 JavaThread "Handler for socket connection from /127.0.0.1:50349 to /127.0.0.1:50350" [_thread_in_native, id=18308, stack(0x000000001e970000,0x000000001ea70000)]
  0x000000001d10a800 JavaThread "Daemon" [_thread_blocked, id=17488, stack(0x000000001e770000,0x000000001e870000)]
  0x000000001d0c9800 JavaThread "Daemon periodic checks" [_thread_blocked, id=1620, stack(0x000000001e470000,0x000000001e570000)]
  0x000000001d0ba800 JavaThread "Incoming local TCP Connector on port 50349" [_thread_in_native, id=23020, stack(0x000000001e290000,0x000000001e390000)]
  0x000000001cfbe000 JavaThread "Daemon health stats" [_thread_blocked, id=21032, stack(0x000000001df90000,0x000000001e090000)]
  0x0000000019b88800 JavaThread "Service Thread" daemon [_thread_blocked, id=17024, stack(0x000000001b3f0000,0x000000001b4f0000)]
  0x0000000019b02000 JavaThread "C1 CompilerThread3" daemon [_thread_in_native, id=10276, stack(0x000000001b2f0000,0x000000001b3f0000)]
  0x0000000019b00800 JavaThread "C2 CompilerThread2" daemon [_thread_in_native, id=12472, stack(0x000000001b1f0000,0x000000001b2f0000)]
  0x0000000019a9e000 JavaThread "C2 CompilerThread1" daemon [_thread_in_native, id=24824, stack(0x000000001b0f0000,0x000000001b1f0000)]
=>0x0000000019a9b000 JavaThread "C2 CompilerThread0" daemon [_thread_in_native, id=3604, stack(0x000000001aff0000,0x000000001b0f0000)]
  0x0000000019af5000 JavaThread "Attach Listener" daemon [_thread_blocked, id=19184, stack(0x000000001aef0000,0x000000001aff0000)]
  0x0000000019af4000 JavaThread "Signal Dispatcher" daemon [_thread_blocked, id=22232, stack(0x000000001adf0000,0x000000001aef0000)]
  0x0000000019a83000 JavaThread "Finalizer" daemon [_thread_blocked, id=11084, stack(0x000000001acf0000,0x000000001adf0000)]
  0x000000001839c800 JavaThread "Reference Handler" daemon [_thread_blocked, id=24840, stack(0x000000001abf0000,0x000000001acf0000)]
  0x0000000002bae000 JavaThread "main" [_thread_blocked, id=23892, stack(0x0000000002f30000,0x0000000003030000)]

Other Threads:
  0x0000000018394800 VMThread [stack: 0x000000001aaf0000,0x000000001abf0000] [id=15596]
  0x0000000019b8a800 WatcherThread [stack: 0x000000001b4f0000,0x000000001b5f0000] [id=7632]

VM state:not at safepoint (normal execution)

VM Mutex/Monitor currently owned by a thread:  ([mutex/lock_event])
[0x0000000003031350] MethodData_lock - owner thread: 0x0000000000000000

heap address: 0x0000000080000000, size: 2048 MB, Compressed Oops mode: 32-bit
Narrow klass base: 0x0000000000000000, Narrow klass shift: 3
Compressed class space size: 1073741824 Address: 0x0000000100000000

Heap:
 PSYoungGen      total 470528K, used 419008K [0x00000000d5580000, 0x00000000f4700000, 0x0000000100000000)
  eden space 443904K, 88% used [0x00000000d5580000,0x00000000ed4b4470,0x00000000f0700000)
  from space 26624K, 99% used [0x00000000f2780000,0x00000000f417be48,0x00000000f4180000)
  to   space 32768K, 0% used [0x00000000f0700000,0x00000000f0700000,0x00000000f2700000)
 ParOldGen       total 192512K, used 45194K [0x0000000080000000, 0x000000008bc00000, 0x00000000d5580000)
  object space 192512K, 23% used [0x0000000080000000,0x0000000082c22b00,0x000000008bc00000)
 Metaspace       used 83236K, capacity 90562K, committed 90712K, reserved 1126400K
  class space    used 11914K, capacity 13333K, committed 13440K, reserved 1048576K

Card table byte_map: [0x00000000124f0000,0x0000000012900000] byte_map_base: 0x00000000120f0000

Marking Bits: (ParMarkBitMap*) 0x000000005885f030
 Begin Bits: [0x00000000135b0000, 0x00000000155b0000)
 End Bits:   [0x00000000155b0000, 0x00000000175b0000)

Polling page: 0x0000000001200000

CodeCache: size=245760Kb used=31192Kb max_used=31334Kb free=214567Kb
 bounds [0x0000000003130000, 0x0000000004ff0000, 0x0000000012130000]
 total_blobs=11022 nmethods=10182 adapters=750
 compilation: enabled

Compilation events (10 events):
Event: 14.092 Thread 0x0000000019b02000 nmethod 12007 0x0000000003a30b10 code [0x0000000003a30ca0, 0x0000000003a31248]
Event: 14.092 Thread 0x0000000019b02000 12008       3       com.android.tools.r8.s.b.k0::a (26 bytes)
Event: 14.093 Thread 0x0000000019b02000 nmethod 12008 0x00000000047fabd0 code [0x00000000047fada0, 0x00000000047fb578]
Event: 14.093 Thread 0x0000000019b02000 12009       3       com.android.tools.r8.graph.w::equals (55 bytes)
Event: 14.094 Thread 0x0000000019b02000 nmethod 12009 0x0000000003259690 code [0x0000000003259840, 0x0000000003259f38]
Event: 14.094 Thread 0x0000000019b02000 12014       3       com.android.tools.r8.graph.S::equals (55 bytes)
Event: 14.094 Thread 0x0000000019b02000 nmethod 12014 0x00000000047e4290 code [0x00000000047e4460, 0x00000000047e4e18]
Event: 14.094 Thread 0x0000000019b02000 12025       2       com.android.tools.r8.s.b.q1::a (260 bytes)
Event: 14.096 Thread 0x0000000019b02000 nmethod 12025 0x0000000003882ed0 code [0x00000000038831e0, 0x0000000003883d08]
Event: 14.096 Thread 0x0000000019b02000 12028       2       com.android.tools.r8.ir.optimize.r::a (466 bytes)

GC Heap History (10 events):
Event: 5.144 GC heap before
{Heap before GC invocations=9 (full 2):
 PSYoungGen      total 248320K, used 232448K [0x00000000d5580000, 0x00000000e5a80000, 0x0000000100000000)
  eden space 232448K, 100% used [0x00000000d5580000,0x00000000e3880000,0x00000000e3880000)
  from space 15872K, 0% used [0x00000000e4780000,0x00000000e4780000,0x00000000e5700000)
  to   space 15360K, 0% used [0x00000000e3880000,0x00000000e3880000,0x00000000e4780000)
 ParOldGen       total 128000K, used 14764K [0x0000000080000000, 0x0000000087d00000, 0x00000000d5580000)
  object space 128000K, 11% used [0x0000000080000000,0x0000000080e6b280,0x0000000087d00000)
 Metaspace       used 46209K, capacity 48148K, committed 48344K, reserved 1091584K
  class space    used 6254K, capacity 6648K, committed 6656K, reserved 1048576K
Event: 5.170 GC heap after
Heap after GC invocations=9 (full 2):
 PSYoungGen      total 247808K, used 15330K [0x00000000d5580000, 0x00000000ee300000, 0x0000000100000000)
  eden space 232448K, 0% used [0x00000000d5580000,0x00000000d5580000,0x00000000e3880000)
  from space 15360K, 99% used [0x00000000e3880000,0x00000000e4778850,0x00000000e4780000)
  to   space 18944K, 0% used [0x00000000ed080000,0x00000000ed080000,0x00000000ee300000)
 ParOldGen       total 128000K, used 17690K [0x0000000080000000, 0x0000000087d00000, 0x00000000d5580000)
  object space 128000K, 13% used [0x0000000080000000,0x0000000081146bf0,0x0000000087d00000)
 Metaspace       used 46209K, capacity 48148K, committed 48344K, reserved 1091584K
  class space    used 6254K, capacity 6648K, committed 6656K, reserved 1048576K
}
Event: 6.947 GC heap before
{Heap before GC invocations=10 (full 2):
 PSYoungGen      total 247808K, used 180195K [0x00000000d5580000, 0x00000000ee300000, 0x0000000100000000)
  eden space 232448K, 70% used [0x00000000d5580000,0x00000000df6806a8,0x00000000e3880000)
  from space 15360K, 99% used [0x00000000e3880000,0x00000000e4778850,0x00000000e4780000)
  to   space 18944K, 0% used [0x00000000ed080000,0x00000000ed080000,0x00000000ee300000)
 ParOldGen       total 128000K, used 17690K [0x0000000080000000, 0x0000000087d00000, 0x00000000d5580000)
  object space 128000K, 13% used [0x0000000080000000,0x0000000081146bf0,0x0000000087d00000)
 Metaspace       used 56353K, capacity 58838K, committed 58968K, reserved 1099776K
  class space    used 7701K, capacity 8194K, committed 8320K, reserved 1048576K
Event: 6.974 GC heap after
Heap after GC invocations=10 (full 2):
 PSYoungGen      total 380928K, used 18916K [0x00000000d5580000, 0x00000000ee800000, 0x0000000100000000)
  eden space 361984K, 0% used [0x00000000d5580000,0x00000000d5580000,0x00000000eb700000)
  from space 18944K, 99% used [0x00000000ed080000,0x00000000ee2f9310,0x00000000ee300000)
  to   space 25088K, 0% used [0x00000000eb700000,0x00000000eb700000,0x00000000ecf80000)
 ParOldGen       total 128000K, used 25653K [0x0000000080000000, 0x0000000087d00000, 0x00000000d5580000)
  object space 128000K, 20% used [0x0000000080000000,0x000000008190d478,0x0000000087d00000)
 Metaspace       used 56353K, capacity 58838K, committed 58968K, reserved 1099776K
  class space    used 7701K, capacity 8194K, committed 8320K, reserved 1048576K
}
Event: 6.974 GC heap before
{Heap before GC invocations=11 (full 3):
 PSYoungGen      total 380928K, used 18916K [0x00000000d5580000, 0x00000000ee800000, 0x0000000100000000)
  eden space 361984K, 0% used [0x00000000d5580000,0x00000000d5580000,0x00000000eb700000)
  from space 18944K, 99% used [0x00000000ed080000,0x00000000ee2f9310,0x00000000ee300000)
  to   space 25088K, 0% used [0x00000000eb700000,0x00000000eb700000,0x00000000ecf80000)
 ParOldGen       total 128000K, used 25653K [0x0000000080000000, 0x0000000087d00000, 0x00000000d5580000)
  object space 128000K, 20% used [0x0000000080000000,0x000000008190d478,0x0000000087d00000)
 Metaspace       used 56353K, capacity 58838K, committed 58968K, reserved 1099776K
  class space    used 7701K, capacity 8194K, committed 8320K, reserved 1048576K
Event: 7.149 GC heap after
Heap after GC invocations=11 (full 3):
 PSYoungGen      total 380928K, used 0K [0x00000000d5580000, 0x00000000ee800000, 0x0000000100000000)
  eden space 361984K, 0% used [0x00000000d5580000,0x00000000d5580000,0x00000000eb700000)
  from space 18944K, 0% used [0x00000000ed080000,0x00000000ed080000,0x00000000ee300000)
  to   space 25088K, 0% used [0x00000000eb700000,0x00000000eb700000,0x00000000ecf80000)
 ParOldGen       total 192512K, used 38945K [0x0000000080000000, 0x000000008bc00000, 0x00000000d5580000)
  object space 192512K, 20% used [0x0000000080000000,0x00000000826086f8,0x000000008bc00000)
 Metaspace       used 56279K, capacity 58586K, committed 58968K, reserved 1099776K
  class space    used 7678K, capacity 8152K, committed 8320K, reserved 1048576K
}
Event: 9.488 GC heap before
{Heap before GC invocations=12 (full 3):
 PSYoungGen      total 380928K, used 361984K [0x00000000d5580000, 0x00000000ee800000, 0x0000000100000000)
  eden space 361984K, 100% used [0x00000000d5580000,0x00000000eb700000,0x00000000eb700000)
  from space 18944K, 0% used [0x00000000ed080000,0x00000000ed080000,0x00000000ee300000)
  to   space 25088K, 0% used [0x00000000eb700000,0x00000000eb700000,0x00000000ecf80000)
 ParOldGen       total 192512K, used 38945K [0x0000000080000000, 0x000000008bc00000, 0x00000000d5580000)
  object space 192512K, 20% used [0x0000000080000000,0x00000000826086f8,0x000000008bc00000)
 Metaspace       used 64769K, capacity 68416K, committed 68568K, reserved 1107968K
  class space    used 8944K, capacity 9603K, committed 9728K, reserved 1048576K
Event: 9.511 GC heap after
Heap after GC invocations=12 (full 3):
 PSYoungGen      total 387072K, used 20482K [0x00000000d5580000, 0x00000000f4180000, 0x0000000100000000)
  eden space 361984K, 0% used [0x00000000d5580000,0x00000000d5580000,0x00000000eb700000)
  from space 25088K, 81% used [0x00000000eb700000,0x00000000ecb00910,0x00000000ecf80000)
  to   space 26624K, 0% used [0x00000000f2780000,0x00000000f2780000,0x00000000f4180000)
 ParOldGen       total 192512K, used 38953K [0x0000000080000000, 0x000000008bc00000, 0x00000000d5580000)
  object space 192512K, 20% used [0x0000000080000000,0x000000008260a6f8,0x000000008bc00000)
 Metaspace       used 64769K, capacity 68416K, committed 68568K, reserved 1107968K
  class space    used 8944K, capacity 9603K, committed 9728K, reserved 1048576K
}
Event: 12.718 GC heap before
{Heap before GC invocations=13 (full 3):
 PSYoungGen      total 387072K, used 382466K [0x00000000d5580000, 0x00000000f4180000, 0x0000000100000000)
  eden space 361984K, 100% used [0x00000000d5580000,0x00000000eb700000,0x00000000eb700000)
  from space 25088K, 81% used [0x00000000eb700000,0x00000000ecb00910,0x00000000ecf80000)
  to   space 26624K, 0% used [0x00000000f2780000,0x00000000f2780000,0x00000000f4180000)
 ParOldGen       total 192512K, used 38953K [0x0000000080000000, 0x000000008bc00000, 0x00000000d5580000)
  object space 192512K, 20% used [0x0000000080000000,0x000000008260a6f8,0x000000008bc00000)
 Metaspace       used 71980K, capacity 76024K, committed 76248K, reserved 1114112K
  class space    used 9906K, capacity 10632K, committed 10752K, reserved 1048576K
Event: 12.754 GC heap after
Heap after GC invocations=13 (full 3):
 PSYoungGen      total 470528K, used 26607K [0x00000000d5580000, 0x00000000f4700000, 0x0000000100000000)
  eden space 443904K, 0% used [0x00000000d5580000,0x00000000d5580000,0x00000000f0700000)
  from space 26624K, 99% used [0x00000000f2780000,0x00000000f417be48,0x00000000f4180000)
  to   space 32768K, 0% used [0x00000000f0700000,0x00000000f0700000,0x00000000f2700000)
 ParOldGen       total 192512K, used 45194K [0x0000000080000000, 0x000000008bc00000, 0x00000000d5580000)
  object space 192512K, 23% used [0x0000000080000000,0x0000000082c22b00,0x000000008bc00000)
 Metaspace       used 71980K, capacity 76024K, committed 76248K, reserved 1114112K
  class space    used 9906K, capacity 10632K, committed 10752K, reserved 1048576K
}

Deoptimization events (10 events):
Event: 13.927 Thread 0x000000001c5e1000 Uncommon trap: reason=bimorphic action=maybe_recompile pc=0x0000000004ebfb48 method=com.android.tools.r8.q.a.a.a.J.test(Ljava/lang/Object;)Z @ 2
Event: 13.927 Thread 0x000000001c5e1000 Uncommon trap: reason=bimorphic action=maybe_recompile pc=0x0000000004ebfb48 method=com.android.tools.r8.q.a.a.a.J.test(Ljava/lang/Object;)Z @ 2
Event: 13.956 Thread 0x000000001c5e1000 Uncommon trap: reason=class_check action=maybe_recompile pc=0x0000000004f08a4c method=com.android.tools.r8.q.a.a.b.J0.k()Ljava/lang/Object; @ 27
Event: 13.956 Thread 0x000000001c5e1000 Uncommon trap: reason=class_check action=maybe_recompile pc=0x0000000004f08a4c method=com.android.tools.r8.q.a.a.b.J0.k()Ljava/lang/Object; @ 27
Event: 14.017 Thread 0x0000000020add000 Uncommon trap: reason=unstable_if action=reinterpret pc=0x00000000037d64f8 method=java.io.ObjectOutputStream$BlockDataOutputStream.writeBytes(Ljava/lang/String;)V @ 22
Event: 14.022 Thread 0x0000000020add000 Uncommon trap: reason=class_check action=maybe_recompile pc=0x0000000004482324 method=java.security.MessageDigest$Delegate.clone()Ljava/lang/Object; @ 4
Event: 14.022 Thread 0x0000000020add000 Uncommon trap: reason=class_check action=maybe_recompile pc=0x0000000004482324 method=java.security.MessageDigest$Delegate.clone()Ljava/lang/Object; @ 4
Event: 14.051 Thread 0x0000000020add000 Uncommon trap: reason=class_check action=maybe_recompile pc=0x0000000004482324 method=java.security.MessageDigest$Delegate.clone()Ljava/lang/Object; @ 4
Event: 14.086 Thread 0x000000001c5e8000 Uncommon trap: reason=unstable_if action=reinterpret pc=0x00000000038886c0 method=java.nio.Buffer.limit(I)Ljava/nio/Buffer; @ 33
Event: 14.090 Thread 0x000000001c5e2000 Uncommon trap: reason=predicate action=maybe_recompile pc=0x00000000047e3108 method=java.util.TimSort.binarySort([Ljava/lang/Object;IIILjava/util/Comparator;)V @ 37

Classes redefined (0 events):
No events

Internal exceptions (10 events):
Event: 13.826 Thread 0x0000000020ad9000 Exception <a 'java/lang/NoSuchMethodError': java.lang.Object.lambda$maxBy$1(Ljava/util/Comparator;Ljava/lang/Object;Ljava/lang/Object;)Ljava/lang/Object;> (0x00000000e91a3480) thrown at [C:\src\AOSP-openjdk-git\hotspot\src\share\vm\interpreter\linkResolve
Event: 13.863 Thread 0x000000001c5e1000 Exception <a 'java/lang/NoSuchMethodError': java.lang.Object.b(Lcom/android/tools/r8/graph/p1$b;)Lcom/android/tools/r8/graph/p1$b;> (0x00000000ea01eeb0) thrown at [C:\src\AOSP-openjdk-git\hotspot\src\share\vm\interpreter\linkResolver.cpp, line 620]
Event: 14.070 Thread 0x000000001c5e1000 Exception <a 'sun/nio/fs/WindowsException'> (0x00000000ec792338) thrown at [C:\src\AOSP-openjdk-git\hotspot\src\share\vm\prims\jni.cpp, line 710]
Event: 14.070 Thread 0x000000001c5e1000 Exception <a 'sun/nio/fs/WindowsException'> (0x00000000ec792d08) thrown at [C:\src\AOSP-openjdk-git\hotspot\src\share\vm\prims\jni.cpp, line 710]
Event: 14.070 Thread 0x000000001c5e1000 Exception <a 'sun/nio/fs/WindowsException'> (0x00000000ec793208) thrown at [C:\src\AOSP-openjdk-git\hotspot\src\share\vm\prims\jni.cpp, line 710]
Event: 14.071 Thread 0x000000001c5e1000 Exception <a 'sun/nio/fs/WindowsException'> (0x00000000ec793fb0) thrown at [C:\src\AOSP-openjdk-git\hotspot\src\share\vm\prims\jni.cpp, line 710]
Event: 14.071 Thread 0x000000001c5e1000 Exception <a 'sun/nio/fs/WindowsException'> (0x00000000ec7944a0) thrown at [C:\src\AOSP-openjdk-git\hotspot\src\share\vm\prims\jni.cpp, line 710]
Event: 14.071 Thread 0x000000001c5e1000 Exception <a 'sun/nio/fs/WindowsException'> (0x00000000ec795238) thrown at [C:\src\AOSP-openjdk-git\hotspot\src\share\vm\prims\jni.cpp, line 710]
Event: 14.088 Thread 0x000000001c5e1000 Exception <a 'sun/nio/fs/WindowsException'> (0x00000000ec7a7778) thrown at [C:\src\AOSP-openjdk-git\hotspot\src\share\vm\prims\jni.cpp, line 710]
Event: 14.090 Thread 0x000000001c5e1000 Exception <a 'sun/nio/fs/WindowsException'> (0x00000000ecace6a8) thrown at [C:\src\AOSP-openjdk-git\hotspot\src\share\vm\prims\jni.cpp, line 710]

Events (10 events):
Event: 14.084 Thread 0x000000001c5e7000 DEOPT PACKING pc=0x0000000004fc50a7 sp=0x000000003060d0a0
Event: 14.084 Thread 0x000000001c5e7000 DEOPT UNPACKING pc=0x00000000031775d0 sp=0x000000003060cdd0 mode 0
Event: 14.086 Thread 0x000000001c5e8000 Uncommon trap: trap_request=0xffffff65 fr.pc=0x00000000038886c0
Event: 14.086 Thread 0x000000001c5e8000 DEOPT PACKING pc=0x00000000038886c0 sp=0x000000003090d530
Event: 14.086 Thread 0x000000001c5e8000 DEOPT UNPACKING pc=0x000000000317557b sp=0x000000003090d4d0 mode 2
Event: 14.086 loading class java/util/Vector$Itr
Event: 14.086 loading class java/util/Vector$Itr done
Event: 14.090 Thread 0x000000001c5e2000 Uncommon trap: trap_request=0xffffff86 fr.pc=0x00000000047e3108
Event: 14.090 Thread 0x000000001c5e2000 DEOPT PACKING pc=0x00000000047e3108 sp=0x000000003050d630
Event: 14.090 Thread 0x000000001c5e2000 DEOPT UNPACKING pc=0x000000000317557b sp=0x000000003050d5e8 mode 2


Dynamic libraries:
0x00007ff60b560000 - 0x00007ff60b591000 	D:\android studio\jre\bin\java.exe
0x00007ffa20250000 - 0x00007ffa20445000 	C:\WINDOWS\SYSTEM32\ntdll.dll
0x00007ffa1ff90000 - 0x00007ffa2004d000 	C:\WINDOWS\System32\KERNEL32.DLL
0x00007ffa1dc70000 - 0x00007ffa1df39000 	C:\WINDOWS\System32\KERNELBASE.dll
0x00007ffa1e3e0000 - 0x00007ffa1e48c000 	C:\WINDOWS\System32\ADVAPI32.dll
0x00007ffa20050000 - 0x00007ffa200ee000 	C:\WINDOWS\System32\msvcrt.dll
0x00007ffa1e490000 - 0x00007ffa1e52c000 	C:\WINDOWS\System32\sechost.dll
0x00007ffa1f770000 - 0x00007ffa1f89b000 	C:\WINDOWS\System32\RPCRT4.dll
0x00007ffa1f9c0000 - 0x00007ffa1fb60000 	C:\WINDOWS\System32\USER32.dll
0x00007ffa1dfc0000 - 0x00007ffa1dfe2000 	C:\WINDOWS\System32\win32u.dll
0x00007ffa1ec90000 - 0x00007ffa1ecba000 	C:\WINDOWS\System32\GDI32.dll
0x00007ffa1db60000 - 0x00007ffa1dc6b000 	C:\WINDOWS\System32\gdi32full.dll
0x00007ffa1dac0000 - 0x00007ffa1db5d000 	C:\WINDOWS\System32\msvcp_win.dll
0x00007ffa1e150000 - 0x00007ffa1e250000 	C:\WINDOWS\System32\ucrtbase.dll
0x00007ffa05c90000 - 0x00007ffa05f2a000 	C:\WINDOWS\WinSxS\amd64_microsoft.windows.common-controls_6595b64144ccf1df_6.0.19041.844_none_ca00b6081b84eb1d\COMCTL32.dll
0x00007ffa1f980000 - 0x00007ffa1f9b0000 	C:\WINDOWS\System32\IMM32.DLL
0x0000000057600000 - 0x00000000576d2000 	D:\android studio\jre\jre\bin\msvcr100.dll
0x0000000058090000 - 0x00000000588db000 	D:\android studio\jre\jre\bin\server\jvm.dll
0x00007ffa1fbc0000 - 0x00007ffa1fbc8000 	C:\WINDOWS\System32\PSAPI.DLL
0x00007ffa124c0000 - 0x00007ffa124e7000 	C:\WINDOWS\SYSTEM32\WINMM.dll
0x00007ffa139b0000 - 0x00007ffa139ba000 	C:\WINDOWS\SYSTEM32\VERSION.dll
0x00007ffa183b0000 - 0x00007ffa183b9000 	C:\WINDOWS\SYSTEM32\WSOCK32.dll
0x00007ffa1f700000 - 0x00007ffa1f76b000 	C:\WINDOWS\System32\WS2_32.dll
0x00007ffa18960000 - 0x00007ffa1896f000 	D:\android studio\jre\jre\bin\verify.dll
0x00007ffa160d0000 - 0x00007ffa160f9000 	D:\android studio\jre\jre\bin\java.dll
0x00007ffa15320000 - 0x00007ffa15336000 	D:\android studio\jre\jre\bin\zip.dll
0x00007ffa1ecc0000 - 0x00007ffa1f402000 	C:\WINDOWS\System32\SHELL32.dll
0x00007ffa1bb10000 - 0x00007ffa1c2a0000 	C:\WINDOWS\SYSTEM32\windows.storage.dll
0x00007ffa1fbd0000 - 0x00007ffa1ff25000 	C:\WINDOWS\System32\combase.dll
0x00007ffa1d400000 - 0x00007ffa1d42c000 	C:\WINDOWS\SYSTEM32\Wldp.dll
0x00007ffa1f4a0000 - 0x00007ffa1f54e000 	C:\WINDOWS\System32\SHCORE.dll
0x00007ffa1ec30000 - 0x00007ffa1ec85000 	C:\WINDOWS\System32\shlwapi.dll
0x00007ffa1d8d0000 - 0x00007ffa1d8ef000 	C:\WINDOWS\SYSTEM32\profapi.dll
0x00007ffa125e0000 - 0x00007ffa125fa000 	D:\android studio\jre\jre\bin\net.dll
0x00007ffa1d180000 - 0x00007ffa1d1ea000 	C:\WINDOWS\system32\mswsock.dll
0x00007ffa108e0000 - 0x00007ffa108f3000 	D:\android studio\jre\jre\bin\nio.dll
0x00007ffa16850000 - 0x00007ffa16877000 	C:\Users\win10\.gradle\native\f6784746aeab05261644944871eae4fe03e0ef1612fff0a4a95f87b438bc6780\windows-amd64\native-platform.dll
0x00007ffa17460000 - 0x00007ffa1746d000 	D:\android studio\jre\jre\bin\management.dll
0x00007ffa1d350000 - 0x00007ffa1d368000 	C:\WINDOWS\SYSTEM32\CRYPTSP.dll
0x00007ffa1cab0000 - 0x00007ffa1cae4000 	C:\WINDOWS\system32\rsaenh.dll
0x00007ffa1df40000 - 0x00007ffa1df67000 	C:\WINDOWS\System32\bcrypt.dll
0x00007ffa1d890000 - 0x00007ffa1d8be000 	C:\WINDOWS\SYSTEM32\USERENV.dll
0x00007ffa1da40000 - 0x00007ffa1dac0000 	C:\WINDOWS\System32\bcryptprimitives.dll
0x00007ffa1d370000 - 0x00007ffa1d37c000 	C:\WINDOWS\SYSTEM32\CRYPTBASE.dll
0x00007ffa1ce20000 - 0x00007ffa1ce5b000 	C:\WINDOWS\SYSTEM32\IPHLPAPI.DLL
0x00007ffa1f9b0000 - 0x00007ffa1f9b8000 	C:\WINDOWS\System32\NSI.dll
0x00007ffa166d0000 - 0x00007ffa166e7000 	C:\WINDOWS\SYSTEM32\dhcpcsvc6.DLL
0x00007ffa16720000 - 0x00007ffa1673d000 	C:\WINDOWS\SYSTEM32\dhcpcsvc.DLL
0x00007ffa1ce60000 - 0x00007ffa1cf2b000 	C:\WINDOWS\SYSTEM32\DNSAPI.dll
0x00007ffa17210000 - 0x00007ffa1721b000 	C:\WINDOWS\SYSTEM32\WINNSI.DLL

VM Arguments:
jvm_args: -Xmx2048m -Dfile.encoding=UTF-8 -Duser.country=KR -Duser.language=ko -Duser.variant 
java_command: org.gradle.launcher.daemon.bootstrap.GradleDaemon 6.5
java_class_path (initial): C:\Users\win10\.gradle\wrapper\dists\gradle-6.5-bin\6nifqtx7604sqp1q6g8wikw7p\gradle-6.5\lib\gradle-launcher-6.5.jar
Launcher Type: SUN_STANDARD

Environment Variables:
PATH=C:\ProgramData\Anaconda3;C:\ProgramData\Anaconda3\Library\mingw-w64\bin;C:\ProgramData\Anaconda3\Library\usr\bin;C:\ProgramData\Anaconda3\Library\bin;C:\ProgramData\Anaconda3\Scripts;C:\Program Files (x86)\Common Files\Oracle\Java\javapath;C:\ProgramData\Oracle\Java\javapath;C:\Program Files (x86)\NAT Service;C:\Program Files (x86)\Intel\Intel(R) Management Engine Components\iCLS\;C:\Program Files\Intel\Intel(R) Management Engine Components\iCLS\;C:\WINDOWS\system32;C:\WINDOWS;C:\WINDOWS\System32\Wbem;C:\WINDOWS\System32\WindowsPowerShell\v1.0\;C:\Program Files (x86)\Intel\Intel(R) Management Engine Components\DAL;C:\Program Files\Intel\Intel(R) Management Engine Components\DAL;C:\Program Files (x86)\Intel\Intel(R) Management Engine Components\IPT;C:\Program Files\Intel\Intel(R) Management Engine Components\IPT;C:\WINDOWS\System32\OpenSSH\;C:\Program Files\PuTTY\;D:\;C:\Program Files\Git\cmd;C:\Program Files\MySQL\MySQL Shell 8.0\bin\;C:\Users\win10\AppData\Local\Programs\Python\Python38-32\Scripts\;C:\Users\win10\AppData\Local\Programs\Python\Python38-32\;C:\Users\win10\AppData\Local\Microsoft\WindowsApps;C:\Users\win10\AppData\Roaming\npm;C:\Users\win10\AppData\Local\atom\bin
USERNAME=win10
OS=Windows_NT
PROCESSOR_IDENTIFIER=Intel64 Family 6 Model 158 Stepping 10, GenuineIntel



---------------  S Y S T E M  ---------------

OS: Windows 10.0 , 64 bit Build 19041 (10.0.19041.804)

CPU:total 12 (initial active 12) (6 cores per cpu, 2 threads per core) family 6 model 158 stepping 10, cmov, cx8, fxsr, mmx, sse, sse2, sse3, ssse3, sse4.1, sse4.2, popcnt, avx, avx2, aes, clmul, erms, rtm, 3dnowpref, lzcnt, ht, tsc, tscinvbit, bmi1, bmi2, adx

Memory: 4k page, physical 16688920k(3526828k free), swap 47882624k(7788k free)

vm_info: OpenJDK 64-Bit Server VM (25.242-b01) for windows-amd64 JRE (1.8.0_242-release-1644-b01), built by "builder" with MS VC++ 10.0 (VS2010)

time: Wed Apr 14 23:56:14 2021
timezone: 대한민국 표준시
elapsed time: 14 seconds (0d 0h 0m 14s)

