#
# There is insufficient memory for the Java Runtime Environment to continue.
# Native memory allocation (malloc) failed to allocate 2106096 bytes for Chunk::new
# Possible reasons:
#   The system is out of physical RAM or swap space
#   The process is running with CompressedOops enabled, and the Java Heap may be blocking the growth of the native heap
# Possible solutions:
#   Reduce memory load on the system
#   Increase physical memory or swap space
#   Check if swap backing store is full
#   Decrease Java heap size (-Xmx/-Xms)
#   Decrease number of Java threads
#   Decrease Java thread stack sizes (-Xss)
#   Set larger code cache with -XX:ReservedCodeCacheSize=
#   JVM is running with Unscaled Compressed Oops mode in which the Java heap is
#     placed in the first 4GB address space. The Java Heap base address is the
#     maximum limit for the native heap growth. Please use -XX:HeapBaseMinAddress
#     to set the Java Heap base and to place the Java Heap above 4GB virtual address.
# This output file may be truncated or incomplete.
#
#  Out of Memory Error (allocation.cpp:389), pid=22376, tid=0x0000000000000edc
#
# JRE version: OpenJDK Runtime Environment (8.0_242-b01) (build 1.8.0_242-release-1644-b01)
# Java VM: OpenJDK 64-Bit Server VM (25.242-b01 mixed mode windows-amd64 compressed oops)
# Failed to write core dump. Minidumps are not enabled by default on client versions of Windows
#

---------------  T H R E A D  ---------------

Current thread (0x00000000197ee000):  JavaThread "C2 CompilerThread2" daemon [_thread_in_native, id=3804, stack(0x000000001afc0000,0x000000001b0c0000)]

Stack: [0x000000001afc0000,0x000000001b0c0000]
[error occurred during error reporting (printing stack bounds), id 0xc0000005]

Native frames: (J=compiled Java code, j=interpreted, Vv=VM code, C=native code)


Current CompileTask:
C2:  11412 5469       4       groovy.lang.MetaClassImpl::inheritInterfaceNewMetaMethods (199 bytes)


---------------  P R O C E S S  ---------------

Java Threads: ( => current thread )
  0x0000000022b94800 JavaThread "Cache worker for execution history cache (D:\MyApplication\.gradle\6.5\executionHistory)" [_thread_blocked, id=24964, stack(0x000000002ec90000,0x000000002ed90000)]
  0x0000000022b93800 JavaThread "Execution worker for ':' Thread 11" [_thread_blocked, id=2748, stack(0x000000002eb90000,0x000000002ec90000)]
  0x0000000022b92000 JavaThread "Execution worker for ':' Thread 10" [_thread_blocked, id=13536, stack(0x000000002ea90000,0x000000002eb90000)]
  0x0000000022b90800 JavaThread "Execution worker for ':' Thread 9" [_thread_blocked, id=8252, stack(0x000000002e990000,0x000000002ea90000)]
  0x0000000022b93000 JavaThread "Execution worker for ':' Thread 8" [_thread_blocked, id=19120, stack(0x000000002e890000,0x000000002e990000)]
  0x0000000022b90000 JavaThread "Execution worker for ':' Thread 7" [_thread_blocked, id=7112, stack(0x000000002e790000,0x000000002e890000)]
  0x0000000022b8a800 JavaThread "Execution worker for ':' Thread 6" [_thread_blocked, id=2936, stack(0x000000002e690000,0x000000002e790000)]
  0x0000000022b8c000 JavaThread "Execution worker for ':' Thread 5" [_thread_blocked, id=20628, stack(0x000000002e590000,0x000000002e690000)]
  0x0000000022b8e800 JavaThread "Execution worker for ':' Thread 4" [_thread_blocked, id=22868, stack(0x000000002e490000,0x000000002e590000)]
  0x0000000022b8f000 JavaThread "Execution worker for ':' Thread 3" [_thread_blocked, id=6884, stack(0x000000002e390000,0x000000002e490000)]
  0x0000000022b91800 JavaThread "Execution worker for ':' Thread 2" [_thread_blocked, id=21608, stack(0x000000002e290000,0x000000002e390000)]
  0x0000000022b8b800 JavaThread "Execution worker for ':'" [_thread_blocked, id=9228, stack(0x000000002e190000,0x000000002e290000)]
  0x0000000022b88800 JavaThread "Cache worker for file content cache (D:\MyApplication\.gradle\6.5\fileContent)" [_thread_blocked, id=11172, stack(0x000000002cb70000,0x000000002cc70000)]
  0x0000000022b89000 JavaThread "Memory manager" [_thread_blocked, id=3924, stack(0x000000002ca70000,0x000000002cb70000)]
  0x0000000022b8d800 JavaThread "Cache worker for Build Output Cleanup Cache (D:\MyApplication\.gradle\buildOutputCleanup)" [_thread_blocked, id=22296, stack(0x000000002bb70000,0x000000002bc70000)]
  0x0000000022b87000 JavaThread "jar transforms Thread 94" [_thread_blocked, id=13884, stack(0x000000002b670000,0x000000002b770000)]
  0x0000000022b8a000 JavaThread "jar transforms Thread 93" [_thread_blocked, id=20840, stack(0x000000002b570000,0x000000002b670000)]
  0x0000000022b87800 JavaThread "jar transforms Thread 92" [_thread_blocked, id=25432, stack(0x000000002b470000,0x000000002b570000)]
  0x000000001d71e000 JavaThread "jar transforms Thread 91" [_thread_blocked, id=25108, stack(0x000000002b370000,0x000000002b470000)]
  0x000000001d720000 JavaThread "jar transforms Thread 90" [_thread_blocked, id=16860, stack(0x00000000297a0000,0x00000000298a0000)]
  0x000000001d71d000 JavaThread "jar transforms Thread 89" [_thread_blocked, id=17908, stack(0x0000000027050000,0x0000000027150000)]
  0x000000001d724000 JavaThread "jar transforms Thread 88" [_thread_blocked, id=23124, stack(0x000000002b270000,0x000000002b370000)]
  0x000000001d71c800 JavaThread "jar transforms Thread 87" [_thread_blocked, id=21464, stack(0x000000002b170000,0x000000002b270000)]
  0x000000001d721800 JavaThread "jar transforms Thread 86" [_thread_blocked, id=18784, stack(0x000000002b070000,0x000000002b170000)]
  0x000000001d723000 JavaThread "jar transforms Thread 85" [_thread_blocked, id=21784, stack(0x000000002af70000,0x000000002b070000)]
  0x000000001d722800 JavaThread "jar transforms Thread 84" [_thread_blocked, id=21456, stack(0x000000002ae70000,0x000000002af70000)]
  0x000000001d721000 JavaThread "jar transforms Thread 83" [_thread_blocked, id=24452, stack(0x000000002ad70000,0x000000002ae70000)]
  0x000000001d719800 JavaThread "jar transforms Thread 82" [_thread_blocked, id=5828, stack(0x000000002ac70000,0x000000002ad70000)]
  0x000000001d718800 JavaThread "jar transforms Thread 81" [_thread_blocked, id=2788, stack(0x000000002ab70000,0x000000002ac70000)]
  0x000000001d71b800 JavaThread "jar transforms Thread 80" [_thread_blocked, id=25280, stack(0x000000002aa70000,0x000000002ab70000)]
  0x000000001d71e800 JavaThread "jar transforms Thread 79" [_thread_blocked, id=22100, stack(0x000000002a970000,0x000000002aa70000)]
  0x000000001d71f800 JavaThread "jar transforms Thread 78" [_thread_blocked, id=25164, stack(0x000000002a870000,0x000000002a970000)]
  0x000000001d715000 JavaThread "jar transforms Thread 77" [_thread_blocked, id=22588, stack(0x000000002a770000,0x000000002a870000)]
  0x000000001d71b000 JavaThread "jar transforms Thread 76" [_thread_blocked, id=19132, stack(0x000000002a670000,0x000000002a770000)]
  0x000000001d716800 JavaThread "jar transforms Thread 75" [_thread_blocked, id=5100, stack(0x000000002a570000,0x000000002a670000)]
  0x000000001d718000 JavaThread "jar transforms Thread 74" [_thread_blocked, id=5716, stack(0x000000002a470000,0x000000002a570000)]
  0x000000001d715800 JavaThread "jar transforms Thread 73" [_thread_blocked, id=20944, stack(0x000000002a370000,0x000000002a470000)]
  0x000000001d717000 JavaThread "jar transforms Thread 72" [_thread_blocked, id=24528, stack(0x000000002a270000,0x000000002a370000)]
  0x000000001d71a000 JavaThread "jar transforms Thread 71" [_thread_blocked, id=15184, stack(0x000000002a170000,0x000000002a270000)]
  0x00000000206ed800 JavaThread "jar transforms Thread 70" [_thread_blocked, id=9108, stack(0x000000002a070000,0x000000002a170000)]
  0x00000000206e9000 JavaThread "jar transforms Thread 69" [_thread_blocked, id=25044, stack(0x0000000029f70000,0x000000002a070000)]
  0x00000000206ed000 JavaThread "jar transforms Thread 68" [_thread_blocked, id=19812, stack(0x0000000029e70000,0x0000000029f70000)]
  0x00000000206ee800 JavaThread "jar transforms Thread 67" [_thread_blocked, id=1864, stack(0x0000000029d70000,0x0000000029e70000)]
  0x00000000206e7000 JavaThread "jar transforms Thread 66" [_thread_blocked, id=23440, stack(0x0000000029c70000,0x0000000029d70000)]
  0x00000000206ec000 JavaThread "jar transforms Thread 65" [_thread_blocked, id=8716, stack(0x0000000029b70000,0x0000000029c70000)]
  0x00000000206ea800 JavaThread "jar transforms Thread 64" [_thread_blocked, id=22700, stack(0x0000000029a70000,0x0000000029b70000)]
  0x00000000206ea000 JavaThread "jar transforms Thread 63" [_thread_blocked, id=19084, stack(0x0000000029970000,0x0000000029a70000)]
  0x00000000206e8800 JavaThread "jar transforms Thread 62" [_thread_blocked, id=20900, stack(0x0000000025970000,0x0000000025a70000)]
  0x00000000206e7800 JavaThread "jar transforms Thread 61" [_thread_blocked, id=8672, stack(0x00000000296a0000,0x00000000297a0000)]
  0x00000000206eb800 JavaThread "jar transforms Thread 60" [_thread_blocked, id=556, stack(0x00000000295a0000,0x00000000296a0000)]
  0x00000000206df000 JavaThread "jar transforms Thread 59" [_thread_blocked, id=23636, stack(0x00000000294a0000,0x00000000295a0000)]
  0x00000000206e6000 JavaThread "jar transforms Thread 58" [_thread_blocked, id=15116, stack(0x00000000293a0000,0x00000000294a0000)]
  0x00000000206e5800 JavaThread "jar transforms Thread 57" [_thread_blocked, id=1612, stack(0x00000000292a0000,0x00000000293a0000)]
  0x00000000206e4000 JavaThread "jar transforms Thread 56" [_thread_blocked, id=4916, stack(0x00000000291a0000,0x00000000292a0000)]
  0x00000000206e1800 JavaThread "jar transforms Thread 55" [_thread_blocked, id=15484, stack(0x00000000290a0000,0x00000000291a0000)]
  0x00000000206e0800 JavaThread "jar transforms Thread 54" [_thread_blocked, id=5680, stack(0x0000000028fa0000,0x00000000290a0000)]
  0x00000000206e3000 JavaThread "jar transforms Thread 53" [_thread_blocked, id=14068, stack(0x0000000028ea0000,0x0000000028fa0000)]
  0x00000000206e2800 JavaThread "jar transforms Thread 52" [_thread_blocked, id=17680, stack(0x0000000028da0000,0x0000000028ea0000)]
  0x00000000206e0000 JavaThread "jar transforms Thread 51" [_thread_blocked, id=20056, stack(0x0000000028ca0000,0x0000000028da0000)]
  0x00000000206e4800 JavaThread "jar transforms Thread 50" [_thread_blocked, id=18736, stack(0x0000000028ba0000,0x0000000028ca0000)]
  0x000000001d736000 JavaThread "jar transforms Thread 49" [_thread_blocked, id=24904, stack(0x0000000028aa0000,0x0000000028ba0000)]
  0x000000001d735800 JavaThread "jar transforms Thread 48" [_thread_blocked, id=14100, stack(0x00000000289a0000,0x0000000028aa0000)]
  0x000000001d733000 JavaThread "jar transforms Thread 47" [_thread_blocked, id=1892, stack(0x00000000288a0000,0x00000000289a0000)]
  0x000000001d732800 JavaThread "jar transforms Thread 46" [_thread_blocked, id=7460, stack(0x00000000287a0000,0x00000000288a0000)]
  0x000000001d734800 JavaThread "jar transforms Thread 45" [_thread_blocked, id=6248, stack(0x00000000286a0000,0x00000000287a0000)]
  0x000000001d731000 JavaThread "jar transforms Thread 44" [_thread_blocked, id=4868, stack(0x00000000285a0000,0x00000000286a0000)]
  0x000000001d730000 JavaThread "jar transforms Thread 43" [_thread_blocked, id=17124, stack(0x00000000284a0000,0x00000000285a0000)]
  0x000000001d734000 JavaThread "jar transforms Thread 42" [_thread_blocked, id=6488, stack(0x00000000283a0000,0x00000000284a0000)]
  0x000000001d731800 JavaThread "jar transforms Thread 41" [_thread_blocked, id=5824, stack(0x00000000282a0000,0x00000000283a0000)]
  0x000000001d728800 JavaThread "jar transforms Thread 40" [_thread_blocked, id=14028, stack(0x00000000281a0000,0x00000000282a0000)]
  0x000000001d72f800 JavaThread "jar transforms Thread 39" [_thread_blocked, id=2268, stack(0x00000000280a0000,0x00000000281a0000)]
  0x000000001d728000 JavaThread "jar transforms Thread 38" [_thread_blocked, id=2224, stack(0x0000000027fa0000,0x00000000280a0000)]
  0x000000001d72e800 JavaThread "jar transforms Thread 37" [_thread_blocked, id=2184, stack(0x0000000027ea0000,0x0000000027fa0000)]
  0x000000001d727000 JavaThread "jar transforms Thread 36" [_thread_blocked, id=8624, stack(0x0000000027da0000,0x0000000027ea0000)]
  0x000000001d72b800 JavaThread "jar transforms Thread 35" [_thread_blocked, id=22324, stack(0x0000000027ca0000,0x0000000027da0000)]
  0x000000001d72d000 JavaThread "jar transforms Thread 34" [_thread_blocked, id=25176, stack(0x0000000027ba0000,0x0000000027ca0000)]
  0x000000001d72b000 JavaThread "jar transforms Thread 33" [_thread_blocked, id=13212, stack(0x0000000027aa0000,0x0000000027ba0000)]
  0x000000001d72a000 JavaThread "jar transforms Thread 32" [_thread_blocked, id=17372, stack(0x00000000279a0000,0x0000000027aa0000)]
  0x000000001d729800 JavaThread "jar transforms Thread 31" [_thread_blocked, id=24708, stack(0x00000000278a0000,0x00000000279a0000)]
  0x000000001d72e000 JavaThread "jar transforms Thread 30" [_thread_blocked, id=18284, stack(0x00000000277a0000,0x00000000278a0000)]
  0x000000001d72c800 JavaThread "jar transforms Thread 29" [_thread_blocked, id=23936, stack(0x00000000276a0000,0x00000000277a0000)]
  0x000000001d968000 JavaThread "jar transforms Thread 28" [_thread_blocked, id=6716, stack(0x00000000275a0000,0x00000000276a0000)]
  0x000000001d963800 JavaThread "jar transforms Thread 27" [_thread_blocked, id=17076, stack(0x00000000274a0000,0x00000000275a0000)]
  0x000000001d966800 JavaThread "jar transforms Thread 26" [_thread_blocked, id=1452, stack(0x00000000273a0000,0x00000000274a0000)]
  0x000000001d968800 JavaThread "jar transforms Thread 25" [_thread_blocked, id=1064, stack(0x00000000272a0000,0x00000000273a0000)]
  0x000000001d969800 JavaThread "jar transforms Thread 24" [_thread_blocked, id=15296, stack(0x00000000271a0000,0x00000000272a0000)]
  0x000000001d965800 JavaThread "jar transforms Thread 23" [_thread_blocked, id=9880, stack(0x0000000025870000,0x0000000025970000)]
  0x000000001d967000 JavaThread "jar transforms Thread 22" [_thread_blocked, id=22008, stack(0x0000000026f50000,0x0000000027050000)]
  0x000000001d96a000 JavaThread "jar transforms Thread 21" [_thread_blocked, id=2320, stack(0x0000000026e50000,0x0000000026f50000)]
  0x000000001d962800 JavaThread "jar transforms Thread 20" [_thread_blocked, id=24036, stack(0x0000000026d50000,0x0000000026e50000)]
  0x000000001d964000 JavaThread "jar transforms Thread 19" [_thread_blocked, id=9436, stack(0x0000000026c50000,0x0000000026d50000)]
  0x000000001d965000 JavaThread "jar transforms Thread 18" [_thread_blocked, id=13596, stack(0x0000000026b50000,0x0000000026c50000)]
  0x000000001d95b000 JavaThread "jar transforms Thread 17" [_thread_blocked, id=16296, stack(0x0000000026a50000,0x0000000026b50000)]
  0x000000001d962000 JavaThread "jar transforms Thread 16" [_thread_blocked, id=16072, stack(0x0000000026950000,0x0000000026a50000)]
  0x000000001d961000 JavaThread "jar transforms Thread 15" [_thread_blocked, id=25328, stack(0x0000000026850000,0x0000000026950000)]
  0x000000001d960800 JavaThread "jar transforms Thread 14" [_thread_blocked, id=4732, stack(0x0000000026750000,0x0000000026850000)]
  0x000000001d95f000 JavaThread "jar transforms Thread 13" [_thread_blocked, id=3216, stack(0x0000000026650000,0x0000000026750000)]
  0x000000001d95c800 JavaThread "jar transforms Thread 12" [_thread_blocked, id=6608, stack(0x0000000026550000,0x0000000026650000)]
  0x000000001d95e000 JavaThread "jar transforms Thread 11" [_thread_blocked, id=19196, stack(0x0000000026450000,0x0000000026550000)]
  0x000000001d95c000 JavaThread "jar transforms Thread 10" [_thread_blocked, id=2500, stack(0x0000000026350000,0x0000000026450000)]
  0x000000001d95f800 JavaThread "jar transforms Thread 9" [_thread_blocked, id=12704, stack(0x0000000026250000,0x0000000026350000)]
  0x000000001d95d800 JavaThread "jar transforms Thread 8" [_thread_blocked, id=21516, stack(0x0000000026150000,0x0000000026250000)]
  0x000000001f6a8800 JavaThread "jar transforms Thread 7" [_thread_blocked, id=24580, stack(0x0000000026050000,0x0000000026150000)]
  0x000000001f6a7800 JavaThread "jar transforms Thread 6" [_thread_blocked, id=20676, stack(0x0000000025f50000,0x0000000026050000)]
  0x000000001f6a7000 JavaThread "jar transforms Thread 5" [_thread_blocked, id=19968, stack(0x0000000025e50000,0x0000000025f50000)]
  0x000000001f6a6000 JavaThread "jar transforms Thread 4" [_thread_blocked, id=3860, stack(0x0000000025d50000,0x0000000025e50000)]
  0x000000001f6a4800 JavaThread "jar transforms Thread 3" [_thread_blocked, id=20176, stack(0x0000000025c50000,0x0000000025d50000)]
  0x000000001f6a5800 JavaThread "jar transforms Thread 2" [_thread_blocked, id=16568, stack(0x0000000025b50000,0x0000000025c50000)]
  0x000000001f69d000 JavaThread "Build operations Thread 12" [_thread_blocked, id=14616, stack(0x0000000025770000,0x0000000025870000)]
  0x000000001f6a4000 JavaThread "Build operations Thread 11" [_thread_blocked, id=17304, stack(0x0000000025670000,0x0000000025770000)]
  0x000000001f69c800 JavaThread "Build operations Thread 10" [_thread_blocked, id=11244, stack(0x0000000025570000,0x0000000025670000)]
  0x000000001f6a3000 JavaThread "Build operations Thread 9" [_thread_blocked, id=6308, stack(0x0000000025470000,0x0000000025570000)]
  0x000000001f69b800 JavaThread "Build operations Thread 8" [_thread_blocked, id=22360, stack(0x0000000025370000,0x0000000025470000)]
  0x000000001f6a2800 JavaThread "Build operations Thread 7" [_thread_blocked, id=2688, stack(0x0000000025270000,0x0000000025370000)]
  0x000000001f6a1800 JavaThread "Build operations Thread 6" [_thread_blocked, id=24920, stack(0x0000000025170000,0x0000000025270000)]
  0x000000001f6a1000 JavaThread "Build operations Thread 5" [_thread_blocked, id=7580, stack(0x0000000025070000,0x0000000025170000)]
  0x000000001f699800 JavaThread "Build operations Thread 4" [_thread_blocked, id=23788, stack(0x0000000024f70000,0x0000000025070000)]
  0x000000001f6a0000 JavaThread "Build operations Thread 3" [_thread_blocked, id=14920, stack(0x0000000024e70000,0x0000000024f70000)]
  0x000000001f69e800 JavaThread "Build operations Thread 2" [_thread_blocked, id=20700, stack(0x0000000024d70000,0x0000000024e70000)]
  0x000000001f69a000 JavaThread "Build operations" [_thread_blocked, id=19160, stack(0x0000000024c70000,0x0000000024d70000)]
  0x000000001d54a800 JavaThread "Cache worker for file content cache (C:\Users\win10\.gradle\caches\6.5\fileContent)" [_thread_blocked, id=12032, stack(0x00000000235a0000,0x00000000236a0000)]
  0x000000001d54a000 JavaThread "jar transforms" [_thread_blocked, id=7720, stack(0x00000000234a0000,0x00000000235a0000)]
  0x000000001d549000 JavaThread "Cache worker for execution history cache (C:\Users\win10\.gradle\caches\6.5\executionHistory)" [_thread_blocked, id=14816, stack(0x0000000022da0000,0x0000000022ea0000)]
  0x000000001d548800 JavaThread "Cache worker for cache directory md-rule (C:\Users\win10\.gradle\caches\6.5\md-rule)" [_thread_blocked, id=3268, stack(0x0000000022ca0000,0x0000000022da0000)]
  0x000000001d54e800 JavaThread "Cache worker for cache directory md-supplier (C:\Users\win10\.gradle\caches\6.5\md-supplier)" [_thread_blocked, id=2300, stack(0x0000000021af0000,0x0000000021bf0000)]
  0x000000001d54c000 JavaThread "Cache worker for checksums cache (D:\MyApplication\.gradle\checksums)" [_thread_blocked, id=12968, stack(0x0000000021730000,0x0000000021830000)]
  0x000000001d54d800 JavaThread "Cache worker for file hash cache (D:\MyApplication\.gradle\6.5\fileHashes)" [_thread_in_native, id=19940, stack(0x000000001f260000,0x000000001f360000)]
  0x000000001d54d000 JavaThread "Cache worker for file hash cache (C:\Users\win10\.gradle\caches\6.5\fileHashes)" [_thread_blocked, id=15940, stack(0x000000001f160000,0x000000001f260000)]
  0x000000001d54f000 JavaThread "File lock request listener" [_thread_in_native, id=1052, stack(0x000000001f060000,0x000000001f160000)]
  0x000000001993d000 JavaThread "Cache worker for journal cache (C:\Users\win10\.gradle\caches\journal-1)" [_thread_blocked, id=24692, stack(0x000000001ef60000,0x000000001f060000)]
  0x000000001d197800 JavaThread "Thread-9" [_thread_blocked, id=5524, stack(0x000000001ec60000,0x000000001ed60000)]
  0x000000001d197000 JavaThread "Stdin handler" [_thread_blocked, id=9024, stack(0x000000001eb60000,0x000000001ec60000)]
  0x000000001d171800 JavaThread "Asynchronous log dispatcher for DefaultDaemonConnection: socket connection from /127.0.0.1:49954 to /127.0.0.1:49955" [_thread_blocked, id=4684, stack(0x000000001ea60000,0x000000001eb60000)]
  0x000000001d170000 JavaThread "Daemon worker" [_thread_blocked, id=13784, stack(0x000000001e960000,0x000000001ea60000)]
  0x000000001d16f800 JavaThread "Cancel handler" [_thread_blocked, id=6588, stack(0x000000001e860000,0x000000001e960000)]
  0x000000001d150800 JavaThread "Handler for socket connection from /127.0.0.1:49954 to /127.0.0.1:49955" [_thread_in_native, id=9592, stack(0x000000001e760000,0x000000001e860000)]
  0x000000001d149800 JavaThread "Daemon" [_thread_blocked, id=23052, stack(0x000000001e560000,0x000000001e660000)]
  0x000000001d136000 JavaThread "Daemon periodic checks" [_thread_blocked, id=18900, stack(0x000000001e260000,0x000000001e360000)]
  0x000000001d0ad000 JavaThread "Incoming local TCP Connector on port 49954" [_thread_in_native, id=15860, stack(0x000000001e080000,0x000000001e180000)]
  0x000000001d02c000 JavaThread "Daemon health stats" [_thread_blocked, id=12788, stack(0x000000001dd60000,0x000000001de60000)]
  0x000000001985f000 JavaThread "Service Thread" daemon [_thread_blocked, id=1240, stack(0x000000001b1c0000,0x000000001b2c0000)]
  0x0000000019852000 JavaThread "C1 CompilerThread3" daemon [_thread_blocked, id=21208, stack(0x000000001b0c0000,0x000000001b1c0000)]
=>0x00000000197ee000 JavaThread "C2 CompilerThread2" daemon [_thread_in_native, id=3804, stack(0x000000001afc0000,0x000000001b0c0000)]
  0x00000000197ed800 JavaThread "C2 CompilerThread1" daemon [_thread_blocked, id=17784, stack(0x000000001aec0000,0x000000001afc0000)]
  0x00000000197e9000 JavaThread "C2 CompilerThread0" daemon [_thread_blocked, id=25400, stack(0x000000001adc0000,0x000000001aec0000)]
  0x0000000019845000 JavaThread "Attach Listener" daemon [_thread_blocked, id=17316, stack(0x000000001acc0000,0x000000001adc0000)]
  0x0000000019844000 JavaThread "Signal Dispatcher" daemon [_thread_blocked, id=10084, stack(0x000000001abc0000,0x000000001acc0000)]
  0x0000000002e69000 JavaThread "Finalizer" daemon [_thread_blocked, id=6356, stack(0x000000001aa30000,0x000000001ab30000)]
  0x00000000197d3000 JavaThread "Reference Handler" daemon [_thread_blocked, id=21096, stack(0x000000001a930000,0x000000001aa30000)]
  0x0000000002bfe000 JavaThread "main" [_thread_blocked, id=2816, stack(0x0000000002c70000,0x0000000002d70000)]

Other Threads:
  0x00000000180d4800 VMThread [stack: 0x000000001a830000,0x000000001a930000] [id=1952]
  0x0000000019861800 WatcherThread [stack: 0x000000001b2c0000,0x000000001b3c0000] [id=15948]

VM state:not at safepoint (normal execution)

VM Mutex/Monitor currently owned by a thread: None

heap address: 0x0000000080000000, size: 2048 MB, Compressed Oops mode: 32-bit
Narrow klass base: 0x0000000000000000, Narrow klass shift: 3
Compressed class space size: 1073741824 Address: 0x0000000100000000

Heap:
 PSYoungGen      total 358912K, used 92021K [0x00000000d5580000, 0x00000000ed280000, 0x0000000100000000)
  eden space 339968K, 27% used [0x00000000d5580000,0x00000000daf5d6b0,0x00000000ea180000)
  from space 18944K, 0% used [0x00000000ebe00000,0x00000000ebe00000,0x00000000ed080000)
  to   space 25088K, 0% used [0x00000000ea180000,0x00000000ea180000,0x00000000eba00000)
 ParOldGen       total 197632K, used 39212K [0x0000000080000000, 0x000000008c100000, 0x00000000d5580000)
  object space 197632K, 19% used [0x0000000080000000,0x000000008264b3d0,0x000000008c100000)
 Metaspace       used 62297K, capacity 65016K, committed 65240K, reserved 1105920K
  class space    used 8655K, capacity 9203K, committed 9216K, reserved 1048576K

Card table byte_map: [0x0000000012230000,0x0000000012640000] byte_map_base: 0x0000000011e30000

Marking Bits: (ParMarkBitMap*) 0x000000005885f030
 Begin Bits: [0x00000000132f0000, 0x00000000152f0000)
 End Bits:   [0x00000000152f0000, 0x00000000172f0000)

Polling page: 0x0000000001000000

CodeCache: size=245760Kb used=18219Kb max_used=18972Kb free=227540Kb
 bounds [0x0000000002e70000, 0x0000000004120000, 0x0000000011e70000]
 total_blobs=6076 nmethods=5292 adapters=697
 compilation: enabled

Compilation events (10 events):
Event: 11.345 Thread 0x0000000019852000 nmethod 5929 0x0000000003257250 code [0x00000000032573c0, 0x00000000032576e8]
Event: 11.349 Thread 0x00000000197ed800 nmethod 5919 0x0000000003505d50 code [0x0000000003505ee0, 0x0000000003506a90]
Event: 11.352 Thread 0x00000000197e9000 5930       4       java.util.Arrays::binarySearch0 (95 bytes)
Event: 11.353 Thread 0x00000000197e9000 nmethod 5930 0x00000000030e5b90 code [0x00000000030e5ce0, 0x00000000030e5e58]
Event: 11.356 Thread 0x0000000019852000 5931       3       com.sun.org.apache.xerces.internal.xni.XMLString::<init> (5 bytes)
Event: 11.356 Thread 0x0000000019852000 nmethod 5931 0x0000000003a60650 code [0x0000000003a607a0, 0x0000000003a60950]
Event: 11.357 Thread 0x0000000019852000 5932       3       com.sun.org.apache.xerces.internal.util.FeatureState::isExceptional (8 bytes)
Event: 11.357 Thread 0x0000000019852000 nmethod 5932 0x00000000030da7d0 code [0x00000000030da920, 0x00000000030dab10]
Event: 11.357 Thread 0x0000000019852000 5933       3       com.sun.org.apache.xerces.internal.util.PropertyState::isExceptional (8 bytes)
Event: 11.357 Thread 0x0000000019852000 nmethod 5933 0x0000000003153610 code [0x0000000003153760, 0x0000000003153950]

GC Heap History (10 events):
Event: 3.744 GC heap before
{Heap before GC invocations=7 (full 1):
 PSYoungGen      total 141824K, used 44383K [0x00000000d5580000, 0x00000000e5600000, 0x0000000100000000)
  eden space 131072K, 25% used [0x00000000d5580000,0x00000000d7659ba8,0x00000000dd580000)
  from space 10752K, 99% used [0x00000000dd580000,0x00000000ddffe188,0x00000000de000000)
  to   space 15872K, 0% used [0x00000000e4680000,0x00000000e4680000,0x00000000e5600000)
 ParOldGen       total 88064K, used 10404K [0x0000000080000000, 0x0000000085600000, 0x00000000d5580000)
  object space 88064K, 11% used [0x0000000080000000,0x0000000080a29190,0x0000000085600000)
 Metaspace       used 34214K, capacity 35392K, committed 35416K, reserved 1079296K
  class space    used 4710K, capacity 4973K, committed 4992K, reserved 1048576K
Event: 3.760 GC heap after
Heap after GC invocations=7 (full 1):
 PSYoungGen      total 247296K, used 8215K [0x00000000d5580000, 0x00000000e5a80000, 0x0000000100000000)
  eden space 231424K, 0% used [0x00000000d5580000,0x00000000d5580000,0x00000000e3780000)
  from space 15872K, 51% used [0x00000000e4680000,0x00000000e4e85c28,0x00000000e5600000)
  to   space 15360K, 0% used [0x00000000e3780000,0x00000000e3780000,0x00000000e4680000)
 ParOldGen       total 88064K, used 10412K [0x0000000080000000, 0x0000000085600000, 0x00000000d5580000)
  object space 88064K, 11% used [0x0000000080000000,0x0000000080a2b190,0x0000000085600000)
 Metaspace       used 34214K, capacity 35392K, committed 35416K, reserved 1079296K
  class space    used 4710K, capacity 4973K, committed 4992K, reserved 1048576K
}
Event: 3.760 GC heap before
{Heap before GC invocations=8 (full 2):
 PSYoungGen      total 247296K, used 8215K [0x00000000d5580000, 0x00000000e5a80000, 0x0000000100000000)
  eden space 231424K, 0% used [0x00000000d5580000,0x00000000d5580000,0x00000000e3780000)
  from space 15872K, 51% used [0x00000000e4680000,0x00000000e4e85c28,0x00000000e5600000)
  to   space 15360K, 0% used [0x00000000e3780000,0x00000000e3780000,0x00000000e4680000)
 ParOldGen       total 88064K, used 10412K [0x0000000080000000, 0x0000000085600000, 0x00000000d5580000)
  object space 88064K, 11% used [0x0000000080000000,0x0000000080a2b190,0x0000000085600000)
 Metaspace       used 34214K, capacity 35392K, committed 35416K, reserved 1079296K
  class space    used 4710K, capacity 4973K, committed 4992K, reserved 1048576K
Event: 3.813 GC heap after
Heap after GC invocations=8 (full 2):
 PSYoungGen      total 247296K, used 0K [0x00000000d5580000, 0x00000000e5a80000, 0x0000000100000000)
  eden space 231424K, 0% used [0x00000000d5580000,0x00000000d5580000,0x00000000e3780000)
  from space 15872K, 0% used [0x00000000e4680000,0x00000000e4680000,0x00000000e5600000)
  to   space 15360K, 0% used [0x00000000e3780000,0x00000000e3780000,0x00000000e4680000)
 ParOldGen       total 132096K, used 14765K [0x0000000080000000, 0x0000000088100000, 0x00000000d5580000)
  object space 132096K, 11% used [0x0000000080000000,0x0000000080e6b7d8,0x0000000088100000)
 Metaspace       used 34214K, capacity 35392K, committed 35416K, reserved 1079296K
  class space    used 4710K, capacity 4973K, committed 4992K, reserved 1048576K
}
Event: 7.557 GC heap before
{Heap before GC invocations=9 (full 2):
 PSYoungGen      total 247296K, used 231424K [0x00000000d5580000, 0x00000000e5a80000, 0x0000000100000000)
  eden space 231424K, 100% used [0x00000000d5580000,0x00000000e3780000,0x00000000e3780000)
  from space 15872K, 0% used [0x00000000e4680000,0x00000000e4680000,0x00000000e5600000)
  to   space 15360K, 0% used [0x00000000e3780000,0x00000000e3780000,0x00000000e4680000)
 ParOldGen       total 132096K, used 14765K [0x0000000080000000, 0x0000000088100000, 0x00000000d5580000)
  object space 132096K, 11% used [0x0000000080000000,0x0000000080e6b7d8,0x0000000088100000)
 Metaspace       used 46096K, capacity 47950K, committed 48088K, reserved 1091584K
  class space    used 6233K, capacity 6599K, committed 6656K, reserved 1048576K
Event: 7.591 GC heap after
Heap after GC invocations=9 (full 2):
 PSYoungGen      total 246784K, used 15343K [0x00000000d5580000, 0x00000000ed080000, 0x0000000100000000)
  eden space 231424K, 0% used [0x00000000d5580000,0x00000000d5580000,0x00000000e3780000)
  from space 15360K, 99% used [0x00000000e3780000,0x00000000e467bcf8,0x00000000e4680000)
  to   space 18944K, 0% used [0x00000000ebe00000,0x00000000ebe00000,0x00000000ed080000)
 ParOldGen       total 132096K, used 17466K [0x0000000080000000, 0x0000000088100000, 0x00000000d5580000)
  object space 132096K, 13% used [0x0000000080000000,0x000000008110ebf0,0x0000000088100000)
 Metaspace       used 46096K, capacity 47950K, committed 48088K, reserved 1091584K
  class space    used 6233K, capacity 6599K, committed 6656K, reserved 1048576K
}
Event: 9.872 GC heap before
{Heap before GC invocations=10 (full 2):
 PSYoungGen      total 246784K, used 182467K [0x00000000d5580000, 0x00000000ed080000, 0x0000000100000000)
  eden space 231424K, 72% used [0x00000000d5580000,0x00000000df8b5078,0x00000000e3780000)
  from space 15360K, 99% used [0x00000000e3780000,0x00000000e467bcf8,0x00000000e4680000)
  to   space 18944K, 0% used [0x00000000ebe00000,0x00000000ebe00000,0x00000000ed080000)
 ParOldGen       total 132096K, used 17466K [0x0000000080000000, 0x0000000088100000, 0x00000000d5580000)
  object space 132096K, 13% used [0x0000000080000000,0x000000008110ebf0,0x0000000088100000)
 Metaspace       used 56485K, capacity 58854K, committed 58968K, reserved 1099776K
  class space    used 7725K, capacity 8212K, committed 8320K, reserved 1048576K
Event: 9.897 GC heap after
Heap after GC invocations=10 (full 2):
 PSYoungGen      total 358912K, used 18924K [0x00000000d5580000, 0x00000000ed280000, 0x0000000100000000)
  eden space 339968K, 0% used [0x00000000d5580000,0x00000000d5580000,0x00000000ea180000)
  from space 18944K, 99% used [0x00000000ebe00000,0x00000000ed07b310,0x00000000ed080000)
  to   space 25088K, 0% used [0x00000000ea180000,0x00000000ea180000,0x00000000eba00000)
 ParOldGen       total 132096K, used 25712K [0x0000000080000000, 0x0000000088100000, 0x00000000d5580000)
  object space 132096K, 19% used [0x0000000080000000,0x000000008191c198,0x0000000088100000)
 Metaspace       used 56485K, capacity 58854K, committed 58968K, reserved 1099776K
  class space    used 7725K, capacity 8212K, committed 8320K, reserved 1048576K
}
Event: 9.897 GC heap before
{Heap before GC invocations=11 (full 3):
 PSYoungGen      total 358912K, used 18924K [0x00000000d5580000, 0x00000000ed280000, 0x0000000100000000)
  eden space 339968K, 0% used [0x00000000d5580000,0x00000000d5580000,0x00000000ea180000)
  from space 18944K, 99% used [0x00000000ebe00000,0x00000000ed07b310,0x00000000ed080000)
  to   space 25088K, 0% used [0x00000000ea180000,0x00000000ea180000,0x00000000eba00000)
 ParOldGen       total 132096K, used 25712K [0x0000000080000000, 0x0000000088100000, 0x00000000d5580000)
  object space 132096K, 19% used [0x0000000080000000,0x000000008191c198,0x0000000088100000)
 Metaspace       used 56485K, capacity 58854K, committed 58968K, reserved 1099776K
  class space    used 7725K, capacity 8212K, committed 8320K, reserved 1048576K
Event: 10.104 GC heap after
Heap after GC invocations=11 (full 3):
 PSYoungGen      total 358912K, used 0K [0x00000000d5580000, 0x00000000ed280000, 0x0000000100000000)
  eden space 339968K, 0% used [0x00000000d5580000,0x00000000d5580000,0x00000000ea180000)
  from space 18944K, 0% used [0x00000000ebe00000,0x00000000ebe00000,0x00000000ed080000)
  to   space 25088K, 0% used [0x00000000ea180000,0x00000000ea180000,0x00000000eba00000)
 ParOldGen       total 197632K, used 39212K [0x0000000080000000, 0x000000008c100000, 0x00000000d5580000)
  object space 197632K, 19% used [0x0000000080000000,0x000000008264b3d0,0x000000008c100000)
 Metaspace       used 56436K, capacity 58686K, committed 58968K, reserved 1099776K
  class space    used 7709K, capacity 8184K, committed 8320K, reserved 1048576K
}

Deoptimization events (10 events):
Event: 11.093 Thread 0x0000000022b8e800 Uncommon trap: reason=class_check action=maybe_recompile pc=0x0000000003dcaf94 method=java.util.Collections$SetFromMap.remove(Ljava/lang/Object;)Z @ 5
Event: 11.093 Thread 0x0000000022b8e800 Uncommon trap: reason=unstable_if action=reinterpret pc=0x00000000040da798 method=com.google.common.base.Objects.equal(Ljava/lang/Object;Ljava/lang/Object;)Z @ 14
Event: 11.099 Thread 0x0000000022b8e800 Uncommon trap: reason=class_check action=maybe_recompile pc=0x0000000003dcaf94 method=java.util.Collections$SetFromMap.remove(Ljava/lang/Object;)Z @ 5
Event: 11.099 Thread 0x0000000022b8e800 Uncommon trap: reason=class_check action=maybe_recompile pc=0x0000000003dcaf94 method=java.util.Collections$SetFromMap.remove(Ljava/lang/Object;)Z @ 5
Event: 11.334 Thread 0x0000000022b8e800 Uncommon trap: reason=class_check action=maybe_recompile pc=0x0000000003dcaf94 method=java.util.Collections$SetFromMap.remove(Ljava/lang/Object;)Z @ 5
Event: 11.351 Thread 0x0000000022b94800 Uncommon trap: reason=bimorphic action=maybe_recompile pc=0x0000000003b98260 method=java.util.Arrays.binarySearch0([Ljava/lang/Object;IILjava/lang/Object;Ljava/util/Comparator;)I @ 48
Event: 11.352 Thread 0x0000000022b94800 Uncommon trap: reason=bimorphic action=maybe_recompile pc=0x0000000003b98260 method=java.util.Arrays.binarySearch0([Ljava/lang/Object;IILjava/lang/Object;Ljava/util/Comparator;)I @ 48
Event: 11.352 Thread 0x0000000022b94800 Uncommon trap: reason=bimorphic action=maybe_recompile pc=0x0000000003b98260 method=java.util.Arrays.binarySearch0([Ljava/lang/Object;IILjava/lang/Object;Ljava/util/Comparator;)I @ 48
Event: 11.352 Thread 0x0000000022b94800 Uncommon trap: reason=bimorphic action=maybe_recompile pc=0x0000000003b98260 method=java.util.Arrays.binarySearch0([Ljava/lang/Object;IILjava/lang/Object;Ljava/util/Comparator;)I @ 48
Event: 11.352 Thread 0x0000000022b94800 Uncommon trap: reason=bimorphic action=maybe_recompile pc=0x0000000003baccdc method=java.util.Arrays.binarySearch0([Ljava/lang/Object;IILjava/lang/Object;Ljava/util/Comparator;)I @ 48

Classes redefined (0 events):
No events

Internal exceptions (10 events):
Event: 10.822 Thread 0x000000001d170000 Exception <a 'java/lang/ClassNotFoundException': com/android/build/gradle/internal/tasks/IncrementalTaskCustomizer> (0x00000000d9378010) thrown at [C:\src\AOSP-openjdk-git\hotspot\src\share\vm\classfile\systemDictionary.cpp, line 210]
Event: 10.823 Thread 0x000000001d170000 Exception <a 'java/lang/ClassNotFoundException': com/android/build/gradle/tasks/ResourceAwareTaskCustomizer> (0x00000000d93a99f8) thrown at [C:\src\AOSP-openjdk-git\hotspot\src\share\vm\classfile\systemDictionary.cpp, line 210]
Event: 10.824 Thread 0x000000001d170000 Exception <a 'java/lang/ClassNotFoundException': com/android/build/gradle/tasks/MergeResourcesCustomizer> (0x00000000d93e6860) thrown at [C:\src\AOSP-openjdk-git\hotspot\src\share\vm\classfile\systemDictionary.cpp, line 210]
Event: 10.825 Thread 0x000000001d170000 Exception <a 'java/lang/ClassNotFoundException': com/android/build/gradle/tasks/MergeResources_DecoratedCustomizer> (0x00000000d944d8e8) thrown at [C:\src\AOSP-openjdk-git\hotspot\src\share\vm\classfile\systemDictionary.cpp, line 210]
Event: 11.051 Thread 0x000000001d197800 Exception <a 'java/lang/NoSuchMethodError': <clinit>> (0x00000000d55871a8) thrown at [C:\src\AOSP-openjdk-git\hotspot\src\share\vm\prims\jni.cpp, line 1615]
Event: 11.053 Thread 0x000000001d197800 Exception <a 'java/lang/NoSuchMethodError': <clinit>> (0x00000000d55928c0) thrown at [C:\src\AOSP-openjdk-git\hotspot\src\share\vm\prims\jni.cpp, line 1615]
Event: 11.092 Thread 0x000000001d197800 Exception <a 'java/lang/NoSuchMethodError': <clinit>> (0x00000000d559f3a8) thrown at [C:\src\AOSP-openjdk-git\hotspot\src\share\vm\prims\jni.cpp, line 1615]
Event: 11.094 Thread 0x000000001d197800 Exception <a 'java/lang/NoSuchMethodError': <clinit>> (0x00000000d55b0130) thrown at [C:\src\AOSP-openjdk-git\hotspot\src\share\vm\prims\jni.cpp, line 1615]
Event: 11.094 Thread 0x000000001d197800 Exception <a 'java/lang/NoSuchMethodError': <clinit>> (0x00000000d55b1c68) thrown at [C:\src\AOSP-openjdk-git\hotspot\src\share\vm\prims\jni.cpp, line 1615]
Event: 11.335 Thread 0x000000001d197800 Exception <a 'java/lang/NoSuchMethodError': <clinit>> (0x00000000d55bec68) thrown at [C:\src\AOSP-openjdk-git\hotspot\src\share\vm\prims\jni.cpp, line 1615]

Events (10 events):
Event: 11.354 loading class org/gradle/internal/execution/steps/ValidateStep$DefaultWorkValidationContext$1 done
Event: 11.355 loading class com/android/build/gradle/internal/manifest/LazyManifestParserKt
Event: 11.355 loading class com/android/build/gradle/internal/manifest/LazyManifestParserKt done
Event: 11.355 Executing VM operation: RevokeBias
Event: 11.355 Executing VM operation: RevokeBias done
Event: 11.356 Executing VM operation: RevokeBias
Event: 11.356 Executing VM operation: RevokeBias done
Event: 11.356 loading class com/android/build/gradle/internal/manifest/LazyManifestParserKt$parseManifest$handler$1
Event: 11.356 loading class com/android/build/gradle/internal/manifest/LazyManifestParserKt$parseManifest$handler$1 done
Event: 11.357 loading class com/sun/org/apache/xerces/internal/util/URI


Dynamic libraries:
0x00007ff60b560000 - 0x00007ff60b591000 	D:\android studio\jre\bin\java.exe
0x00007ffa20250000 - 0x00007ffa20445000 	C:\WINDOWS\SYSTEM32\ntdll.dll
0x00007ffa1ff90000 - 0x00007ffa2004d000 	C:\WINDOWS\System32\KERNEL32.DLL
0x00007ffa1dc70000 - 0x00007ffa1df39000 	C:\WINDOWS\System32\KERNELBASE.dll
0x00007ffa1e3e0000 - 0x00007ffa1e48c000 	C:\WINDOWS\System32\ADVAPI32.dll
0x00007ffa20050000 - 0x00007ffa200ee000 	C:\WINDOWS\System32\msvcrt.dll
0x00007ffa1e490000 - 0x00007ffa1e52c000 	C:\WINDOWS\System32\sechost.dll
0x00007ffa1f770000 - 0x00007ffa1f89b000 	C:\WINDOWS\System32\RPCRT4.dll
0x00007ffa1f9c0000 - 0x00007ffa1fb60000 	C:\WINDOWS\System32\USER32.dll
0x00007ffa1dfc0000 - 0x00007ffa1dfe2000 	C:\WINDOWS\System32\win32u.dll
0x00007ffa1ec90000 - 0x00007ffa1ecba000 	C:\WINDOWS\System32\GDI32.dll
0x00007ffa1db60000 - 0x00007ffa1dc6b000 	C:\WINDOWS\System32\gdi32full.dll
0x00007ffa1dac0000 - 0x00007ffa1db5d000 	C:\WINDOWS\System32\msvcp_win.dll
0x00007ffa1e150000 - 0x00007ffa1e250000 	C:\WINDOWS\System32\ucrtbase.dll
0x00007ffa05c90000 - 0x00007ffa05f2a000 	C:\WINDOWS\WinSxS\amd64_microsoft.windows.common-controls_6595b64144ccf1df_6.0.19041.844_none_ca00b6081b84eb1d\COMCTL32.dll
0x00007ffa1f980000 - 0x00007ffa1f9b0000 	C:\WINDOWS\System32\IMM32.DLL
0x0000000057600000 - 0x00000000576d2000 	D:\android studio\jre\jre\bin\msvcr100.dll
0x0000000058090000 - 0x00000000588db000 	D:\android studio\jre\jre\bin\server\jvm.dll
0x00007ffa1fbc0000 - 0x00007ffa1fbc8000 	C:\WINDOWS\System32\PSAPI.DLL
0x00007ffa139b0000 - 0x00007ffa139ba000 	C:\WINDOWS\SYSTEM32\VERSION.dll
0x00007ffa124c0000 - 0x00007ffa124e7000 	C:\WINDOWS\SYSTEM32\WINMM.dll
0x00007ffa183b0000 - 0x00007ffa183b9000 	C:\WINDOWS\SYSTEM32\WSOCK32.dll
0x00007ffa1f700000 - 0x00007ffa1f76b000 	C:\WINDOWS\System32\WS2_32.dll
0x00007ffa18960000 - 0x00007ffa1896f000 	D:\android studio\jre\jre\bin\verify.dll
0x00007ffa160d0000 - 0x00007ffa160f9000 	D:\android studio\jre\jre\bin\java.dll
0x00007ffa15320000 - 0x00007ffa15336000 	D:\android studio\jre\jre\bin\zip.dll
0x00007ffa1ecc0000 - 0x00007ffa1f402000 	C:\WINDOWS\System32\SHELL32.dll
0x00007ffa1bb10000 - 0x00007ffa1c2a0000 	C:\WINDOWS\SYSTEM32\windows.storage.dll
0x00007ffa1fbd0000 - 0x00007ffa1ff25000 	C:\WINDOWS\System32\combase.dll
0x00007ffa1d400000 - 0x00007ffa1d42c000 	C:\WINDOWS\SYSTEM32\Wldp.dll
0x00007ffa1f4a0000 - 0x00007ffa1f54e000 	C:\WINDOWS\System32\SHCORE.dll
0x00007ffa1ec30000 - 0x00007ffa1ec85000 	C:\WINDOWS\System32\shlwapi.dll
0x00007ffa1d8d0000 - 0x00007ffa1d8ef000 	C:\WINDOWS\SYSTEM32\profapi.dll
0x00007ffa125e0000 - 0x00007ffa125fa000 	D:\android studio\jre\jre\bin\net.dll
0x00007ffa1d180000 - 0x00007ffa1d1ea000 	C:\WINDOWS\system32\mswsock.dll
0x00007ffa108e0000 - 0x00007ffa108f3000 	D:\android studio\jre\jre\bin\nio.dll
0x00007ffa16850000 - 0x00007ffa16877000 	C:\Users\win10\.gradle\native\f6784746aeab05261644944871eae4fe03e0ef1612fff0a4a95f87b438bc6780\windows-amd64\native-platform.dll
0x00007ffa17460000 - 0x00007ffa1746d000 	D:\android studio\jre\jre\bin\management.dll
0x00007ffa1d350000 - 0x00007ffa1d368000 	C:\WINDOWS\SYSTEM32\CRYPTSP.dll
0x00007ffa1cab0000 - 0x00007ffa1cae4000 	C:\WINDOWS\system32\rsaenh.dll
0x00007ffa1df40000 - 0x00007ffa1df67000 	C:\WINDOWS\System32\bcrypt.dll
0x00007ffa1d890000 - 0x00007ffa1d8be000 	C:\WINDOWS\SYSTEM32\USERENV.dll
0x00007ffa1da40000 - 0x00007ffa1dac0000 	C:\WINDOWS\System32\bcryptprimitives.dll
0x00007ffa1d370000 - 0x00007ffa1d37c000 	C:\WINDOWS\SYSTEM32\CRYPTBASE.dll
0x00007ffa1ce20000 - 0x00007ffa1ce5b000 	C:\WINDOWS\SYSTEM32\IPHLPAPI.DLL
0x00007ffa1f9b0000 - 0x00007ffa1f9b8000 	C:\WINDOWS\System32\NSI.dll
0x00007ffa166d0000 - 0x00007ffa166e7000 	C:\WINDOWS\SYSTEM32\dhcpcsvc6.DLL
0x00007ffa16720000 - 0x00007ffa1673d000 	C:\WINDOWS\SYSTEM32\dhcpcsvc.DLL
0x00007ffa1ce60000 - 0x00007ffa1cf2b000 	C:\WINDOWS\SYSTEM32\DNSAPI.dll
0x00007ffa17210000 - 0x00007ffa1721b000 	C:\WINDOWS\SYSTEM32\WINNSI.DLL

VM Arguments:
jvm_args: -Xmx2048m -Dfile.encoding=UTF-8 -Duser.country=KR -Duser.language=ko -Duser.variant 
java_command: org.gradle.launcher.daemon.bootstrap.GradleDaemon 6.5
java_class_path (initial): C:\Users\win10\.gradle\wrapper\dists\gradle-6.5-bin\6nifqtx7604sqp1q6g8wikw7p\gradle-6.5\lib\gradle-launcher-6.5.jar
Launcher Type: SUN_STANDARD

Environment Variables:
PATH=C:\ProgramData\Anaconda3;C:\ProgramData\Anaconda3\Library\mingw-w64\bin;C:\ProgramData\Anaconda3\Library\usr\bin;C:\ProgramData\Anaconda3\Library\bin;C:\ProgramData\Anaconda3\Scripts;C:\Program Files (x86)\Common Files\Oracle\Java\javapath;C:\ProgramData\Oracle\Java\javapath;C:\Program Files (x86)\NAT Service;C:\Program Files (x86)\Intel\Intel(R) Management Engine Components\iCLS\;C:\Program Files\Intel\Intel(R) Management Engine Components\iCLS\;C:\WINDOWS\system32;C:\WINDOWS;C:\WINDOWS\System32\Wbem;C:\WINDOWS\System32\WindowsPowerShell\v1.0\;C:\Program Files (x86)\Intel\Intel(R) Management Engine Components\DAL;C:\Program Files\Intel\Intel(R) Management Engine Components\DAL;C:\Program Files (x86)\Intel\Intel(R) Management Engine Components\IPT;C:\Program Files\Intel\Intel(R) Management Engine Components\IPT;C:\WINDOWS\System32\OpenSSH\;C:\Program Files\PuTTY\;D:\;C:\Program Files\Git\cmd;C:\Program Files\MySQL\MySQL Shell 8.0\bin\;C:\Users\win10\AppData\Local\Programs\Python\Python38-32\Scripts\;C:\Users\win10\AppData\Local\Programs\Python\Python38-32\;C:\Users\win10\AppData\Local\Microsoft\WindowsApps;C:\Users\win10\AppData\Roaming\npm;C:\Users\win10\AppData\Local\atom\bin
USERNAME=win10
OS=Windows_NT
PROCESSOR_IDENTIFIER=Intel64 Family 6 Model 158 Stepping 10, GenuineIntel



---------------  S Y S T E M  ---------------

OS: Windows 10.0 , 64 bit Build 19041 (10.0.19041.804)

CPU:total 12 (initial active 12) (6 cores per cpu, 2 threads per core) family 6 model 158 stepping 10, cmov, cx8, fxsr, mmx, sse, sse2, sse3, ssse3, sse4.1, sse4.2, popcnt, avx, avx2, aes, clmul, erms, rtm, 3dnowpref, lzcnt, ht, tsc, tscinvbit, bmi1, bmi2, adx

Memory: 4k page, physical 16688920k(3885336k free), swap 47882624k(7432k free)

vm_info: OpenJDK 64-Bit Server VM (25.242-b01) for windows-amd64 JRE (1.8.0_242-release-1644-b01), built by "builder" with MS VC++ 10.0 (VS2010)

time: Wed Apr 14 23:54:18 2021
timezone: 대한민국 표준시
elapsed time: 11 seconds (0d 0h 0m 11s)

