#
# There is insufficient memory for the Java Runtime Environment to continue.
# Native memory allocation (malloc) failed to allocate 1894416 bytes for Chunk::new
# Possible reasons:
#   The system is out of physical RAM or swap space
#   The process is running with CompressedOops enabled, and the Java Heap may be blocking the growth of the native heap
# Possible solutions:
#   Reduce memory load on the system
#   Increase physical memory or swap space
#   Check if swap backing store is full
#   Decrease Java heap size (-Xmx/-Xms)
#   Decrease number of Java threads
#   Decrease Java thread stack sizes (-Xss)
#   Set larger code cache with -XX:ReservedCodeCacheSize=
#   JVM is running with Unscaled Compressed Oops mode in which the Java heap is
#     placed in the first 4GB address space. The Java Heap base address is the
#     maximum limit for the native heap growth. Please use -XX:HeapBaseMinAddress
#     to set the Java Heap base and to place the Java Heap above 4GB virtual address.
# This output file may be truncated or incomplete.
#
#  Out of Memory Error (allocation.cpp:389), pid=23292, tid=0x00000000000058cc
#
# JRE version: OpenJDK Runtime Environment (8.0_242-b01) (build 1.8.0_242-release-1644-b01)
# Java VM: OpenJDK 64-Bit Server VM (25.242-b01 mixed mode windows-amd64 compressed oops)
# Failed to write core dump. Minidumps are not enabled by default on client versions of Windows
#

---------------  T H R E A D  ---------------

Current thread (0x00000000185fb000):  JavaThread "C2 CompilerThread2" daemon [_thread_in_native, id=22732, stack(0x000000001b420000,0x000000001b520000)]

Stack: [0x000000001b420000,0x000000001b520000]
[error occurred during error reporting (printing stack bounds), id 0xc0000005]

Native frames: (J=compiled Java code, j=interpreted, Vv=VM code, C=native code)


Current CompileTask:
C2:   8539 8249       4       org.objectweb.asm.ClassReader::accept (1376 bytes)


---------------  P R O C E S S  ---------------

Java Threads: ( => current thread )
  0x000000002459d800 JavaThread "Cache worker for execution history cache (D:\MyApplication\.gradle\6.5\executionHistory)" [_thread_blocked, id=10980, stack(0x000000002f390000,0x000000002f490000)]
  0x0000000023ee6800 JavaThread "Execution worker for ':' Thread 11" [_thread_blocked, id=4860, stack(0x000000002f290000,0x000000002f390000)]
  0x0000000023ee9000 JavaThread "Execution worker for ':' Thread 10" [_thread_blocked, id=18944, stack(0x000000002f190000,0x000000002f290000)]
  0x0000000023ee6000 JavaThread "Execution worker for ':' Thread 9" [_thread_in_native, id=6256, stack(0x000000002f090000,0x000000002f190000)]
  0x0000000023ee5000 JavaThread "Execution worker for ':' Thread 8" [_thread_blocked, id=13232, stack(0x000000002ee90000,0x000000002ef90000)]
  0x0000000023ee9800 JavaThread "Execution worker for ':' Thread 7" [_thread_blocked, id=25028, stack(0x000000002ed90000,0x000000002ee90000)]
  0x0000000023ee7800 JavaThread "Execution worker for ':' Thread 6" [_thread_blocked, id=24368, stack(0x000000002ec90000,0x000000002ed90000)]
  0x0000000023ee8000 JavaThread "Execution worker for ':' Thread 5" [_thread_blocked, id=13144, stack(0x000000002eb90000,0x000000002ec90000)]
  0x0000000023eea800 JavaThread "Execution worker for ':' Thread 4" [_thread_blocked, id=1712, stack(0x000000002ea90000,0x000000002eb90000)]
  0x0000000023ede800 JavaThread "Execution worker for ':' Thread 3" [_thread_blocked, id=12672, stack(0x000000002e990000,0x000000002ea90000)]
  0x0000000023edd800 JavaThread "Execution worker for ':' Thread 2" [_thread_blocked, id=18276, stack(0x000000002e890000,0x000000002e990000)]
  0x0000000023ee4800 JavaThread "Execution worker for ':'" [_thread_blocked, id=21900, stack(0x000000002e790000,0x000000002e890000)]
  0x0000000023ee0800 JavaThread "Cache worker for file content cache (D:\MyApplication\.gradle\6.5\fileContent)" [_thread_blocked, id=7232, stack(0x000000002cec0000,0x000000002cfc0000)]
  0x0000000023ee3800 JavaThread "Memory manager" [_thread_blocked, id=18352, stack(0x0000000028760000,0x0000000028860000)]
  0x0000000023ee3000 JavaThread "Cache worker for Build Output Cleanup Cache (D:\MyApplication\.gradle\buildOutputCleanup)" [_thread_blocked, id=3228, stack(0x0000000025c60000,0x0000000025d60000)]
  0x0000000023ee0000 JavaThread "jar transforms Thread 94" [_thread_blocked, id=3960, stack(0x000000002bbc0000,0x000000002bcc0000)]
  0x0000000023ee1800 JavaThread "jar transforms Thread 93" [_thread_blocked, id=17896, stack(0x000000002bac0000,0x000000002bbc0000)]
  0x0000000023edb800 JavaThread "jar transforms Thread 92" [_thread_blocked, id=15716, stack(0x000000002b9c0000,0x000000002bac0000)]
  0x0000000023edd000 JavaThread "jar transforms Thread 91" [_thread_blocked, id=20288, stack(0x000000002b8c0000,0x000000002b9c0000)]
  0x0000000022e42000 JavaThread "jar transforms Thread 90" [_thread_blocked, id=22996, stack(0x000000002b7c0000,0x000000002b8c0000)]
  0x0000000022e41000 JavaThread "jar transforms Thread 89" [_thread_blocked, id=14276, stack(0x000000002b6c0000,0x000000002b7c0000)]
  0x0000000022e40800 JavaThread "jar transforms Thread 88" [_thread_blocked, id=1768, stack(0x000000002b5c0000,0x000000002b6c0000)]
  0x0000000022e3f800 JavaThread "jar transforms Thread 87" [_thread_blocked, id=21624, stack(0x000000002b4c0000,0x000000002b5c0000)]
  0x0000000022e3e000 JavaThread "jar transforms Thread 86" [_thread_blocked, id=11312, stack(0x000000002b3c0000,0x000000002b4c0000)]
  0x0000000022e42800 JavaThread "jar transforms Thread 85" [_thread_blocked, id=18704, stack(0x000000002b2c0000,0x000000002b3c0000)]
  0x0000000022e3f000 JavaThread "jar transforms Thread 84" [_thread_blocked, id=4516, stack(0x000000002b1c0000,0x000000002b2c0000)]
  0x0000000022e36800 JavaThread "jar transforms Thread 83" [_thread_blocked, id=17056, stack(0x000000002b0c0000,0x000000002b1c0000)]
  0x0000000022e37800 JavaThread "jar transforms Thread 82" [_thread_blocked, id=11800, stack(0x000000002afc0000,0x000000002b0c0000)]
  0x0000000022e3d800 JavaThread "jar transforms Thread 81" [_thread_blocked, id=16820, stack(0x000000002aec0000,0x000000002afc0000)]
  0x0000000022e36000 JavaThread "jar transforms Thread 80" [_thread_blocked, id=15624, stack(0x000000002adc0000,0x000000002aec0000)]
  0x0000000022e3c000 JavaThread "jar transforms Thread 79" [_thread_blocked, id=1852, stack(0x000000002acc0000,0x000000002adc0000)]
  0x0000000022e3c800 JavaThread "jar transforms Thread 78" [_thread_blocked, id=12072, stack(0x000000002abc0000,0x000000002acc0000)]
  0x0000000022e3b000 JavaThread "jar transforms Thread 77" [_thread_blocked, id=22900, stack(0x000000002aac0000,0x000000002abc0000)]
  0x0000000022e33800 JavaThread "jar transforms Thread 76" [_thread_blocked, id=2744, stack(0x000000002a9c0000,0x000000002aac0000)]
  0x0000000022e34800 JavaThread "jar transforms Thread 75" [_thread_blocked, id=16916, stack(0x000000002a8c0000,0x000000002a9c0000)]
  0x0000000022e3a800 JavaThread "jar transforms Thread 74" [_thread_blocked, id=15404, stack(0x000000002a7c0000,0x000000002a8c0000)]
  0x0000000022e39800 JavaThread "jar transforms Thread 73" [_thread_blocked, id=23244, stack(0x000000002a6c0000,0x000000002a7c0000)]
  0x0000000022e39000 JavaThread "jar transforms Thread 72" [_thread_blocked, id=22948, stack(0x000000002a5c0000,0x000000002a6c0000)]
  0x0000000022e38000 JavaThread "jar transforms Thread 71" [_thread_blocked, id=20328, stack(0x000000002a4c0000,0x000000002a5c0000)]
  0x0000000022e35000 JavaThread "jar transforms Thread 70" [_thread_blocked, id=17672, stack(0x000000002a3c0000,0x000000002a4c0000)]
  0x0000000022e51800 JavaThread "jar transforms Thread 69" [_thread_blocked, id=21780, stack(0x000000002a2c0000,0x000000002a3c0000)]
  0x0000000022e57000 JavaThread "jar transforms Thread 68" [_thread_blocked, id=5336, stack(0x000000002a1c0000,0x000000002a2c0000)]
  0x0000000022e55800 JavaThread "jar transforms Thread 67" [_thread_blocked, id=23324, stack(0x000000002a0c0000,0x000000002a1c0000)]
  0x0000000022e58800 JavaThread "jar transforms Thread 66" [_thread_blocked, id=9416, stack(0x0000000029fc0000,0x000000002a0c0000)]
  0x0000000022e57800 JavaThread "jar transforms Thread 65" [_thread_blocked, id=12404, stack(0x0000000029ec0000,0x0000000029fc0000)]
  0x0000000022e56000 JavaThread "jar transforms Thread 64" [_thread_blocked, id=13148, stack(0x0000000029dc0000,0x0000000029ec0000)]
  0x0000000022e54800 JavaThread "jar transforms Thread 63" [_thread_blocked, id=14140, stack(0x0000000029cc0000,0x0000000029dc0000)]
  0x0000000022e50000 JavaThread "jar transforms Thread 62" [_thread_blocked, id=23576, stack(0x0000000029bc0000,0x0000000029cc0000)]
  0x0000000022e54000 JavaThread "jar transforms Thread 61" [_thread_blocked, id=14992, stack(0x0000000029ac0000,0x0000000029bc0000)]
  0x0000000022e53000 JavaThread "jar transforms Thread 60" [_thread_blocked, id=8824, stack(0x00000000299c0000,0x0000000029ac0000)]
  0x0000000022e52800 JavaThread "jar transforms Thread 59" [_thread_blocked, id=1804, stack(0x00000000298c0000,0x00000000299c0000)]
  0x0000000022e50800 JavaThread "jar transforms Thread 58" [_thread_blocked, id=17608, stack(0x00000000297c0000,0x00000000298c0000)]
  0x0000000022e49000 JavaThread "jar transforms Thread 57" [_thread_blocked, id=14388, stack(0x00000000296c0000,0x00000000297c0000)]
  0x0000000022e4f000 JavaThread "jar transforms Thread 56" [_thread_blocked, id=20128, stack(0x00000000295c0000,0x00000000296c0000)]
  0x0000000022e4d800 JavaThread "jar transforms Thread 55" [_thread_blocked, id=22004, stack(0x00000000294c0000,0x00000000295c0000)]
  0x0000000022e4a000 JavaThread "jar transforms Thread 54" [_thread_blocked, id=18300, stack(0x00000000293c0000,0x00000000294c0000)]
  0x0000000022e4d000 JavaThread "jar transforms Thread 53" [_thread_blocked, id=7108, stack(0x00000000292c0000,0x00000000293c0000)]
  0x0000000022e4c000 JavaThread "jar transforms Thread 52" [_thread_blocked, id=9856, stack(0x00000000291c0000,0x00000000292c0000)]
  0x0000000022e4e800 JavaThread "jar transforms Thread 51" [_thread_blocked, id=11276, stack(0x00000000290c0000,0x00000000291c0000)]
  0x0000000022e4b800 JavaThread "jar transforms Thread 50" [_thread_blocked, id=4344, stack(0x0000000028fc0000,0x00000000290c0000)]
  0x0000000022e4a800 JavaThread "jar transforms Thread 49" [_thread_blocked, id=25104, stack(0x0000000028ec0000,0x0000000028fc0000)]
  0x0000000023ed9800 JavaThread "jar transforms Thread 48" [_thread_blocked, id=11876, stack(0x0000000028dc0000,0x0000000028ec0000)]
  0x0000000023ed9000 JavaThread "jar transforms Thread 47" [_thread_blocked, id=6804, stack(0x0000000028cc0000,0x0000000028dc0000)]
  0x0000000023ed7800 JavaThread "jar transforms Thread 46" [_thread_blocked, id=20620, stack(0x0000000028bc0000,0x0000000028cc0000)]
  0x0000000023ed6800 JavaThread "jar transforms Thread 45" [_thread_blocked, id=21144, stack(0x0000000028ac0000,0x0000000028bc0000)]
  0x0000000023eda800 JavaThread "jar transforms Thread 44" [_thread_blocked, id=6140, stack(0x00000000289c0000,0x0000000028ac0000)]
  0x0000000023ed6000 JavaThread "jar transforms Thread 43" [_thread_blocked, id=20556, stack(0x00000000288c0000,0x00000000289c0000)]
  0x0000000023ed8000 JavaThread "jar transforms Thread 42" [_thread_blocked, id=23712, stack(0x0000000025e40000,0x0000000025f40000)]
  0x0000000023ece800 JavaThread "jar transforms Thread 41" [_thread_blocked, id=13060, stack(0x0000000028660000,0x0000000028760000)]
  0x0000000023ed5000 JavaThread "jar transforms Thread 40" [_thread_blocked, id=20892, stack(0x0000000028560000,0x0000000028660000)]
  0x0000000023ed4800 JavaThread "jar transforms Thread 39" [_thread_blocked, id=9804, stack(0x0000000028460000,0x0000000028560000)]
  0x0000000023ed0000 JavaThread "jar transforms Thread 38" [_thread_blocked, id=8180, stack(0x0000000028360000,0x0000000028460000)]
  0x0000000023ed3800 JavaThread "jar transforms Thread 37" [_thread_blocked, id=1548, stack(0x0000000028260000,0x0000000028360000)]
  0x0000000023ecf000 JavaThread "jar transforms Thread 36" [_thread_blocked, id=22240, stack(0x0000000028160000,0x0000000028260000)]
  0x0000000023ed0800 JavaThread "jar transforms Thread 35" [_thread_blocked, id=10656, stack(0x0000000028060000,0x0000000028160000)]
  0x0000000023ed1800 JavaThread "jar transforms Thread 34" [_thread_blocked, id=19532, stack(0x0000000027f60000,0x0000000028060000)]
  0x0000000023ecd000 JavaThread "jar transforms Thread 33" [_thread_blocked, id=9308, stack(0x0000000027e60000,0x0000000027f60000)]
  0x0000000023ed3000 JavaThread "jar transforms Thread 32" [_thread_blocked, id=9848, stack(0x0000000027d60000,0x0000000027e60000)]
  0x0000000023ecb800 JavaThread "jar transforms Thread 31" [_thread_blocked, id=8892, stack(0x0000000027c60000,0x0000000027d60000)]
  0x0000000023ecd800 JavaThread "jar transforms Thread 30" [_thread_blocked, id=17816, stack(0x0000000027b60000,0x0000000027c60000)]
  0x0000000023ecc000 JavaThread "jar transforms Thread 29" [_thread_blocked, id=4692, stack(0x0000000027a60000,0x0000000027b60000)]
  0x0000000023ed2000 JavaThread "jar transforms Thread 28" [_thread_blocked, id=17136, stack(0x0000000027960000,0x0000000027a60000)]
  0x000000001d68f000 JavaThread "jar transforms Thread 27" [_thread_blocked, id=10916, stack(0x0000000027860000,0x0000000027960000)]
  0x000000001d691800 JavaThread "jar transforms Thread 26" [_thread_blocked, id=18756, stack(0x0000000027760000,0x0000000027860000)]
  0x000000001d690000 JavaThread "jar transforms Thread 25" [_thread_blocked, id=11496, stack(0x0000000027660000,0x0000000027760000)]
  0x000000001d693000 JavaThread "jar transforms Thread 24" [_thread_blocked, id=20836, stack(0x0000000027560000,0x0000000027660000)]
  0x000000001d68e800 JavaThread "jar transforms Thread 23" [_thread_blocked, id=14144, stack(0x0000000027460000,0x0000000027560000)]
  0x000000001d68d800 JavaThread "jar transforms Thread 22" [_thread_blocked, id=17400, stack(0x0000000027360000,0x0000000027460000)]
  0x000000001d692000 JavaThread "jar transforms Thread 21" [_thread_blocked, id=22632, stack(0x0000000027260000,0x0000000027360000)]
  0x000000001d68d000 JavaThread "jar transforms Thread 20" [_thread_blocked, id=9460, stack(0x0000000027160000,0x0000000027260000)]
  0x000000001d690800 JavaThread "jar transforms Thread 19" [_thread_blocked, id=1828, stack(0x0000000027060000,0x0000000027160000)]
  0x000000001d68c000 JavaThread "jar transforms Thread 18" [_thread_blocked, id=21072, stack(0x0000000026f60000,0x0000000027060000)]
  0x000000001d684800 JavaThread "jar transforms Thread 17" [_thread_blocked, id=7616, stack(0x0000000026e60000,0x0000000026f60000)]
  0x000000001d68b000 JavaThread "jar transforms Thread 16" [_thread_blocked, id=15564, stack(0x0000000026d60000,0x0000000026e60000)]
  0x000000001d68a800 JavaThread "jar transforms Thread 15" [_thread_blocked, id=14732, stack(0x0000000026c60000,0x0000000026d60000)]
  0x000000001d689800 JavaThread "jar transforms Thread 14" [_thread_blocked, id=25528, stack(0x0000000026b60000,0x0000000026c60000)]
  0x000000001d688000 JavaThread "jar transforms Thread 13" [_thread_blocked, id=11956, stack(0x0000000026a60000,0x0000000026b60000)]
  0x000000001d689000 JavaThread "jar transforms Thread 12" [_thread_blocked, id=22384, stack(0x0000000026960000,0x0000000026a60000)]
  0x000000001d683800 JavaThread "jar transforms Thread 11" [_thread_blocked, id=13140, stack(0x0000000026860000,0x0000000026960000)]
  0x000000001d686800 JavaThread "jar transforms Thread 10" [_thread_blocked, id=11392, stack(0x0000000026760000,0x0000000026860000)]
  0x000000001d687800 JavaThread "jar transforms Thread 9" [_thread_blocked, id=4896, stack(0x0000000026660000,0x0000000026760000)]
  0x000000001d686000 JavaThread "jar transforms Thread 8" [_thread_blocked, id=13856, stack(0x0000000026560000,0x0000000026660000)]
  0x000000001d685000 JavaThread "jar transforms Thread 7" [_thread_blocked, id=3624, stack(0x0000000026460000,0x0000000026560000)]
  0x000000001cc68800 JavaThread "jar transforms Thread 6" [_thread_blocked, id=7636, stack(0x0000000026360000,0x0000000026460000)]
  0x000000001cc63000 JavaThread "jar transforms Thread 5" [_thread_blocked, id=16396, stack(0x0000000026260000,0x0000000026360000)]
  0x000000001cc67800 JavaThread "jar transforms Thread 4" [_thread_blocked, id=1684, stack(0x0000000026160000,0x0000000026260000)]
  0x000000001cc60000 JavaThread "jar transforms Thread 3" [_thread_blocked, id=17540, stack(0x0000000026060000,0x0000000026160000)]
  0x000000001cc67000 JavaThread "jar transforms Thread 2" [_thread_blocked, id=18576, stack(0x0000000025f60000,0x0000000026060000)]
  0x000000001cc64800 JavaThread "Build operations Thread 12" [_thread_blocked, id=11000, stack(0x0000000025b60000,0x0000000025c60000)]
  0x000000001cc62800 JavaThread "Build operations Thread 11" [_thread_blocked, id=25484, stack(0x0000000025a60000,0x0000000025b60000)]
  0x000000001cc64000 JavaThread "Build operations Thread 10" [_thread_blocked, id=8828, stack(0x0000000025960000,0x0000000025a60000)]
  0x000000001cc61800 JavaThread "Build operations Thread 9" [_thread_blocked, id=9280, stack(0x0000000025860000,0x0000000025960000)]
  0x000000001cc61000 JavaThread "Build operations Thread 8" [_thread_blocked, id=25492, stack(0x0000000025760000,0x0000000025860000)]
  0x000000001cc5f800 JavaThread "Build operations Thread 7" [_thread_blocked, id=15520, stack(0x0000000025660000,0x0000000025760000)]
  0x000000001cc65800 JavaThread "Build operations Thread 6" [_thread_blocked, id=12740, stack(0x0000000025560000,0x0000000025660000)]
  0x000000001cc66000 JavaThread "Build operations Thread 5" [_thread_blocked, id=19904, stack(0x0000000025460000,0x0000000025560000)]
  0x000000001cc59800 JavaThread "Build operations Thread 4" [_thread_blocked, id=22524, stack(0x0000000025360000,0x0000000025460000)]
  0x000000001cc5e000 JavaThread "Build operations Thread 3" [_thread_blocked, id=11480, stack(0x0000000025260000,0x0000000025360000)]
  0x000000001cc5e800 JavaThread "Build operations Thread 2" [_thread_blocked, id=16864, stack(0x0000000025160000,0x0000000025260000)]
  0x000000001cc5b000 JavaThread "Build operations" [_thread_blocked, id=23884, stack(0x0000000025060000,0x0000000025160000)]
  0x000000001b9ea800 JavaThread "Cache worker for file content cache (C:\Users\win10\.gradle\caches\6.5\fileContent)" [_thread_blocked, id=22688, stack(0x0000000023990000,0x0000000023a90000)]
  0x000000001b9e8800 JavaThread "jar transforms" [_thread_blocked, id=9264, stack(0x0000000023890000,0x0000000023990000)]
  0x000000001b9e7000 JavaThread "Cache worker for execution history cache (C:\Users\win10\.gradle\caches\6.5\executionHistory)" [_thread_blocked, id=15568, stack(0x0000000023190000,0x0000000023290000)]
  0x000000001b9ea000 JavaThread "Cache worker for cache directory md-rule (C:\Users\win10\.gradle\caches\6.5\md-rule)" [_thread_blocked, id=2968, stack(0x0000000023090000,0x0000000023190000)]
  0x000000001b9e6000 JavaThread "Cache worker for cache directory md-supplier (C:\Users\win10\.gradle\caches\6.5\md-supplier)" [_thread_blocked, id=9144, stack(0x0000000022f90000,0x0000000023090000)]
  0x000000001b9ed000 JavaThread "Cache worker for checksums cache (D:\MyApplication\.gradle\checksums)" [_thread_blocked, id=10952, stack(0x0000000022e90000,0x0000000022f90000)]
  0x000000001b9e7800 JavaThread "Cache worker for file hash cache (D:\MyApplication\.gradle\6.5\fileHashes)" [_thread_blocked, id=9596, stack(0x0000000021af0000,0x0000000021bf0000)]
  0x000000001b9ec000 JavaThread "Cache worker for file hash cache (C:\Users\win10\.gradle\caches\6.5\fileHashes)" [_thread_blocked, id=23536, stack(0x000000001f5a0000,0x000000001f6a0000)]
  0x000000001b9e9000 JavaThread "File lock request listener" [_thread_in_native, id=18600, stack(0x000000001f4a0000,0x000000001f5a0000)]
  0x000000001d4d8800 JavaThread "Cache worker for journal cache (C:\Users\win10\.gradle\caches\journal-1)" [_thread_blocked, id=2236, stack(0x000000001f3a0000,0x000000001f4a0000)]
  0x000000001d3cd800 JavaThread "Thread-9" [_thread_blocked, id=14636, stack(0x000000001f0a0000,0x000000001f1a0000)]
  0x000000001d398800 JavaThread "Stdin handler" [_thread_blocked, id=10628, stack(0x000000001efa0000,0x000000001f0a0000)]
  0x000000001d397800 JavaThread "Asynchronous log dispatcher for DefaultDaemonConnection: socket connection from /127.0.0.1:50321 to /127.0.0.1:50322" [_thread_blocked, id=14588, stack(0x000000001eea0000,0x000000001efa0000)]
  0x000000001d395800 JavaThread "Daemon worker" [_thread_blocked, id=17212, stack(0x000000001eda0000,0x000000001eea0000)]
  0x000000001d394800 JavaThread "Cancel handler" [_thread_blocked, id=6504, stack(0x000000001eca0000,0x000000001eda0000)]
  0x000000001d38d800 JavaThread "Handler for socket connection from /127.0.0.1:50321 to /127.0.0.1:50322" [_thread_in_native, id=24980, stack(0x000000001eba0000,0x000000001eca0000)]
  0x000000001d38c000 JavaThread "Daemon" [_thread_blocked, id=14940, stack(0x000000001e9a0000,0x000000001eaa0000)]
  0x000000001d36e000 JavaThread "Daemon periodic checks" [_thread_blocked, id=16680, stack(0x000000001e6a0000,0x000000001e7a0000)]
  0x000000001d316000 JavaThread "Incoming local TCP Connector on port 50321" [_thread_in_native, id=21052, stack(0x000000001e4c0000,0x000000001e5c0000)]
  0x000000001d23a800 JavaThread "Daemon health stats" [_thread_blocked, id=25448, stack(0x000000001e1c0000,0x000000001e2c0000)]
  0x0000000019d50800 JavaThread "Service Thread" daemon [_thread_blocked, id=14796, stack(0x000000001b620000,0x000000001b720000)]
  0x0000000019d44000 JavaThread "C1 CompilerThread3" daemon [_thread_blocked, id=19368, stack(0x000000001b520000,0x000000001b620000)]
=>0x00000000185fb000 JavaThread "C2 CompilerThread2" daemon [_thread_in_native, id=22732, stack(0x000000001b420000,0x000000001b520000)]
  0x00000000185f8000 JavaThread "C2 CompilerThread1" daemon [_thread_in_native, id=12664, stack(0x000000001b320000,0x000000001b420000)]
  0x0000000019ce9800 JavaThread "C2 CompilerThread0" daemon [_thread_in_native, id=25144, stack(0x000000001b220000,0x000000001b320000)]
  0x0000000019ce6000 JavaThread "Attach Listener" daemon [_thread_blocked, id=22128, stack(0x000000001b120000,0x000000001b220000)]
  0x0000000019d42800 JavaThread "Signal Dispatcher" daemon [_thread_blocked, id=5124, stack(0x000000001b020000,0x000000001b120000)]
  0x000000000337e000 JavaThread "Finalizer" daemon [_thread_blocked, id=1472, stack(0x000000001af20000,0x000000001b020000)]
  0x0000000019cc3000 JavaThread "Reference Handler" daemon [_thread_blocked, id=6104, stack(0x000000001ae20000,0x000000001af20000)]
  0x000000000327e000 JavaThread "main" [_thread_blocked, id=680, stack(0x00000000030b0000,0x00000000031b0000)]

Other Threads:
  0x0000000019ca2800 VMThread [stack: 0x000000001ad20000,0x000000001ae20000] [id=17952]
  0x0000000019d52000 WatcherThread [stack: 0x000000001b720000,0x000000001b820000] [id=3832]

VM state:not at safepoint (normal execution)

VM Mutex/Monitor currently owned by a thread: None

heap address: 0x0000000080000000, size: 2048 MB, Compressed Oops mode: 32-bit
Narrow klass base: 0x0000000000000000, Narrow klass shift: 3
Compressed class space size: 1073741824 Address: 0x0000000100000000

Heap:
 PSYoungGen      total 381952K, used 54302K [0x00000000d5580000, 0x00000000f3380000, 0x0000000100000000)
  eden space 356864K, 9% used [0x00000000d5580000,0x00000000d76b1420,0x00000000eb200000)
  from space 25088K, 80% used [0x00000000eb200000,0x00000000ec5d64d8,0x00000000eca80000)
  to   space 26624K, 0% used [0x00000000f1980000,0x00000000f1980000,0x00000000f3380000)
 ParOldGen       total 194560K, used 39106K [0x0000000080000000, 0x000000008be00000, 0x00000000d5580000)
  object space 194560K, 20% used [0x0000000080000000,0x00000000826308a0,0x000000008be00000)
 Metaspace       used 64724K, capacity 68308K, committed 68440K, reserved 1107968K
  class space    used 8932K, capacity 9577K, committed 9600K, reserved 1048576K

Card table byte_map: [0x0000000012740000,0x0000000012b50000] byte_map_base: 0x0000000012340000

Marking Bits: (ParMarkBitMap*) 0x000000005885f030
 Begin Bits: [0x0000000013800000, 0x0000000015800000)
 End Bits:   [0x0000000015800000, 0x0000000017800000)

Polling page: 0x0000000000f80000

CodeCache: size=245760Kb used=24499Kb max_used=24516Kb free=221260Kb
 bounds [0x0000000003380000, 0x0000000004b90000, 0x0000000012380000]
 total_blobs=8118 nmethods=7332 adapters=698
 compilation: enabled

Compilation events (10 events):
Event: 8.447 Thread 0x0000000019ce9800 nmethod 8262 0x0000000004b16cd0 code [0x0000000004b16e60, 0x0000000004b17798]
Event: 8.447 Thread 0x0000000019ce9800 8251       4       org.gradle.internal.normalization.java.impl.ApiMemberSelector::visitEnd (294 bytes)
Event: 8.447 Thread 0x00000000185f8000 nmethod 8214 0x0000000004b5bad0 code [0x0000000004b5c240, 0x0000000004b63730]
Event: 8.447 Thread 0x0000000019d44000 8271 %     2       org.objectweb.asm.ClassReader::readCode @ 1541 (5089 bytes)
Event: 8.448 Thread 0x00000000185f8000 8267       4       org.objectweb.asm.SymbolTable::addConstantIntegerOrFloat (100 bytes)
Event: 8.454 Thread 0x00000000185f8000 nmethod 8267 0x0000000004b2b650 code [0x0000000004b2b7e0, 0x0000000004b2bfb8]
Event: 8.454 Thread 0x00000000185f8000 8250       4       org.gradle.internal.normalization.java.impl.ApiMemberSelector::visitAnnotationMembers (55 bytes)
Event: 8.459 Thread 0x0000000019d44000 nmethod 8271% 0x0000000004b6f490 code [0x0000000004b6ffe0, 0x0000000004b78708]
Event: 8.474 Thread 0x00000000185f8000 nmethod 8250 0x0000000004b24a90 code [0x0000000004b24d80, 0x0000000004b26488]
Event: 8.474 Thread 0x00000000185f8000 8273       4       org.objectweb.asm.ClassReader::readCode (5089 bytes)

GC Heap History (10 events):
Event: 3.442 GC heap before
{Heap before GC invocations=8 (full 2):
 PSYoungGen      total 251904K, used 8233K [0x00000000d5580000, 0x00000000e5c00000, 0x0000000100000000)
  eden space 236032K, 0% used [0x00000000d5580000,0x00000000d5580000,0x00000000e3c00000)
  from space 15872K, 51% used [0x00000000e4b00000,0x00000000e530a7d8,0x00000000e5a80000)
  to   space 15360K, 0% used [0x00000000e3c00000,0x00000000e3c00000,0x00000000e4b00000)
 ParOldGen       total 86016K, used 10481K [0x0000000080000000, 0x0000000085400000, 0x00000000d5580000)
  object space 86016K, 12% used [0x0000000080000000,0x0000000080a3c6e0,0x0000000085400000)
 Metaspace       used 34214K, capacity 35392K, committed 35416K, reserved 1079296K
  class space    used 4709K, capacity 4973K, committed 4992K, reserved 1048576K
Event: 3.485 GC heap after
Heap after GC invocations=8 (full 2):
 PSYoungGen      total 251904K, used 0K [0x00000000d5580000, 0x00000000e5c00000, 0x0000000100000000)
  eden space 236032K, 0% used [0x00000000d5580000,0x00000000d5580000,0x00000000e3c00000)
  from space 15872K, 0% used [0x00000000e4b00000,0x00000000e4b00000,0x00000000e5a80000)
  to   space 15360K, 0% used [0x00000000e3c00000,0x00000000e3c00000,0x00000000e4b00000)
 ParOldGen       total 128000K, used 14750K [0x0000000080000000, 0x0000000087d00000, 0x00000000d5580000)
  object space 128000K, 11% used [0x0000000080000000,0x0000000080e67bb0,0x0000000087d00000)
 Metaspace       used 34214K, capacity 35392K, committed 35416K, reserved 1079296K
  class space    used 4709K, capacity 4973K, committed 4992K, reserved 1048576K
}
Event: 4.737 GC heap before
{Heap before GC invocations=9 (full 2):
 PSYoungGen      total 251904K, used 236032K [0x00000000d5580000, 0x00000000e5c00000, 0x0000000100000000)
  eden space 236032K, 100% used [0x00000000d5580000,0x00000000e3c00000,0x00000000e3c00000)
  from space 15872K, 0% used [0x00000000e4b00000,0x00000000e4b00000,0x00000000e5a80000)
  to   space 15360K, 0% used [0x00000000e3c00000,0x00000000e3c00000,0x00000000e4b00000)
 ParOldGen       total 128000K, used 14750K [0x0000000080000000, 0x0000000087d00000, 0x00000000d5580000)
  object space 128000K, 11% used [0x0000000080000000,0x0000000080e67bb0,0x0000000087d00000)
 Metaspace       used 46237K, capacity 48130K, committed 48344K, reserved 1091584K
  class space    used 6251K, capacity 6633K, committed 6656K, reserved 1048576K
Event: 4.755 GC heap after
Heap after GC invocations=9 (full 2):
 PSYoungGen      total 251392K, used 15356K [0x00000000d5580000, 0x00000000ede00000, 0x0000000100000000)
  eden space 236032K, 0% used [0x00000000d5580000,0x00000000d5580000,0x00000000e3c00000)
  from space 15360K, 99% used [0x00000000e3c00000,0x00000000e4aff268,0x00000000e4b00000)
  to   space 18944K, 0% used [0x00000000ecb80000,0x00000000ecb80000,0x00000000ede00000)
 ParOldGen       total 128000K, used 17675K [0x0000000080000000, 0x0000000087d00000, 0x00000000d5580000)
  object space 128000K, 13% used [0x0000000080000000,0x0000000081142e20,0x0000000087d00000)
 Metaspace       used 46237K, capacity 48130K, committed 48344K, reserved 1091584K
  class space    used 6251K, capacity 6633K, committed 6656K, reserved 1048576K
}
Event: 5.889 GC heap before
{Heap before GC invocations=10 (full 2):
 PSYoungGen      total 251392K, used 173691K [0x00000000d5580000, 0x00000000ede00000, 0x0000000100000000)
  eden space 236032K, 67% used [0x00000000d5580000,0x00000000df01fb10,0x00000000e3c00000)
  from space 15360K, 99% used [0x00000000e3c00000,0x00000000e4aff268,0x00000000e4b00000)
  to   space 18944K, 0% used [0x00000000ecb80000,0x00000000ecb80000,0x00000000ede00000)
 ParOldGen       total 128000K, used 17675K [0x0000000080000000, 0x0000000087d00000, 0x00000000d5580000)
  object space 128000K, 13% used [0x0000000080000000,0x0000000081142e20,0x0000000087d00000)
 Metaspace       used 56465K, capacity 58854K, committed 58968K, reserved 1099776K
  class space    used 7725K, capacity 8212K, committed 8320K, reserved 1048576K
Event: 5.908 GC heap after
Heap after GC invocations=10 (full 2):
 PSYoungGen      total 375808K, used 18924K [0x00000000d5580000, 0x00000000ee300000, 0x0000000100000000)
  eden space 356864K, 0% used [0x00000000d5580000,0x00000000d5580000,0x00000000eb200000)
  from space 18944K, 99% used [0x00000000ecb80000,0x00000000eddfb310,0x00000000ede00000)
  to   space 25088K, 0% used [0x00000000eb200000,0x00000000eb200000,0x00000000eca80000)
 ParOldGen       total 128000K, used 25784K [0x0000000080000000, 0x0000000087d00000, 0x00000000d5580000)
  object space 128000K, 20% used [0x0000000080000000,0x000000008192e0d0,0x0000000087d00000)
 Metaspace       used 56465K, capacity 58854K, committed 58968K, reserved 1099776K
  class space    used 7725K, capacity 8212K, committed 8320K, reserved 1048576K
}
Event: 5.908 GC heap before
{Heap before GC invocations=11 (full 3):
 PSYoungGen      total 375808K, used 18924K [0x00000000d5580000, 0x00000000ee300000, 0x0000000100000000)
  eden space 356864K, 0% used [0x00000000d5580000,0x00000000d5580000,0x00000000eb200000)
  from space 18944K, 99% used [0x00000000ecb80000,0x00000000eddfb310,0x00000000ede00000)
  to   space 25088K, 0% used [0x00000000eb200000,0x00000000eb200000,0x00000000eca80000)
 ParOldGen       total 128000K, used 25784K [0x0000000080000000, 0x0000000087d00000, 0x00000000d5580000)
  object space 128000K, 20% used [0x0000000080000000,0x000000008192e0d0,0x0000000087d00000)
 Metaspace       used 56465K, capacity 58854K, committed 58968K, reserved 1099776K
  class space    used 7725K, capacity 8212K, committed 8320K, reserved 1048576K
Event: 6.066 GC heap after
Heap after GC invocations=11 (full 3):
 PSYoungGen      total 375808K, used 0K [0x00000000d5580000, 0x00000000ee300000, 0x0000000100000000)
  eden space 356864K, 0% used [0x00000000d5580000,0x00000000d5580000,0x00000000eb200000)
  from space 18944K, 0% used [0x00000000ecb80000,0x00000000ecb80000,0x00000000ede00000)
  to   space 25088K, 0% used [0x00000000eb200000,0x00000000eb200000,0x00000000eca80000)
 ParOldGen       total 194560K, used 39098K [0x0000000080000000, 0x000000008be00000, 0x00000000d5580000)
  object space 194560K, 20% used [0x0000000080000000,0x000000008262e8a0,0x000000008be00000)
 Metaspace       used 56416K, capacity 58692K, committed 58968K, reserved 1099776K
  class space    used 7710K, capacity 8185K, committed 8320K, reserved 1048576K
}
Event: 8.428 GC heap before
{Heap before GC invocations=12 (full 3):
 PSYoungGen      total 375808K, used 356864K [0x00000000d5580000, 0x00000000ee300000, 0x0000000100000000)
  eden space 356864K, 100% used [0x00000000d5580000,0x00000000eb200000,0x00000000eb200000)
  from space 18944K, 0% used [0x00000000ecb80000,0x00000000ecb80000,0x00000000ede00000)
  to   space 25088K, 0% used [0x00000000eb200000,0x00000000eb200000,0x00000000eca80000)
 ParOldGen       total 194560K, used 39098K [0x0000000080000000, 0x000000008be00000, 0x00000000d5580000)
  object space 194560K, 20% used [0x0000000080000000,0x000000008262e8a0,0x000000008be00000)
 Metaspace       used 64724K, capacity 68308K, committed 68440K, reserved 1107968K
  class space    used 8932K, capacity 9577K, committed 9600K, reserved 1048576K
Event: 8.446 GC heap after
Heap after GC invocations=12 (full 3):
 PSYoungGen      total 381952K, used 20313K [0x00000000d5580000, 0x00000000f3380000, 0x0000000100000000)
  eden space 356864K, 0% used [0x00000000d5580000,0x00000000d5580000,0x00000000eb200000)
  from space 25088K, 80% used [0x00000000eb200000,0x00000000ec5d64d8,0x00000000eca80000)
  to   space 26624K, 0% used [0x00000000f1980000,0x00000000f1980000,0x00000000f3380000)
 ParOldGen       total 194560K, used 39106K [0x0000000080000000, 0x000000008be00000, 0x00000000d5580000)
  object space 194560K, 20% used [0x0000000080000000,0x00000000826308a0,0x000000008be00000)
 Metaspace       used 64724K, capacity 68308K, committed 68440K, reserved 1107968K
  class space    used 8932K, capacity 9577K, committed 9600K, reserved 1048576K
}

Deoptimization events (10 events):
Event: 8.113 Thread 0x0000000023ee6000 Uncommon trap: reason=unstable_if action=reinterpret pc=0x00000000049c83d0 method=org.objectweb.asm.Type.getArgumentsAndReturnSizes(Ljava/lang/String;)I @ 19
Event: 8.179 Thread 0x0000000023ee6000 Uncommon trap: reason=unstable_if action=reinterpret pc=0x000000000425ac84 method=java.util.TreeMap.put(Ljava/lang/Object;Ljava/lang/Object;)Ljava/lang/Object; @ 163
Event: 8.179 Thread 0x0000000023ee6000 Uncommon trap: reason=unstable_if action=reinterpret pc=0x0000000004a9e6a8 method=java.util.TreeSet.add(Ljava/lang/Object;)Z @ 13
Event: 8.269 Thread 0x0000000023ee6000 Uncommon trap: reason=unstable_if action=reinterpret pc=0x00000000049c4924 method=org.objectweb.asm.ClassReader.readUtf(II[C)Ljava/lang/String; @ 41
Event: 8.269 Thread 0x0000000023ee6000 Uncommon trap: reason=unstable_if action=reinterpret pc=0x00000000040de420 method=org.objectweb.asm.ClassReader.readUtf(II[C)Ljava/lang/String; @ 41
Event: 8.269 Thread 0x0000000023ee6000 Uncommon trap: reason=unstable_if action=reinterpret pc=0x00000000040f2858 method=org.objectweb.asm.ByteVector.putUTF8(Ljava/lang/String;)Lorg/objectweb/asm/ByteVector; @ 100
Event: 8.269 Thread 0x0000000023ee6000 Uncommon trap: reason=unstable_if action=reinterpret pc=0x000000000411a93c method=org.objectweb.asm.ByteVector.putUTF8(Ljava/lang/String;)Lorg/objectweb/asm/ByteVector; @ 100
Event: 8.269 Thread 0x0000000023ee6000 Uncommon trap: reason=unstable_if action=reinterpret pc=0x0000000004858480 method=org.objectweb.asm.ByteVector.encodeUtf8(Ljava/lang/String;II)Lorg/objectweb/asm/ByteVector; @ 208
Event: 8.269 Thread 0x0000000023ee6000 Uncommon trap: reason=unstable_if action=reinterpret pc=0x00000000040dedd0 method=org.objectweb.asm.ByteVector.putUTF8(Ljava/lang/String;)Lorg/objectweb/asm/ByteVector; @ 100
Event: 8.412 Thread 0x0000000023ee6000 Uncommon trap: reason=unstable_if action=reinterpret pc=0x0000000004ae2470 method=org.objectweb.asm.ClassReader.readCode(Lorg/objectweb/asm/MethodVisitor;Lorg/objectweb/asm/Context;I)V @ 4049

Classes redefined (0 events):
No events

Internal exceptions (10 events):
Event: 7.177 Thread 0x000000001cc5f800 Exception <a 'java/lang/NoSuchMethodError': java.lang.Object.lambda$flatMap$2(Ljava/util/function/Function;Ljava/lang/Object;)Lorg/gradle/internal/Try;> (0x00000000dcaf1940) thrown at [C:\src\AOSP-openjdk-git\hotspot\src\share\vm\interpreter\linkResolver.
Event: 7.177 Thread 0x000000001cc62800 Exception <a 'java/lang/NoSuchMethodError': java.lang.Object.lambda$flatMap$2(Ljava/util/function/Function;Ljava/lang/Object;)Lorg/gradle/internal/Try;> (0x00000000dc44ad60) thrown at [C:\src\AOSP-openjdk-git\hotspot\src\share\vm\interpreter\linkResolver.
Event: 7.433 Thread 0x000000001d395800 Exception <a 'java/lang/NoSuchMethodError': java.lang.Object.lambda$flatMap$0(Ljava/lang/Throwable;)Lorg/gradle/api/internal/artifacts/transform/CacheableInvocation;> (0x00000000db8a3640) thrown at [C:\src\AOSP-openjdk-git\hotspot\src\share\vm\interpreter
Event: 7.576 Thread 0x000000001d395800 Exception <a 'java/lang/NoSuchMethodError': <clinit>> (0x00000000dbc956c0) thrown at [C:\src\AOSP-openjdk-git\hotspot\src\share\vm\prims\jni.cpp, line 1615]
Event: 7.822 Thread 0x0000000023ee6000 Exception <a 'java/lang/NoSuchMethodError': <clinit>> (0x00000000e18e6230) thrown at [C:\src\AOSP-openjdk-git\hotspot\src\share\vm\prims\jni.cpp, line 1615]
Event: 7.822 Thread 0x0000000023ee6000 Exception <a 'java/lang/NoSuchMethodError': <clinit>> (0x00000000e18e7ba8) thrown at [C:\src\AOSP-openjdk-git\hotspot\src\share\vm\prims\jni.cpp, line 1615]
Event: 7.822 Thread 0x0000000023ee6000 Exception <a 'java/lang/NoSuchMethodError': <clinit>> (0x00000000e18edce0) thrown at [C:\src\AOSP-openjdk-git\hotspot\src\share\vm\prims\jni.cpp, line 1615]
Event: 7.823 Thread 0x0000000023ee6000 Exception <a 'java/lang/NoSuchMethodError': <clinit>> (0x00000000e1902a60) thrown at [C:\src\AOSP-openjdk-git\hotspot\src\share\vm\prims\jni.cpp, line 1615]
Event: 7.823 Thread 0x0000000023ee6000 Exception <a 'java/lang/NoSuchMethodError': <clinit>> (0x00000000e1903d80) thrown at [C:\src\AOSP-openjdk-git\hotspot\src\share\vm\prims\jni.cpp, line 1615]
Event: 7.909 Thread 0x000000001cc66000 Implicit null exception at 0x0000000003f3b994 to 0x0000000003f3b9f7

Events (10 events):
Event: 8.269 Thread 0x0000000023ee6000 DEOPT PACKING pc=0x0000000004858480 sp=0x000000002f18c3d0
Event: 8.269 Thread 0x0000000023ee6000 DEOPT UNPACKING pc=0x00000000033c557b sp=0x000000002f18c390 mode 2
Event: 8.269 Thread 0x0000000023ee6000 Uncommon trap: trap_request=0xffffff65 fr.pc=0x00000000040dedd0
Event: 8.269 Thread 0x0000000023ee6000 DEOPT PACKING pc=0x00000000040dedd0 sp=0x000000002f18c4a0
Event: 8.269 Thread 0x0000000023ee6000 DEOPT UNPACKING pc=0x00000000033c557b sp=0x000000002f18c438 mode 2
Event: 8.412 Thread 0x0000000023ee6000 Uncommon trap: trap_request=0xffffff65 fr.pc=0x0000000004ae2470
Event: 8.412 Thread 0x0000000023ee6000 DEOPT PACKING pc=0x0000000004ae2470 sp=0x000000002f18c690
Event: 8.412 Thread 0x0000000023ee6000 DEOPT UNPACKING pc=0x00000000033c557b sp=0x000000002f18c588 mode 2
Event: 8.428 Executing VM operation: ParallelGCFailedAllocation
Event: 8.446 Executing VM operation: ParallelGCFailedAllocation done


Dynamic libraries:
0x00007ff60b560000 - 0x00007ff60b591000 	D:\android studio\jre\bin\java.exe
0x00007ffa20250000 - 0x00007ffa20445000 	C:\WINDOWS\SYSTEM32\ntdll.dll
0x00007ffa1ff90000 - 0x00007ffa2004d000 	C:\WINDOWS\System32\KERNEL32.DLL
0x00007ffa1dc70000 - 0x00007ffa1df39000 	C:\WINDOWS\System32\KERNELBASE.dll
0x00007ffa1e3e0000 - 0x00007ffa1e48c000 	C:\WINDOWS\System32\ADVAPI32.dll
0x00007ffa20050000 - 0x00007ffa200ee000 	C:\WINDOWS\System32\msvcrt.dll
0x00007ffa1e490000 - 0x00007ffa1e52c000 	C:\WINDOWS\System32\sechost.dll
0x00007ffa1f770000 - 0x00007ffa1f89b000 	C:\WINDOWS\System32\RPCRT4.dll
0x00007ffa1f9c0000 - 0x00007ffa1fb60000 	C:\WINDOWS\System32\USER32.dll
0x00007ffa1dfc0000 - 0x00007ffa1dfe2000 	C:\WINDOWS\System32\win32u.dll
0x00007ffa1ec90000 - 0x00007ffa1ecba000 	C:\WINDOWS\System32\GDI32.dll
0x00007ffa1db60000 - 0x00007ffa1dc6b000 	C:\WINDOWS\System32\gdi32full.dll
0x00007ffa1dac0000 - 0x00007ffa1db5d000 	C:\WINDOWS\System32\msvcp_win.dll
0x00007ffa1e150000 - 0x00007ffa1e250000 	C:\WINDOWS\System32\ucrtbase.dll
0x00007ffa05c90000 - 0x00007ffa05f2a000 	C:\WINDOWS\WinSxS\amd64_microsoft.windows.common-controls_6595b64144ccf1df_6.0.19041.844_none_ca00b6081b84eb1d\COMCTL32.dll
0x00007ffa1f980000 - 0x00007ffa1f9b0000 	C:\WINDOWS\System32\IMM32.DLL
0x0000000057600000 - 0x00000000576d2000 	D:\android studio\jre\jre\bin\msvcr100.dll
0x0000000058090000 - 0x00000000588db000 	D:\android studio\jre\jre\bin\server\jvm.dll
0x00007ffa1fbc0000 - 0x00007ffa1fbc8000 	C:\WINDOWS\System32\PSAPI.DLL
0x00007ffa183b0000 - 0x00007ffa183b9000 	C:\WINDOWS\SYSTEM32\WSOCK32.dll
0x00007ffa139b0000 - 0x00007ffa139ba000 	C:\WINDOWS\SYSTEM32\VERSION.dll
0x00007ffa1f700000 - 0x00007ffa1f76b000 	C:\WINDOWS\System32\WS2_32.dll
0x00007ffa124c0000 - 0x00007ffa124e7000 	C:\WINDOWS\SYSTEM32\WINMM.dll
0x00007ffa18960000 - 0x00007ffa1896f000 	D:\android studio\jre\jre\bin\verify.dll
0x00007ffa160d0000 - 0x00007ffa160f9000 	D:\android studio\jre\jre\bin\java.dll
0x00007ffa15320000 - 0x00007ffa15336000 	D:\android studio\jre\jre\bin\zip.dll
0x00007ffa1ecc0000 - 0x00007ffa1f402000 	C:\WINDOWS\System32\SHELL32.dll
0x00007ffa1bb10000 - 0x00007ffa1c2a0000 	C:\WINDOWS\SYSTEM32\windows.storage.dll
0x00007ffa1fbd0000 - 0x00007ffa1ff25000 	C:\WINDOWS\System32\combase.dll
0x00007ffa1d400000 - 0x00007ffa1d42c000 	C:\WINDOWS\SYSTEM32\Wldp.dll
0x00007ffa1f4a0000 - 0x00007ffa1f54e000 	C:\WINDOWS\System32\SHCORE.dll
0x00007ffa1ec30000 - 0x00007ffa1ec85000 	C:\WINDOWS\System32\shlwapi.dll
0x00007ffa1d8d0000 - 0x00007ffa1d8ef000 	C:\WINDOWS\SYSTEM32\profapi.dll
0x00007ffa125e0000 - 0x00007ffa125fa000 	D:\android studio\jre\jre\bin\net.dll
0x00007ffa1d180000 - 0x00007ffa1d1ea000 	C:\WINDOWS\system32\mswsock.dll
0x00007ffa108e0000 - 0x00007ffa108f3000 	D:\android studio\jre\jre\bin\nio.dll
0x00007ffa16850000 - 0x00007ffa16877000 	C:\Users\win10\.gradle\native\f6784746aeab05261644944871eae4fe03e0ef1612fff0a4a95f87b438bc6780\windows-amd64\native-platform.dll
0x00007ffa17460000 - 0x00007ffa1746d000 	D:\android studio\jre\jre\bin\management.dll
0x00007ffa1d350000 - 0x00007ffa1d368000 	C:\WINDOWS\SYSTEM32\CRYPTSP.dll
0x00007ffa1cab0000 - 0x00007ffa1cae4000 	C:\WINDOWS\system32\rsaenh.dll
0x00007ffa1df40000 - 0x00007ffa1df67000 	C:\WINDOWS\System32\bcrypt.dll
0x00007ffa1d890000 - 0x00007ffa1d8be000 	C:\WINDOWS\SYSTEM32\USERENV.dll
0x00007ffa1da40000 - 0x00007ffa1dac0000 	C:\WINDOWS\System32\bcryptprimitives.dll
0x00007ffa1d370000 - 0x00007ffa1d37c000 	C:\WINDOWS\SYSTEM32\CRYPTBASE.dll
0x00007ffa1ce20000 - 0x00007ffa1ce5b000 	C:\WINDOWS\SYSTEM32\IPHLPAPI.DLL
0x00007ffa1f9b0000 - 0x00007ffa1f9b8000 	C:\WINDOWS\System32\NSI.dll
0x00007ffa166d0000 - 0x00007ffa166e7000 	C:\WINDOWS\SYSTEM32\dhcpcsvc6.DLL
0x00007ffa16720000 - 0x00007ffa1673d000 	C:\WINDOWS\SYSTEM32\dhcpcsvc.DLL
0x00007ffa1ce60000 - 0x00007ffa1cf2b000 	C:\WINDOWS\SYSTEM32\DNSAPI.dll
0x00007ffa17210000 - 0x00007ffa1721b000 	C:\WINDOWS\SYSTEM32\WINNSI.DLL

VM Arguments:
jvm_args: -Xmx2048m -Dfile.encoding=UTF-8 -Duser.country=KR -Duser.language=ko -Duser.variant 
java_command: org.gradle.launcher.daemon.bootstrap.GradleDaemon 6.5
java_class_path (initial): C:\Users\win10\.gradle\wrapper\dists\gradle-6.5-bin\6nifqtx7604sqp1q6g8wikw7p\gradle-6.5\lib\gradle-launcher-6.5.jar
Launcher Type: SUN_STANDARD

Environment Variables:
PATH=C:\ProgramData\Anaconda3;C:\ProgramData\Anaconda3\Library\mingw-w64\bin;C:\ProgramData\Anaconda3\Library\usr\bin;C:\ProgramData\Anaconda3\Library\bin;C:\ProgramData\Anaconda3\Scripts;C:\Program Files (x86)\Common Files\Oracle\Java\javapath;C:\ProgramData\Oracle\Java\javapath;C:\Program Files (x86)\NAT Service;C:\Program Files (x86)\Intel\Intel(R) Management Engine Components\iCLS\;C:\Program Files\Intel\Intel(R) Management Engine Components\iCLS\;C:\WINDOWS\system32;C:\WINDOWS;C:\WINDOWS\System32\Wbem;C:\WINDOWS\System32\WindowsPowerShell\v1.0\;C:\Program Files (x86)\Intel\Intel(R) Management Engine Components\DAL;C:\Program Files\Intel\Intel(R) Management Engine Components\DAL;C:\Program Files (x86)\Intel\Intel(R) Management Engine Components\IPT;C:\Program Files\Intel\Intel(R) Management Engine Components\IPT;C:\WINDOWS\System32\OpenSSH\;C:\Program Files\PuTTY\;D:\;C:\Program Files\Git\cmd;C:\Program Files\MySQL\MySQL Shell 8.0\bin\;C:\Users\win10\AppData\Local\Programs\Python\Python38-32\Scripts\;C:\Users\win10\AppData\Local\Programs\Python\Python38-32\;C:\Users\win10\AppData\Local\Microsoft\WindowsApps;C:\Users\win10\AppData\Roaming\npm;C:\Users\win10\AppData\Local\atom\bin
USERNAME=win10
OS=Windows_NT
PROCESSOR_IDENTIFIER=Intel64 Family 6 Model 158 Stepping 10, GenuineIntel



---------------  S Y S T E M  ---------------

OS: Windows 10.0 , 64 bit Build 19041 (10.0.19041.804)

CPU:total 12 (initial active 12) (6 cores per cpu, 2 threads per core) family 6 model 158 stepping 10, cmov, cx8, fxsr, mmx, sse, sse2, sse3, ssse3, sse4.1, sse4.2, popcnt, avx, avx2, aes, clmul, erms, rtm, 3dnowpref, lzcnt, ht, tsc, tscinvbit, bmi1, bmi2, adx

Memory: 4k page, physical 16688920k(3651828k free), swap 47882624k(5324k free)

vm_info: OpenJDK 64-Bit Server VM (25.242-b01) for windows-amd64 JRE (1.8.0_242-release-1644-b01), built by "builder" with MS VC++ 10.0 (VS2010)

time: Wed Apr 14 23:55:47 2021
timezone: 대한민국 표준시
elapsed time: 8 seconds (0d 0h 0m 8s)

