#
# There is insufficient memory for the Java Runtime Environment to continue.
# Native memory allocation (malloc) failed to allocate 1133056 bytes for Chunk::new
# Possible reasons:
#   The system is out of physical RAM or swap space
#   The process is running with CompressedOops enabled, and the Java Heap may be blocking the growth of the native heap
# Possible solutions:
#   Reduce memory load on the system
#   Increase physical memory or swap space
#   Check if swap backing store is full
#   Decrease Java heap size (-Xmx/-Xms)
#   Decrease number of Java threads
#   Decrease Java thread stack sizes (-Xss)
#   Set larger code cache with -XX:ReservedCodeCacheSize=
#   JVM is running with Unscaled Compressed Oops mode in which the Java heap is
#     placed in the first 4GB address space. The Java Heap base address is the
#     maximum limit for the native heap growth. Please use -XX:HeapBaseMinAddress
#     to set the Java Heap base and to place the Java Heap above 4GB virtual address.
# This output file may be truncated or incomplete.
#
#  Out of Memory Error (allocation.cpp:389), pid=14156, tid=0x000000000000135c
#
# JRE version: OpenJDK Runtime Environment (8.0_242-b01) (build 1.8.0_242-release-1644-b01)
# Java VM: OpenJDK 64-Bit Server VM (25.242-b01 mixed mode windows-amd64 compressed oops)
# Failed to write core dump. Minidumps are not enabled by default on client versions of Windows
#

---------------  T H R E A D  ---------------

Current thread (0x0000000017d69000):  JavaThread "C2 CompilerThread0" daemon [_thread_in_native, id=4956, stack(0x000000001aa40000,0x000000001ab40000)]

Stack: [0x000000001aa40000,0x000000001ab40000]
[error occurred during error reporting (printing stack bounds), id 0xc0000005]

Native frames: (J=compiled Java code, j=interpreted, Vv=VM code, C=native code)


Current CompileTask:
C2:   4192 2722   !   4       java.security.SecureClassLoader::getProtectionDomain (114 bytes)


---------------  P R O C E S S  ---------------

Java Threads: ( => current thread )
  0x000000001cef9800 JavaThread "Cache worker for file content cache (C:\Users\win10\.gradle\caches\6.5\fileContent)" [_thread_blocked, id=3864, stack(0x00000000231e0000,0x00000000232e0000)]
  0x000000001cef8000 JavaThread "jar transforms" [_thread_blocked, id=20692, stack(0x00000000230e0000,0x00000000231e0000)]
  0x000000001cef5000 JavaThread "Cache worker for execution history cache (C:\Users\win10\.gradle\caches\6.5\executionHistory)" [_thread_blocked, id=25420, stack(0x00000000229e0000,0x0000000022ae0000)]
  0x000000001cef7000 JavaThread "Cache worker for cache directory md-rule (C:\Users\win10\.gradle\caches\6.5\md-rule)" [_thread_blocked, id=21384, stack(0x0000000021640000,0x0000000021740000)]
  0x000000001cef4000 JavaThread "Cache worker for cache directory md-supplier (C:\Users\win10\.gradle\caches\6.5\md-supplier)" [_thread_blocked, id=21664, stack(0x0000000021180000,0x0000000021280000)]
  0x000000001cef6800 JavaThread "Cache worker for checksums cache (D:\MyApplication\.gradle\checksums)" [_thread_blocked, id=7228, stack(0x0000000021080000,0x0000000021180000)]
  0x000000001cefb000 JavaThread "Cache worker for file hash cache (D:\MyApplication\.gradle\6.5\fileHashes)" [_thread_blocked, id=21740, stack(0x0000000021330000,0x0000000021430000)]
  0x000000001cef5800 JavaThread "Cache worker for file hash cache (C:\Users\win10\.gradle\caches\6.5\fileHashes)" [_thread_blocked, id=15468, stack(0x000000001ede0000,0x000000001eee0000)]
  0x000000001cef8800 JavaThread "File lock request listener" [_thread_in_native, id=5760, stack(0x000000001ece0000,0x000000001ede0000)]
  0x000000001d1f1800 JavaThread "Cache worker for journal cache (C:\Users\win10\.gradle\caches\journal-1)" [_thread_blocked, id=22256, stack(0x000000001ebe0000,0x000000001ece0000)]
  0x000000001ce2d800 JavaThread "Thread-9" [_thread_blocked, id=14256, stack(0x000000001e8e0000,0x000000001e9e0000)]
  0x000000001ce2c800 JavaThread "Stdin handler" [_thread_blocked, id=23112, stack(0x000000001e7e0000,0x000000001e8e0000)]
  0x000000001ce39800 JavaThread "Asynchronous log dispatcher for DefaultDaemonConnection: socket connection from /127.0.0.1:49669 to /127.0.0.1:49670" [_thread_blocked, id=7436, stack(0x000000001e6e0000,0x000000001e7e0000)]
  0x000000001cdec000 JavaThread "Daemon worker" [_thread_in_vm, id=2252, stack(0x000000001e5e0000,0x000000001e6e0000)]
  0x000000001ce53000 JavaThread "Cancel handler" [_thread_blocked, id=7948, stack(0x000000001e4e0000,0x000000001e5e0000)]
  0x000000001c80d000 JavaThread "Handler for socket connection from /127.0.0.1:49669 to /127.0.0.1:49670" [_thread_in_native, id=16496, stack(0x000000001e3e0000,0x000000001e4e0000)]
  0x000000001cddf800 JavaThread "Daemon" [_thread_blocked, id=8608, stack(0x000000001e1e0000,0x000000001e2e0000)]
  0x000000001cdbc800 JavaThread "Daemon periodic checks" [_thread_blocked, id=1808, stack(0x000000001dee0000,0x000000001dfe0000)]
  0x000000001cda8800 JavaThread "Incoming local TCP Connector on port 49669" [_thread_in_native, id=13012, stack(0x000000001dd00000,0x000000001de00000)]
  0x000000001cca0800 JavaThread "Daemon health stats" [_thread_blocked, id=16332, stack(0x000000001d9e0000,0x000000001dae0000)]
  0x00000000194d1000 JavaThread "Service Thread" daemon [_thread_blocked, id=3252, stack(0x000000001ae40000,0x000000001af40000)]
  0x00000000194c0800 JavaThread "C1 CompilerThread3" daemon [_thread_blocked, id=15176, stack(0x000000001ad40000,0x000000001ae40000)]
  0x00000000194bf000 JavaThread "C2 CompilerThread2" daemon [_thread_in_native, id=23804, stack(0x000000001ac40000,0x000000001ad40000)]
  0x0000000017d6e000 JavaThread "C2 CompilerThread1" daemon [_thread_in_native, id=23420, stack(0x000000001ab40000,0x000000001ac40000)]
=>0x0000000017d69000 JavaThread "C2 CompilerThread0" daemon [_thread_in_native, id=4956, stack(0x000000001aa40000,0x000000001ab40000)]
  0x0000000019463000 JavaThread "Attach Listener" daemon [_thread_blocked, id=18576, stack(0x000000001a940000,0x000000001aa40000)]
  0x00000000194ba000 JavaThread "Signal Dispatcher" daemon [_thread_blocked, id=1684, stack(0x000000001a840000,0x000000001a940000)]
  0x0000000017d61800 JavaThread "Finalizer" daemon [_thread_blocked, id=17540, stack(0x000000001a6b0000,0x000000001a7b0000)]
  0x0000000019443000 JavaThread "Reference Handler" daemon [_thread_blocked, id=20672, stack(0x000000001a5b0000,0x000000001a6b0000)]
  0x0000000000c8e000 JavaThread "main" [_thread_blocked, id=22608, stack(0x00000000028f0000,0x00000000029f0000)]

Other Threads:
  0x0000000019422800 VMThread [stack: 0x000000001a4b0000,0x000000001a5b0000] [id=9076]
  0x00000000194d3800 WatcherThread [stack: 0x000000001af40000,0x000000001b040000] [id=9312]

VM state:not at safepoint (normal execution)

VM Mutex/Monitor currently owned by a thread: None

heap address: 0x0000000080000000, size: 2048 MB, Compressed Oops mode: 32-bit
Narrow klass base: 0x0000000000000000, Narrow klass shift: 3
Compressed class space size: 1073741824 Address: 0x0000000100000000

Heap:
 PSYoungGen      total 128000K, used 19512K [0x00000000d5580000, 0x00000000dde80000, 0x0000000100000000)
  eden space 115712K, 16% used [0x00000000d5580000,0x00000000d688e080,0x00000000dc680000)
  from space 12288K, 0% used [0x00000000dc680000,0x00000000dc680000,0x00000000dd280000)
  to   space 10752K, 0% used [0x00000000dd400000,0x00000000dd400000,0x00000000dde80000)
 ParOldGen       total 128512K, used 14661K [0x0000000080000000, 0x0000000087d80000, 0x00000000d5580000)
  object space 128512K, 11% used [0x0000000080000000,0x0000000080e516c8,0x0000000087d80000)
 Metaspace       used 35099K, capacity 36302K, committed 36568K, reserved 1081344K
  class space    used 4827K, capacity 5100K, committed 5120K, reserved 1048576K

Card table byte_map: [0x0000000011eb0000,0x00000000122c0000] byte_map_base: 0x0000000011ab0000

Marking Bits: (ParMarkBitMap*) 0x000000005885f030
 Begin Bits: [0x0000000012f70000, 0x0000000014f70000)
 End Bits:   [0x0000000014f70000, 0x0000000016f70000)

Polling page: 0x0000000000740000

CodeCache: size=245760Kb used=10645Kb max_used=10660Kb free=235114Kb
 bounds [0x0000000002af0000, 0x0000000003560000, 0x0000000011af0000]
 total_blobs=3449 nmethods=2755 adapters=607
 compilation: enabled

Compilation events (10 events):
Event: 4.180 Thread 0x00000000194c0800 2759       3       java.lang.Long::valueOf (36 bytes)
Event: 4.181 Thread 0x00000000194c0800 nmethod 2759 0x0000000003553990 code [0x0000000003553b00, 0x0000000003553e70]
Event: 4.182 Thread 0x00000000194c0800 2760       3       java.lang.invoke.ConstantCallSite::getTarget (20 bytes)
Event: 4.183 Thread 0x00000000194c0800 nmethod 2760 0x0000000003555550 code [0x00000000035556c0, 0x0000000003555928]
Event: 4.184 Thread 0x00000000194c0800 2761       3       java.util.concurrent.locks.ReentrantLock$Sync::isHeldExclusively (16 bytes)
Event: 4.184 Thread 0x00000000194c0800 nmethod 2761 0x0000000003555150 code [0x00000000035552a0, 0x00000000035554f0]
Event: 4.184 Thread 0x0000000017d6e000 nmethod 2742 0x0000000003558cd0 code [0x0000000003558ee0, 0x000000000355aa68]
Event: 4.184 Thread 0x0000000017d6e000 2743       4       java.security.CodeSource::equals (60 bytes)
Event: 4.186 Thread 0x0000000017d6e000 nmethod 2743 0x0000000003554b50 code [0x0000000003554cc0, 0x0000000003554ea8]
Event: 4.186 Thread 0x0000000017d6e000 2748       4       java.lang.StringBuilder::append (8 bytes)

GC Heap History (10 events):
Event: 2.857 GC heap before
{Heap before GC invocations=5 (full 1):
 PSYoungGen      total 76288K, used 7494K [0x00000000d5580000, 0x00000000daa80000, 0x0000000100000000)
  eden space 65536K, 0% used [0x00000000d5580000,0x00000000d5580000,0x00000000d9580000)
  from space 10752K, 69% used [0x00000000da000000,0x00000000da7519f0,0x00000000daa80000)
  to   space 10752K, 0% used [0x00000000d9580000,0x00000000d9580000,0x00000000da000000)
 ParOldGen       total 175104K, used 1217K [0x0000000080000000, 0x000000008ab00000, 0x00000000d5580000)
  object space 175104K, 0% used [0x0000000080000000,0x00000000801305d0,0x000000008ab00000)
 Metaspace       used 20542K, capacity 21204K, committed 21248K, reserved 1067008K
  class space    used 2864K, capacity 3048K, committed 3072K, reserved 1048576K
Event: 2.881 GC heap after
Heap after GC invocations=5 (full 1):
 PSYoungGen      total 76288K, used 0K [0x00000000d5580000, 0x00000000daa80000, 0x0000000100000000)
  eden space 65536K, 0% used [0x00000000d5580000,0x00000000d5580000,0x00000000d9580000)
  from space 10752K, 0% used [0x00000000da000000,0x00000000da000000,0x00000000daa80000)
  to   space 10752K, 0% used [0x00000000d9580000,0x00000000d9580000,0x00000000da000000)
 ParOldGen       total 86528K, used 7264K [0x0000000080000000, 0x0000000085480000, 0x00000000d5580000)
  object space 86528K, 8% used [0x0000000080000000,0x0000000080718288,0x0000000085480000)
 Metaspace       used 20542K, capacity 21204K, committed 21248K, reserved 1067008K
  class space    used 2864K, capacity 3048K, committed 3072K, reserved 1048576K
}
Event: 3.364 GC heap before
{Heap before GC invocations=6 (full 1):
 PSYoungGen      total 76288K, used 65536K [0x00000000d5580000, 0x00000000daa80000, 0x0000000100000000)
  eden space 65536K, 100% used [0x00000000d5580000,0x00000000d9580000,0x00000000d9580000)
  from space 10752K, 0% used [0x00000000da000000,0x00000000da000000,0x00000000daa80000)
  to   space 10752K, 0% used [0x00000000d9580000,0x00000000d9580000,0x00000000da000000)
 ParOldGen       total 86528K, used 7264K [0x0000000080000000, 0x0000000085480000, 0x00000000d5580000)
  object space 86528K, 8% used [0x0000000080000000,0x0000000080718288,0x0000000085480000)
 Metaspace       used 28449K, capacity 29276K, committed 29568K, reserved 1075200K
  class space    used 3931K, capacity 4156K, committed 4224K, reserved 1048576K
Event: 3.368 GC heap after
Heap after GC invocations=6 (full 1):
 PSYoungGen      total 76288K, used 8216K [0x00000000d5580000, 0x00000000de000000, 0x0000000100000000)
  eden space 65536K, 0% used [0x00000000d5580000,0x00000000d5580000,0x00000000d9580000)
  from space 10752K, 76% used [0x00000000d9580000,0x00000000d9d86228,0x00000000da000000)
  to   space 12288K, 0% used [0x00000000dd400000,0x00000000dd400000,0x00000000de000000)
 ParOldGen       total 86528K, used 7272K [0x0000000080000000, 0x0000000085480000, 0x00000000d5580000)
  object space 86528K, 8% used [0x0000000080000000,0x000000008071a288,0x0000000085480000)
 Metaspace       used 28449K, capacity 29276K, committed 29568K, reserved 1075200K
  class space    used 3931K, capacity 4156K, committed 4224K, reserved 1048576K
}
Event: 3.778 GC heap before
{Heap before GC invocations=7 (full 1):
 PSYoungGen      total 76288K, used 73752K [0x00000000d5580000, 0x00000000de000000, 0x0000000100000000)
  eden space 65536K, 100% used [0x00000000d5580000,0x00000000d9580000,0x00000000d9580000)
  from space 10752K, 76% used [0x00000000d9580000,0x00000000d9d86228,0x00000000da000000)
  to   space 12288K, 0% used [0x00000000dd400000,0x00000000dd400000,0x00000000de000000)
 ParOldGen       total 86528K, used 7272K [0x0000000080000000, 0x0000000085480000, 0x00000000d5580000)
  object space 86528K, 8% used [0x0000000080000000,0x000000008071a288,0x0000000085480000)
 Metaspace       used 32758K, capacity 33808K, committed 34048K, reserved 1079296K
  class space    used 4471K, capacity 4754K, committed 4864K, reserved 1048576K
Event: 3.786 GC heap after
Heap after GC invocations=7 (full 1):
 PSYoungGen      total 126464K, used 9258K [0x00000000d5580000, 0x00000000dde80000, 0x0000000100000000)
  eden space 115712K, 0% used [0x00000000d5580000,0x00000000d5580000,0x00000000dc680000)
  from space 10752K, 86% used [0x00000000dd400000,0x00000000ddd0ab00,0x00000000dde80000)
  to   space 12288K, 0% used [0x00000000dc680000,0x00000000dc680000,0x00000000dd280000)
 ParOldGen       total 86528K, used 7280K [0x0000000080000000, 0x0000000085480000, 0x00000000d5580000)
  object space 86528K, 8% used [0x0000000080000000,0x000000008071c288,0x0000000085480000)
 Metaspace       used 32758K, capacity 33808K, committed 34048K, reserved 1079296K
  class space    used 4471K, capacity 4754K, committed 4864K, reserved 1048576K
}
Event: 4.008 GC heap before
{Heap before GC invocations=8 (full 1):
 PSYoungGen      total 126464K, used 38378K [0x00000000d5580000, 0x00000000dde80000, 0x0000000100000000)
  eden space 115712K, 25% used [0x00000000d5580000,0x00000000d71effd8,0x00000000dc680000)
  from space 10752K, 86% used [0x00000000dd400000,0x00000000ddd0ab00,0x00000000dde80000)
  to   space 12288K, 0% used [0x00000000dc680000,0x00000000dc680000,0x00000000dd280000)
 ParOldGen       total 86528K, used 7280K [0x0000000080000000, 0x0000000085480000, 0x00000000d5580000)
  object space 86528K, 8% used [0x0000000080000000,0x000000008071c288,0x0000000085480000)
 Metaspace       used 34198K, capacity 35392K, committed 35416K, reserved 1079296K
  class space    used 4701K, capacity 4973K, committed 4992K, reserved 1048576K
Event: 4.020 GC heap after
Heap after GC invocations=8 (full 1):
 PSYoungGen      total 128000K, used 8123K [0x00000000d5580000, 0x00000000dde80000, 0x0000000100000000)
  eden space 115712K, 0% used [0x00000000d5580000,0x00000000d5580000,0x00000000dc680000)
  from space 12288K, 66% used [0x00000000dc680000,0x00000000dce6ef18,0x00000000dd280000)
  to   space 10752K, 0% used [0x00000000dd400000,0x00000000dd400000,0x00000000dde80000)
 ParOldGen       total 86528K, used 7288K [0x0000000080000000, 0x0000000085480000, 0x00000000d5580000)
  object space 86528K, 8% used [0x0000000080000000,0x000000008071e288,0x0000000085480000)
 Metaspace       used 34198K, capacity 35392K, committed 35416K, reserved 1079296K
  class space    used 4701K, capacity 4973K, committed 4992K, reserved 1048576K
}
Event: 4.020 GC heap before
{Heap before GC invocations=9 (full 2):
 PSYoungGen      total 128000K, used 8123K [0x00000000d5580000, 0x00000000dde80000, 0x0000000100000000)
  eden space 115712K, 0% used [0x00000000d5580000,0x00000000d5580000,0x00000000dc680000)
  from space 12288K, 66% used [0x00000000dc680000,0x00000000dce6ef18,0x00000000dd280000)
  to   space 10752K, 0% used [0x00000000dd400000,0x00000000dd400000,0x00000000dde80000)
 ParOldGen       total 86528K, used 7288K [0x0000000080000000, 0x0000000085480000, 0x00000000d5580000)
  object space 86528K, 8% used [0x0000000080000000,0x000000008071e288,0x0000000085480000)
 Metaspace       used 34198K, capacity 35392K, committed 35416K, reserved 1079296K
  class space    used 4701K, capacity 4973K, committed 4992K, reserved 1048576K
Event: 4.072 GC heap after
Heap after GC invocations=9 (full 2):
 PSYoungGen      total 128000K, used 0K [0x00000000d5580000, 0x00000000dde80000, 0x0000000100000000)
  eden space 115712K, 0% used [0x00000000d5580000,0x00000000d5580000,0x00000000dc680000)
  from space 12288K, 0% used [0x00000000dc680000,0x00000000dc680000,0x00000000dd280000)
  to   space 10752K, 0% used [0x00000000dd400000,0x00000000dd400000,0x00000000dde80000)
 ParOldGen       total 128512K, used 14661K [0x0000000080000000, 0x0000000087d80000, 0x00000000d5580000)
  object space 128512K, 11% used [0x0000000080000000,0x0000000080e516c8,0x0000000087d80000)
 Metaspace       used 34198K, capacity 35392K, committed 35416K, reserved 1079296K
  class space    used 4701K, capacity 4973K, committed 4992K, reserved 1048576K
}

Deoptimization events (10 events):
Event: 3.145 Thread 0x000000001cdec000 Uncommon trap: reason=unstable_if action=reinterpret pc=0x00000000030e5550 method=java.util.HashMap.putVal(ILjava/lang/Object;Ljava/lang/Object;ZZ)Ljava/lang/Object; @ 162
Event: 3.398 Thread 0x000000001cdec000 Uncommon trap: reason=unstable_if action=reinterpret pc=0x0000000003101bec method=java.net.URLClassLoader.defineClass(Ljava/lang/String;Lsun/misc/Resource;)Ljava/lang/Class; @ 21
Event: 3.399 Thread 0x000000001cdec000 Uncommon trap: reason=unstable_if action=reinterpret pc=0x0000000002ffb5f4 method=java.lang.ClassLoader.getClassLoadingLock(Ljava/lang/String;)Ljava/lang/Object; @ 6
Event: 3.571 Thread 0x000000001cdec000 Uncommon trap: reason=unstable_if action=reinterpret pc=0x00000000030aaf04 method=java.util.HashMap.getNode(ILjava/lang/Object;)Ljava/util/HashMap$Node; @ 53
Event: 3.571 Thread 0x000000001cdec000 Uncommon trap: reason=unstable_if action=reinterpret pc=0x000000000309510c method=java.util.HashMap.putVal(ILjava/lang/Object;Ljava/lang/Object;ZZ)Ljava/lang/Object; @ 85
Event: 3.628 Thread 0x000000001cdec000 Uncommon trap: reason=unstable_if action=reinterpret pc=0x00000000032d10c4 method=org.gradle.internal.reflect.PropertyAccessorType.isGetGetterName(Ljava/lang/String;)Z @ 14
Event: 3.644 Thread 0x000000001cdec000 Uncommon trap: reason=unstable_if action=reinterpret pc=0x00000000031e6d40 method=org.objectweb.asm.ByteVector.putShort(I)Lorg/objectweb/asm/ByteVector; @ 13
Event: 3.701 Thread 0x000000001cdec000 Uncommon trap: reason=unstable_if action=reinterpret pc=0x000000000314e284 method=java.net.URLClassLoader.defineClass(Ljava/lang/String;Lsun/misc/Resource;)Ljava/lang/Class; @ 21
Event: 3.740 Thread 0x000000001cdec000 Uncommon trap: reason=unstable_if action=reinterpret pc=0x000000000349bd88 method=org.codehaus.groovy.runtime.metaclass.MetaMethodIndex.addMethodToList(Ljava/lang/Object;Lgroovy/lang/MetaMethod;)Ljava/lang/Object; @ 226
Event: 3.808 Thread 0x000000001cdec000 Uncommon trap: reason=range_check action=make_not_entrant pc=0x0000000003482a0c method=java.lang.String.charAt(I)C @ 27

Classes redefined (0 events):
No events

Internal exceptions (10 events):
Event: 3.761 Thread 0x000000001cdec000 Exception <a 'java/lang/ClassNotFoundException': org/gradle/api/internal/artifacts/dsl/DefaultRepositoryHandlerCustomizer> (0x00000000d924c9c8) thrown at [C:\src\AOSP-openjdk-git\hotspot\src\share\vm\classfile\systemDictionary.cpp, line 210]
Event: 3.762 Thread 0x000000001cdec000 Exception <a 'java/lang/ClassNotFoundException': org/gradle/api/internal/artifacts/dsl/DefaultRepositoryHandler_DecoratedCustomizer> (0x00000000d92d0130) thrown at [C:\src\AOSP-openjdk-git\hotspot\src\share\vm\classfile\systemDictionary.cpp, line 210]
Event: 3.888 Thread 0x000000001cdec000 Exception <a 'java/lang/ClassNotFoundException': org/gradle/api/internal/artifacts/dsl/dependencies/DefaultDependencyHandler_DecoratedBeanInfo> (0x00000000d6118808) thrown at [C:\src\AOSP-openjdk-git\hotspot\src\share\vm\classfile\systemDictionary.cpp, li
Event: 3.888 Thread 0x000000001cdec000 Exception <a 'java/lang/ClassNotFoundException': org/gradle/api/internal/artifacts/dsl/dependencies/DefaultDependencyHandlerBeanInfo> (0x00000000d6171148) thrown at [C:\src\AOSP-openjdk-git\hotspot\src\share\vm\classfile\systemDictionary.cpp, line 210]
Event: 3.889 Thread 0x000000001cdec000 Exception <a 'java/lang/ClassNotFoundException': org/gradle/api/internal/artifacts/dsl/dependencies/DefaultDependencyHandlerCustomizer> (0x00000000d61cad88) thrown at [C:\src\AOSP-openjdk-git\hotspot\src\share\vm\classfile\systemDictionary.cpp, line 210]
Event: 3.891 Thread 0x000000001cdec000 Exception <a 'java/lang/ClassNotFoundException': org/gradle/api/internal/artifacts/dsl/dependencies/DefaultDependencyHandler_DecoratedCustomizer> (0x00000000d6255ac0) thrown at [C:\src\AOSP-openjdk-git\hotspot\src\share\vm\classfile\systemDictionary.cpp, 
Event: 3.953 Thread 0x000000001cdec000 Exception <a 'java/lang/NoSuchMethodError': java.lang.Object.lambda$static$0(Lorg/gradle/api/internal/artifacts/configurations/MutationValidator$MutationType;)V> (0x00000000d698bdc8) thrown at [C:\src\AOSP-openjdk-git\hotspot\src\share\vm\interpreter\link
Event: 4.105 Thread 0x000000001cdec000 Exception <a 'java/lang/NoSuchMethodError': java.lang.Object.lambda$static$0(Lorg/gradle/internal/component/model/DependencyMetadata;)Lorg/gradle/api/internal/artifacts/ivyservice/dependencysubstitution/DependencySubstitutionApplicator$SubstitutionResult;
Event: 4.146 Thread 0x000000001cdec000 Exception <a 'java/lang/IncompatibleClassChangeError': Found class java.lang.Object, but interface was expected> (0x00000000d60de1a0) thrown at [C:\src\AOSP-openjdk-git\hotspot\src\share\vm\interpreter\linkResolver.cpp, line 653]
Event: 4.147 Thread 0x000000001cdec000 Exception <a 'java/lang/NoSuchMethodError': java.lang.Object.lambda$thenComparing$36697e65$1(Ljava/util/Comparator;Ljava/lang/Object;Ljava/lang/Object;)I> (0x00000000d60e9c50) thrown at [C:\src\AOSP-openjdk-git\hotspot\src\share\vm\interpreter\linkResolve

Events (10 events):
Event: 4.182 loading class org/gradle/api/internal/artifacts/ivyservice/modulecache/DefaultCachedMetadata
Event: 4.182 loading class org/gradle/api/internal/artifacts/ivyservice/modulecache/DefaultCachedMetadata done
Event: 4.182 loading class org/gradle/api/internal/artifacts/ivyservice/modulecache/PersistentModuleMetadataCache
Event: 4.182 loading class org/gradle/api/internal/artifacts/ivyservice/modulecache/PersistentModuleMetadataCache done
Event: 4.185 loading class org/gradle/api/internal/artifacts/ivyservice/WritableArtifactCacheLockingManager$CacheLockingPersistentCache
Event: 4.185 loading class org/gradle/api/internal/artifacts/ivyservice/WritableArtifactCacheLockingManager$CacheLockingPersistentCache done
Event: 4.188 loading class org/gradle/api/internal/artifacts/repositories/resolver/MavenUniqueSnapshotComponentIdentifier
Event: 4.188 loading class org/gradle/api/internal/artifacts/repositories/resolver/MavenUniqueSnapshotComponentIdentifier done
Event: 4.189 loading class org/gradle/api/internal/artifacts/ivyservice/resolveengine/result/ComponentIdentifierSerializer$Implementation
Event: 4.189 loading class org/gradle/api/internal/artifacts/ivyservice/resolveengine/result/ComponentIdentifierSerializer$Implementation done


Dynamic libraries:
0x00007ff6bf3c0000 - 0x00007ff6bf3f1000 	D:\android studio\jre\bin\java.exe
0x00007ffa20250000 - 0x00007ffa20445000 	C:\WINDOWS\SYSTEM32\ntdll.dll
0x00007ffa1ff90000 - 0x00007ffa2004d000 	C:\WINDOWS\System32\KERNEL32.DLL
0x00007ffa1dc70000 - 0x00007ffa1df39000 	C:\WINDOWS\System32\KERNELBASE.dll
0x00007ffa1e3e0000 - 0x00007ffa1e48c000 	C:\WINDOWS\System32\ADVAPI32.dll
0x00007ffa20050000 - 0x00007ffa200ee000 	C:\WINDOWS\System32\msvcrt.dll
0x00007ffa1e490000 - 0x00007ffa1e52c000 	C:\WINDOWS\System32\sechost.dll
0x00007ffa1f770000 - 0x00007ffa1f89b000 	C:\WINDOWS\System32\RPCRT4.dll
0x00007ffa1f9c0000 - 0x00007ffa1fb60000 	C:\WINDOWS\System32\USER32.dll
0x00007ffa1dfc0000 - 0x00007ffa1dfe2000 	C:\WINDOWS\System32\win32u.dll
0x00007ffa1ec90000 - 0x00007ffa1ecba000 	C:\WINDOWS\System32\GDI32.dll
0x00007ffa1db60000 - 0x00007ffa1dc6b000 	C:\WINDOWS\System32\gdi32full.dll
0x00007ffa1dac0000 - 0x00007ffa1db5d000 	C:\WINDOWS\System32\msvcp_win.dll
0x00007ffa1e150000 - 0x00007ffa1e250000 	C:\WINDOWS\System32\ucrtbase.dll
0x00007ffa05c90000 - 0x00007ffa05f2a000 	C:\WINDOWS\WinSxS\amd64_microsoft.windows.common-controls_6595b64144ccf1df_6.0.19041.844_none_ca00b6081b84eb1d\COMCTL32.dll
0x00007ffa1f980000 - 0x00007ffa1f9b0000 	C:\WINDOWS\System32\IMM32.DLL
0x0000000057600000 - 0x00000000576d2000 	D:\android studio\jre\jre\bin\msvcr100.dll
0x0000000058090000 - 0x00000000588db000 	D:\android studio\jre\jre\bin\server\jvm.dll
0x00007ffa1fbc0000 - 0x00007ffa1fbc8000 	C:\WINDOWS\System32\PSAPI.DLL
0x00007ffa183b0000 - 0x00007ffa183b9000 	C:\WINDOWS\SYSTEM32\WSOCK32.dll
0x00007ffa139b0000 - 0x00007ffa139ba000 	C:\WINDOWS\SYSTEM32\VERSION.dll
0x00007ffa124c0000 - 0x00007ffa124e7000 	C:\WINDOWS\SYSTEM32\WINMM.dll
0x00007ffa1f700000 - 0x00007ffa1f76b000 	C:\WINDOWS\System32\WS2_32.dll
0x00007ffa18960000 - 0x00007ffa1896f000 	D:\android studio\jre\jre\bin\verify.dll
0x00007ffa160d0000 - 0x00007ffa160f9000 	D:\android studio\jre\jre\bin\java.dll
0x00007ffa15320000 - 0x00007ffa15336000 	D:\android studio\jre\jre\bin\zip.dll
0x00007ffa1ecc0000 - 0x00007ffa1f402000 	C:\WINDOWS\System32\SHELL32.dll
0x00007ffa1bb10000 - 0x00007ffa1c2a0000 	C:\WINDOWS\SYSTEM32\windows.storage.dll
0x00007ffa1fbd0000 - 0x00007ffa1ff25000 	C:\WINDOWS\System32\combase.dll
0x00007ffa1d400000 - 0x00007ffa1d42c000 	C:\WINDOWS\SYSTEM32\Wldp.dll
0x00007ffa1f4a0000 - 0x00007ffa1f54e000 	C:\WINDOWS\System32\SHCORE.dll
0x00007ffa1ec30000 - 0x00007ffa1ec85000 	C:\WINDOWS\System32\shlwapi.dll
0x00007ffa1d8d0000 - 0x00007ffa1d8ef000 	C:\WINDOWS\SYSTEM32\profapi.dll
0x00007ffa125e0000 - 0x00007ffa125fa000 	D:\android studio\jre\jre\bin\net.dll
0x00007ffa1d180000 - 0x00007ffa1d1ea000 	C:\WINDOWS\system32\mswsock.dll
0x00007ffa108e0000 - 0x00007ffa108f3000 	D:\android studio\jre\jre\bin\nio.dll
0x00007ffa16850000 - 0x00007ffa16877000 	C:\Users\win10\.gradle\native\f6784746aeab05261644944871eae4fe03e0ef1612fff0a4a95f87b438bc6780\windows-amd64\native-platform.dll
0x00007ffa17460000 - 0x00007ffa1746d000 	D:\android studio\jre\jre\bin\management.dll
0x00007ffa1d350000 - 0x00007ffa1d368000 	C:\WINDOWS\SYSTEM32\CRYPTSP.dll
0x00007ffa1cab0000 - 0x00007ffa1cae4000 	C:\WINDOWS\system32\rsaenh.dll
0x00007ffa1df40000 - 0x00007ffa1df67000 	C:\WINDOWS\System32\bcrypt.dll
0x00007ffa1d890000 - 0x00007ffa1d8be000 	C:\WINDOWS\SYSTEM32\USERENV.dll
0x00007ffa1da40000 - 0x00007ffa1dac0000 	C:\WINDOWS\System32\bcryptprimitives.dll
0x00007ffa1d370000 - 0x00007ffa1d37c000 	C:\WINDOWS\SYSTEM32\CRYPTBASE.dll
0x00007ffa1ce20000 - 0x00007ffa1ce5b000 	C:\WINDOWS\SYSTEM32\IPHLPAPI.DLL
0x00007ffa1f9b0000 - 0x00007ffa1f9b8000 	C:\WINDOWS\System32\NSI.dll
0x00007ffa166d0000 - 0x00007ffa166e7000 	C:\WINDOWS\SYSTEM32\dhcpcsvc6.DLL
0x00007ffa16720000 - 0x00007ffa1673d000 	C:\WINDOWS\SYSTEM32\dhcpcsvc.DLL
0x00007ffa1ce60000 - 0x00007ffa1cf2b000 	C:\WINDOWS\SYSTEM32\DNSAPI.dll
0x00007ffa17210000 - 0x00007ffa1721b000 	C:\WINDOWS\SYSTEM32\WINNSI.DLL

VM Arguments:
jvm_args: -Xmx2048m -Dfile.encoding=UTF-8 -Duser.country=KR -Duser.language=ko -Duser.variant 
java_command: org.gradle.launcher.daemon.bootstrap.GradleDaemon 6.5
java_class_path (initial): C:\Users\win10\.gradle\wrapper\dists\gradle-6.5-bin\6nifqtx7604sqp1q6g8wikw7p\gradle-6.5\lib\gradle-launcher-6.5.jar
Launcher Type: SUN_STANDARD

Environment Variables:
PATH=C:\ProgramData\Anaconda3;C:\ProgramData\Anaconda3\Library\mingw-w64\bin;C:\ProgramData\Anaconda3\Library\usr\bin;C:\ProgramData\Anaconda3\Library\bin;C:\ProgramData\Anaconda3\Scripts;C:\Program Files (x86)\Common Files\Oracle\Java\javapath;C:\ProgramData\Oracle\Java\javapath;C:\Program Files (x86)\NAT Service;C:\Program Files (x86)\Intel\Intel(R) Management Engine Components\iCLS\;C:\Program Files\Intel\Intel(R) Management Engine Components\iCLS\;C:\WINDOWS\system32;C:\WINDOWS;C:\WINDOWS\System32\Wbem;C:\WINDOWS\System32\WindowsPowerShell\v1.0\;C:\Program Files (x86)\Intel\Intel(R) Management Engine Components\DAL;C:\Program Files\Intel\Intel(R) Management Engine Components\DAL;C:\Program Files (x86)\Intel\Intel(R) Management Engine Components\IPT;C:\Program Files\Intel\Intel(R) Management Engine Components\IPT;C:\WINDOWS\System32\OpenSSH\;C:\Program Files\PuTTY\;D:\;C:\Program Files\Git\cmd;C:\Program Files\MySQL\MySQL Shell 8.0\bin\;C:\Users\win10\AppData\Local\Programs\Python\Python38-32\Scripts\;C:\Users\win10\AppData\Local\Programs\Python\Python38-32\;C:\Users\win10\AppData\Local\Microsoft\WindowsApps;C:\Users\win10\AppData\Roaming\npm;C:\Users\win10\AppData\Local\atom\bin
USERNAME=win10
OS=Windows_NT
PROCESSOR_IDENTIFIER=Intel64 Family 6 Model 158 Stepping 10, GenuineIntel



---------------  S Y S T E M  ---------------

OS: Windows 10.0 , 64 bit Build 19041 (10.0.19041.804)

CPU:total 12 (initial active 12) (6 cores per cpu, 2 threads per core) family 6 model 158 stepping 10, cmov, cx8, fxsr, mmx, sse, sse2, sse3, ssse3, sse4.1, sse4.2, popcnt, avx, avx2, aes, clmul, erms, rtm, 3dnowpref, lzcnt, ht, tsc, tscinvbit, bmi1, bmi2, adx

Memory: 4k page, physical 16688920k(3851140k free), swap 47882624k(7512k free)

vm_info: OpenJDK 64-Bit Server VM (25.242-b01) for windows-amd64 JRE (1.8.0_242-release-1644-b01), built by "builder" with MS VC++ 10.0 (VS2010)

time: Wed Apr 14 23:49:08 2021
timezone: 대한민국 표준시
elapsed time: 4 seconds (0d 0h 0m 4s)

