#
# There is insufficient memory for the Java Runtime Environment to continue.
# Native memory allocation (malloc) failed to allocate 824016 bytes for Chunk::new
# Possible reasons:
#   The system is out of physical RAM or swap space
#   The process is running with CompressedOops enabled, and the Java Heap may be blocking the growth of the native heap
# Possible solutions:
#   Reduce memory load on the system
#   Increase physical memory or swap space
#   Check if swap backing store is full
#   Decrease Java heap size (-Xmx/-Xms)
#   Decrease number of Java threads
#   Decrease Java thread stack sizes (-Xss)
#   Set larger code cache with -XX:ReservedCodeCacheSize=
#   JVM is running with Unscaled Compressed Oops mode in which the Java heap is
#     placed in the first 4GB address space. The Java Heap base address is the
#     maximum limit for the native heap growth. Please use -XX:HeapBaseMinAddress
#     to set the Java Heap base and to place the Java Heap above 4GB virtual address.
# This output file may be truncated or incomplete.
#
#  Out of Memory Error (allocation.cpp:389), pid=25592, tid=0x0000000000004934
#
# JRE version: OpenJDK Runtime Environment (8.0_242-b01) (build 1.8.0_242-release-1644-b01)
# Java VM: OpenJDK 64-Bit Server VM (25.242-b01 mixed mode windows-amd64 compressed oops)
# Failed to write core dump. Minidumps are not enabled by default on client versions of Windows
#

---------------  T H R E A D  ---------------

Current thread (0x000000001999b000):  JavaThread "C2 CompilerThread1" daemon [_thread_in_native, id=18740, stack(0x000000001af80000,0x000000001b080000)]

Stack: [0x000000001af80000,0x000000001b080000]
[error occurred during error reporting (printing stack bounds), id 0xc0000005]

Native frames: (J=compiled Java code, j=interpreted, Vv=VM code, C=native code)


Current CompileTask:
C2:   6457 5058       4       sun.reflect.generics.parser.SignatureParser::parsePackageNameAndSimpleClassTypeSignature (139 bytes)


---------------  P R O C E S S  ---------------

Java Threads: ( => current thread )
  0x0000000020966800 JavaThread "Cache worker for Build Output Cleanup Cache (D:\MyApplication\.gradle\buildOutputCleanup)" [_thread_blocked, id=5268, stack(0x000000002bac0000,0x000000002bbc0000)]
  0x0000000020962800 JavaThread "jar transforms Thread 94" [_thread_blocked, id=5000, stack(0x000000002b5c0000,0x000000002b6c0000)]
  0x000000002095a800 JavaThread "jar transforms Thread 93" [_thread_blocked, id=13660, stack(0x000000002b4c0000,0x000000002b5c0000)]
  0x0000000020961000 JavaThread "jar transforms Thread 92" [_thread_blocked, id=20996, stack(0x000000002b3c0000,0x000000002b4c0000)]
  0x000000002095f800 JavaThread "jar transforms Thread 91" [_thread_blocked, id=22196, stack(0x000000002b2c0000,0x000000002b3c0000)]
  0x0000000020960800 JavaThread "jar transforms Thread 90" [_thread_blocked, id=11864, stack(0x000000002b1c0000,0x000000002b2c0000)]
  0x0000000020958000 JavaThread "jar transforms Thread 89" [_thread_blocked, id=3672, stack(0x000000002b0c0000,0x000000002b1c0000)]
  0x000000002095f000 JavaThread "jar transforms Thread 88" [_thread_blocked, id=14412, stack(0x000000002afc0000,0x000000002b0c0000)]
  0x000000002095e000 JavaThread "jar transforms Thread 87" [_thread_blocked, id=2272, stack(0x000000002aec0000,0x000000002afc0000)]
  0x0000000020959800 JavaThread "jar transforms Thread 86" [_thread_blocked, id=9512, stack(0x000000002adc0000,0x000000002aec0000)]
  0x0000000020957800 JavaThread "jar transforms Thread 85" [_thread_blocked, id=22444, stack(0x000000002acc0000,0x000000002adc0000)]
  0x000000002095b000 JavaThread "jar transforms Thread 84" [_thread_blocked, id=5572, stack(0x000000002abc0000,0x000000002acc0000)]
  0x000000002095d800 JavaThread "jar transforms Thread 83" [_thread_blocked, id=16952, stack(0x000000002aac0000,0x000000002abc0000)]
  0x0000000020959000 JavaThread "jar transforms Thread 82" [_thread_blocked, id=392, stack(0x000000002a9c0000,0x000000002aac0000)]
  0x000000002095c000 JavaThread "jar transforms Thread 81" [_thread_blocked, id=18660, stack(0x000000002a8c0000,0x000000002a9c0000)]
  0x000000002095c800 JavaThread "jar transforms Thread 80" [_thread_blocked, id=14852, stack(0x000000002a7c0000,0x000000002a8c0000)]
  0x0000000020709800 JavaThread "jar transforms Thread 79" [_thread_blocked, id=6620, stack(0x000000002a6c0000,0x000000002a7c0000)]
  0x0000000020706800 JavaThread "jar transforms Thread 78" [_thread_blocked, id=24672, stack(0x000000002a5c0000,0x000000002a6c0000)]
  0x000000002070c800 JavaThread "jar transforms Thread 77" [_thread_blocked, id=20428, stack(0x000000002a4c0000,0x000000002a5c0000)]
  0x000000002070b800 JavaThread "jar transforms Thread 76" [_thread_blocked, id=1672, stack(0x000000002a3c0000,0x000000002a4c0000)]
  0x0000000020708800 JavaThread "jar transforms Thread 75" [_thread_blocked, id=1872, stack(0x000000002a2c0000,0x000000002a3c0000)]
  0x0000000020708000 JavaThread "jar transforms Thread 74" [_thread_blocked, id=19888, stack(0x000000002a1c0000,0x000000002a2c0000)]
  0x0000000020705800 JavaThread "jar transforms Thread 73" [_thread_blocked, id=24936, stack(0x000000002a0c0000,0x000000002a1c0000)]
  0x000000002070b000 JavaThread "jar transforms Thread 72" [_thread_blocked, id=13276, stack(0x0000000029fc0000,0x000000002a0c0000)]
  0x0000000020707000 JavaThread "jar transforms Thread 71" [_thread_blocked, id=25464, stack(0x0000000029ec0000,0x0000000029fc0000)]
  0x0000000020705000 JavaThread "jar transforms Thread 70" [_thread_blocked, id=20280, stack(0x0000000029dc0000,0x0000000029ec0000)]
  0x000000002070a000 JavaThread "jar transforms Thread 69" [_thread_blocked, id=4892, stack(0x0000000029cc0000,0x0000000029dc0000)]
  0x00000000206fd800 JavaThread "jar transforms Thread 68" [_thread_blocked, id=7636, stack(0x0000000029bc0000,0x0000000029cc0000)]
  0x0000000020704000 JavaThread "jar transforms Thread 67" [_thread_blocked, id=7852, stack(0x0000000029ac0000,0x0000000029bc0000)]
  0x00000000206ff800 JavaThread "jar transforms Thread 66" [_thread_blocked, id=20380, stack(0x00000000299c0000,0x0000000029ac0000)]
  0x0000000020702000 JavaThread "jar transforms Thread 65" [_thread_blocked, id=5636, stack(0x00000000298c0000,0x00000000299c0000)]
  0x00000000206ff000 JavaThread "jar transforms Thread 64" [_thread_blocked, id=12296, stack(0x00000000297c0000,0x00000000298c0000)]
  0x0000000020701000 JavaThread "jar transforms Thread 63" [_thread_blocked, id=3920, stack(0x00000000296c0000,0x00000000297c0000)]
  0x0000000020703800 JavaThread "jar transforms Thread 62" [_thread_blocked, id=14864, stack(0x00000000295c0000,0x00000000296c0000)]
  0x0000000020702800 JavaThread "jar transforms Thread 61" [_thread_blocked, id=24168, stack(0x00000000294c0000,0x00000000295c0000)]
  0x0000000020700800 JavaThread "jar transforms Thread 60" [_thread_blocked, id=4012, stack(0x00000000293c0000,0x00000000294c0000)]
  0x00000000206fe000 JavaThread "jar transforms Thread 59" [_thread_blocked, id=20104, stack(0x00000000292c0000,0x00000000293c0000)]
  0x000000001f88e000 JavaThread "jar transforms Thread 58" [_thread_blocked, id=19636, stack(0x00000000291c0000,0x00000000292c0000)]
  0x000000001f88b000 JavaThread "jar transforms Thread 57" [_thread_blocked, id=4200, stack(0x00000000290c0000,0x00000000291c0000)]
  0x000000001f88a800 JavaThread "jar transforms Thread 56" [_thread_blocked, id=11356, stack(0x0000000028fc0000,0x00000000290c0000)]
  0x000000001f889800 JavaThread "jar transforms Thread 55" [_thread_blocked, id=16032, stack(0x0000000028ec0000,0x0000000028fc0000)]
  0x000000001f890000 JavaThread "jar transforms Thread 54" [_thread_blocked, id=21656, stack(0x0000000028dc0000,0x0000000028ec0000)]
  0x000000001f889000 JavaThread "jar transforms Thread 53" [_thread_blocked, id=19892, stack(0x0000000028cc0000,0x0000000028dc0000)]
  0x000000001f88d800 JavaThread "jar transforms Thread 52" [_thread_blocked, id=10904, stack(0x0000000028bc0000,0x0000000028cc0000)]
  0x000000001f88c000 JavaThread "jar transforms Thread 51" [_thread_blocked, id=13952, stack(0x0000000028ac0000,0x0000000028bc0000)]
  0x000000001f88c800 JavaThread "jar transforms Thread 50" [_thread_blocked, id=4152, stack(0x00000000289c0000,0x0000000028ac0000)]
  0x000000001f88f000 JavaThread "jar transforms Thread 49" [_thread_blocked, id=19048, stack(0x00000000288c0000,0x00000000289c0000)]
  0x000000001f881800 JavaThread "jar transforms Thread 48" [_thread_blocked, id=18544, stack(0x00000000287c0000,0x00000000288c0000)]
  0x000000001f885000 JavaThread "jar transforms Thread 47" [_thread_blocked, id=324, stack(0x00000000286c0000,0x00000000287c0000)]
  0x000000001f886800 JavaThread "jar transforms Thread 46" [_thread_blocked, id=8568, stack(0x00000000285c0000,0x00000000286c0000)]
  0x000000001f882000 JavaThread "jar transforms Thread 45" [_thread_blocked, id=17084, stack(0x00000000284c0000,0x00000000285c0000)]
  0x000000001f884800 JavaThread "jar transforms Thread 44" [_thread_blocked, id=20004, stack(0x00000000283c0000,0x00000000284c0000)]
  0x000000001f888000 JavaThread "jar transforms Thread 43" [_thread_blocked, id=3412, stack(0x00000000282c0000,0x00000000283c0000)]
  0x000000001f883800 JavaThread "jar transforms Thread 42" [_thread_blocked, id=10224, stack(0x00000000281c0000,0x00000000282c0000)]
  0x000000001f886000 JavaThread "jar transforms Thread 41" [_thread_blocked, id=13428, stack(0x00000000280c0000,0x00000000281c0000)]
  0x000000001f887800 JavaThread "jar transforms Thread 40" [_thread_blocked, id=8100, stack(0x0000000027fc0000,0x00000000280c0000)]
  0x000000001f880800 JavaThread "jar transforms Thread 39" [_thread_blocked, id=6308, stack(0x0000000027ec0000,0x0000000027fc0000)]
  0x000000001f883000 JavaThread "jar transforms Thread 38" [_thread_blocked, id=9740, stack(0x0000000027dc0000,0x0000000027ec0000)]
  0x000000001f8d4000 JavaThread "jar transforms Thread 37" [_thread_blocked, id=15708, stack(0x0000000027cc0000,0x0000000027dc0000)]
  0x000000001f8d3000 JavaThread "jar transforms Thread 36" [_thread_blocked, id=17396, stack(0x0000000027bc0000,0x0000000027cc0000)]
  0x000000001f8d1000 JavaThread "jar transforms Thread 35" [_thread_blocked, id=23872, stack(0x0000000027ac0000,0x0000000027bc0000)]
  0x000000001f8d2800 JavaThread "jar transforms Thread 34" [_thread_blocked, id=4896, stack(0x00000000279c0000,0x0000000027ac0000)]
  0x000000001f8d7800 JavaThread "jar transforms Thread 33" [_thread_blocked, id=17012, stack(0x00000000278c0000,0x00000000279c0000)]
  0x000000001f8d7000 JavaThread "jar transforms Thread 32" [_thread_blocked, id=10008, stack(0x00000000277c0000,0x00000000278c0000)]
  0x000000001f8d5800 JavaThread "jar transforms Thread 31" [_thread_blocked, id=23892, stack(0x00000000276c0000,0x00000000277c0000)]
  0x000000001f8d6000 JavaThread "jar transforms Thread 30" [_thread_blocked, id=6616, stack(0x00000000275c0000,0x00000000276c0000)]
  0x000000001f8d1800 JavaThread "jar transforms Thread 29" [_thread_blocked, id=21736, stack(0x00000000274c0000,0x00000000275c0000)]
  0x000000001f8d4800 JavaThread "jar transforms Thread 28" [_thread_blocked, id=20392, stack(0x00000000273c0000,0x00000000274c0000)]
  0x000000001f8d0000 JavaThread "jar transforms Thread 27" [_thread_blocked, id=3528, stack(0x00000000272c0000,0x00000000273c0000)]
  0x000000001f8c8800 JavaThread "jar transforms Thread 26" [_thread_blocked, id=7452, stack(0x00000000271c0000,0x00000000272c0000)]
  0x000000001f8ce000 JavaThread "jar transforms Thread 25" [_thread_blocked, id=4592, stack(0x00000000270c0000,0x00000000271c0000)]
  0x000000001f8ce800 JavaThread "jar transforms Thread 24" [_thread_blocked, id=24692, stack(0x0000000026fc0000,0x00000000270c0000)]
  0x000000001f8cb000 JavaThread "jar transforms Thread 23" [_thread_blocked, id=7988, stack(0x0000000026ec0000,0x0000000026fc0000)]
  0x000000001f8ca000 JavaThread "jar transforms Thread 22" [_thread_blocked, id=10992, stack(0x0000000026dc0000,0x0000000026ec0000)]
  0x000000001f8c9800 JavaThread "jar transforms Thread 21" [_thread_blocked, id=13788, stack(0x0000000026cc0000,0x0000000026dc0000)]
  0x000000001f8cc800 JavaThread "jar transforms Thread 20" [_thread_blocked, id=10404, stack(0x0000000026bc0000,0x0000000026cc0000)]
  0x000000001f8cb800 JavaThread "jar transforms Thread 19" [_thread_blocked, id=5276, stack(0x0000000026ac0000,0x0000000026bc0000)]
  0x000000001f8cf800 JavaThread "jar transforms Thread 18" [_thread_blocked, id=24240, stack(0x00000000269c0000,0x0000000026ac0000)]
  0x000000001f8cd000 JavaThread "jar transforms Thread 17" [_thread_blocked, id=19760, stack(0x00000000268c0000,0x00000000269c0000)]
  0x0000000020a6b800 JavaThread "jar transforms Thread 16" [_thread_blocked, id=6728, stack(0x00000000267c0000,0x00000000268c0000)]
  0x0000000020a70800 JavaThread "jar transforms Thread 15" [_thread_blocked, id=17556, stack(0x00000000266c0000,0x00000000267c0000)]
  0x0000000020a70000 JavaThread "jar transforms Thread 14" [_thread_blocked, id=24160, stack(0x00000000265c0000,0x00000000266c0000)]
  0x0000000020a6f000 JavaThread "jar transforms Thread 13" [_thread_blocked, id=18308, stack(0x00000000264c0000,0x00000000265c0000)]
  0x0000000020a6c000 JavaThread "jar transforms Thread 12" [_thread_blocked, id=9396, stack(0x00000000263c0000,0x00000000264c0000)]
  0x0000000020a6e800 JavaThread "jar transforms Thread 11" [_thread_blocked, id=13584, stack(0x00000000262c0000,0x00000000263c0000)]
  0x0000000020a6a800 JavaThread "jar transforms Thread 10" [_thread_blocked, id=23824, stack(0x00000000261c0000,0x00000000262c0000)]
  0x0000000020a6d000 JavaThread "jar transforms Thread 9" [_thread_blocked, id=13856, stack(0x00000000260c0000,0x00000000261c0000)]
  0x0000000020a6d800 JavaThread "jar transforms Thread 8" [_thread_blocked, id=1956, stack(0x0000000025fc0000,0x00000000260c0000)]
  0x0000000020a71800 JavaThread "jar transforms Thread 7" [_thread_blocked, id=19876, stack(0x0000000024f00000,0x0000000025000000)]
  0x000000001b898000 JavaThread "jar transforms Thread 6" [_thread_blocked, id=22688, stack(0x0000000024e00000,0x0000000024f00000)]
  0x000000001b89d000 JavaThread "jar transforms Thread 5" [_thread_blocked, id=2896, stack(0x0000000024d00000,0x0000000024e00000)]
  0x000000001b895800 JavaThread "jar transforms Thread 4" [_thread_blocked, id=2764, stack(0x0000000025ec0000,0x0000000025fc0000)]
  0x000000001b89c800 JavaThread "jar transforms Thread 3" [_thread_blocked, id=15208, stack(0x0000000025dc0000,0x0000000025ec0000)]
  0x000000001b89b000 JavaThread "jar transforms Thread 2" [_thread_blocked, id=17232, stack(0x0000000025cc0000,0x0000000025dc0000)]
  0x000000001b89a000 JavaThread "Build operations Thread 12" [_thread_blocked, id=8984, stack(0x0000000025bc0000,0x0000000025cc0000)]
  0x000000001b89b800 JavaThread "Build operations Thread 11" [_thread_blocked, id=18880, stack(0x0000000025ac0000,0x0000000025bc0000)]
  0x000000001b898800 JavaThread "Build operations Thread 10" [_thread_blocked, id=13048, stack(0x00000000259c0000,0x0000000025ac0000)]
  0x000000001b897000 JavaThread "Build operations Thread 9" [_thread_blocked, id=20536, stack(0x00000000258c0000,0x00000000259c0000)]
  0x000000001b899800 JavaThread "Build operations Thread 8" [_thread_blocked, id=10076, stack(0x00000000257c0000,0x00000000258c0000)]
  0x000000001b896800 JavaThread "Build operations Thread 7" [_thread_blocked, id=15128, stack(0x00000000256c0000,0x00000000257c0000)]
  0x000000001b88f000 JavaThread "Build operations Thread 6" [_thread_blocked, id=22192, stack(0x00000000255c0000,0x00000000256c0000)]
  0x000000001b893800 JavaThread "Build operations Thread 5" [_thread_blocked, id=13452, stack(0x00000000254c0000,0x00000000255c0000)]
  0x000000001b892800 JavaThread "Build operations Thread 4" [_thread_blocked, id=18676, stack(0x00000000253c0000,0x00000000254c0000)]
  0x000000001b890800 JavaThread "Build operations Thread 3" [_thread_blocked, id=3952, stack(0x00000000252c0000,0x00000000253c0000)]
  0x000000001b891000 JavaThread "Build operations Thread 2" [_thread_blocked, id=11848, stack(0x00000000251c0000,0x00000000252c0000)]
  0x000000001b88e000 JavaThread "Build operations" [_thread_blocked, id=2408, stack(0x00000000250c0000,0x00000000251c0000)]
  0x000000001d336800 JavaThread "Cache worker for file content cache (C:\Users\win10\.gradle\caches\6.5\fileContent)" [_thread_blocked, id=7836, stack(0x0000000023630000,0x0000000023730000)]
  0x000000001d336000 JavaThread "jar transforms" [_thread_blocked, id=4100, stack(0x0000000023530000,0x0000000023630000)]
  0x000000001d333800 JavaThread "Cache worker for execution history cache (C:\Users\win10\.gradle\caches\6.5\executionHistory)" [_thread_blocked, id=6080, stack(0x0000000021b80000,0x0000000021c80000)]
  0x000000001d333000 JavaThread "Cache worker for cache directory md-rule (C:\Users\win10\.gradle\caches\6.5\md-rule)" [_thread_blocked, id=13232, stack(0x00000000217d0000,0x00000000218d0000)]
  0x000000001d335000 JavaThread "Cache worker for cache directory md-supplier (C:\Users\win10\.gradle\caches\6.5\md-supplier)" [_thread_blocked, id=8508, stack(0x00000000216d0000,0x00000000217d0000)]
  0x000000001d339000 JavaThread "Cache worker for checksums cache (D:\MyApplication\.gradle\checksums)" [_thread_blocked, id=5348, stack(0x00000000215d0000,0x00000000216d0000)]
  0x000000001d334800 JavaThread "Cache worker for file hash cache (D:\MyApplication\.gradle\6.5\fileHashes)" [_thread_blocked, id=24492, stack(0x00000000204d0000,0x00000000205d0000)]
  0x000000001d339800 JavaThread "Cache worker for file hash cache (C:\Users\win10\.gradle\caches\6.5\fileHashes)" [_thread_blocked, id=19668, stack(0x000000001f200000,0x000000001f300000)]
  0x000000001d338000 JavaThread "File lock request listener" [_thread_in_native, id=10584, stack(0x000000001f100000,0x000000001f200000)]
  0x000000001b5ac000 JavaThread "Cache worker for journal cache (C:\Users\win10\.gradle\caches\journal-1)" [_thread_blocked, id=9336, stack(0x000000001f000000,0x000000001f100000)]
  0x000000001d045800 JavaThread "Thread-9" [_thread_blocked, id=4452, stack(0x000000001ed00000,0x000000001ee00000)]
  0x000000001d025800 JavaThread "Stdin handler" [_thread_blocked, id=2144, stack(0x000000001ec00000,0x000000001ed00000)]
  0x000000001cfad000 JavaThread "Asynchronous log dispatcher for DefaultDaemonConnection: socket connection from /127.0.0.1:49570 to /127.0.0.1:49571" [_thread_blocked, id=5008, stack(0x000000001eb00000,0x000000001ec00000)]
  0x000000001cfb7800 JavaThread "Daemon worker" [_thread_in_Java, id=17628, stack(0x000000001ea00000,0x000000001eb00000)]
  0x000000001cfb6800 JavaThread "Cancel handler" [_thread_blocked, id=22560, stack(0x000000001e900000,0x000000001ea00000)]
  0x000000001cc47000 JavaThread "Handler for socket connection from /127.0.0.1:49570 to /127.0.0.1:49571" [_thread_in_native, id=20768, stack(0x000000001e800000,0x000000001e900000)]
  0x000000001cf9f000 JavaThread "Daemon" [_thread_blocked, id=9852, stack(0x000000001e600000,0x000000001e700000)]
  0x000000001cf6e800 JavaThread "Daemon periodic checks" [_thread_blocked, id=25088, stack(0x000000001e300000,0x000000001e400000)]
  0x000000001cf5c800 JavaThread "Incoming local TCP Connector on port 49570" [_thread_in_native, id=9728, stack(0x000000001e120000,0x000000001e220000)]
  0x000000001cb52000 JavaThread "Daemon health stats" [_thread_blocked, id=11304, stack(0x000000001de20000,0x000000001df20000)]
  0x0000000019a2c800 JavaThread "Service Thread" daemon [_thread_blocked, id=17052, stack(0x000000001b280000,0x000000001b380000)]
  0x000000001999f000 JavaThread "C1 CompilerThread3" daemon [_thread_blocked, id=11956, stack(0x000000001b180000,0x000000001b280000)]
  0x000000001999e000 JavaThread "C2 CompilerThread2" daemon [_thread_in_native, id=17048, stack(0x000000001b080000,0x000000001b180000)]
=>0x000000001999b000 JavaThread "C2 CompilerThread1" daemon [_thread_in_native, id=18740, stack(0x000000001af80000,0x000000001b080000)]
  0x0000000019941800 JavaThread "C2 CompilerThread0" daemon [_thread_in_native, id=7640, stack(0x000000001ae80000,0x000000001af80000)]
  0x000000001993d800 JavaThread "Attach Listener" daemon [_thread_blocked, id=15916, stack(0x000000001ad80000,0x000000001ae80000)]
  0x000000001999a000 JavaThread "Signal Dispatcher" daemon [_thread_blocked, id=4204, stack(0x000000001ac80000,0x000000001ad80000)]
  0x0000000002f1d000 JavaThread "Finalizer" daemon [_thread_blocked, id=24404, stack(0x000000001ab80000,0x000000001ac80000)]
  0x0000000019923000 JavaThread "Reference Handler" daemon [_thread_blocked, id=13388, stack(0x000000001aa80000,0x000000001ab80000)]
  0x0000000002fee000 JavaThread "main" [_thread_blocked, id=1080, stack(0x0000000002910000,0x0000000002a10000)]

Other Threads:
  0x0000000019902800 VMThread [stack: 0x000000001a980000,0x000000001aa80000] [id=25444]
  0x0000000019a2f000 WatcherThread [stack: 0x000000001b380000,0x000000001b480000] [id=15672]

VM state:not at safepoint (normal execution)

VM Mutex/Monitor currently owned by a thread: None

heap address: 0x0000000080000000, size: 2048 MB, Compressed Oops mode: 32-bit
Narrow klass base: 0x0000000000000000, Narrow klass shift: 3
Compressed class space size: 1073741824 Address: 0x0000000100000000

Heap:
 PSYoungGen      total 244224K, used 139577K [0x00000000d5580000, 0x00000000e5600000, 0x0000000100000000)
  eden space 228864K, 54% used [0x00000000d5580000,0x00000000dced19d8,0x00000000e3500000)
  from space 15360K, 99% used [0x00000000e3500000,0x00000000e43fcb18,0x00000000e4400000)
  to   space 15872K, 0% used [0x00000000e4400000,0x00000000e4400000,0x00000000e5380000)
 ParOldGen       total 129024K, used 17294K [0x0000000080000000, 0x0000000087e00000, 0x00000000d5580000)
  object space 129024K, 13% used [0x0000000080000000,0x00000000810e3b98,0x0000000087e00000)
 Metaspace       used 55544K, capacity 57960K, committed 58200K, reserved 1099776K
  class space    used 7568K, capacity 8047K, committed 8064K, reserved 1048576K

Card table byte_map: [0x00000000123b0000,0x00000000127c0000] byte_map_base: 0x0000000011fb0000

Marking Bits: (ParMarkBitMap*) 0x000000005885f030
 Begin Bits: [0x0000000013470000, 0x0000000015470000)
 End Bits:   [0x0000000015470000, 0x0000000017470000)

Polling page: 0x0000000001100000

CodeCache: size=245760Kb used=15734Kb max_used=15742Kb free=230025Kb
 bounds [0x0000000002ff0000, 0x0000000003f60000, 0x0000000011ff0000]
 total_blobs=5388 nmethods=4621 adapters=680
 compilation: enabled

Compilation events (10 events):
Event: 6.430 Thread 0x000000001999f000 5084       3       com.google.common.collect.RegularImmutableMap$EntrySet::createAsList (9 bytes)
Event: 6.430 Thread 0x000000001999f000 nmethod 5084 0x0000000003f53f90 code [0x0000000003f54120, 0x0000000003f544b0]
Event: 6.433 Thread 0x0000000019941800 5085       4       org.objectweb.asm.AnnotationWriter::computeAnnotationsSize (66 bytes)
Event: 6.434 Thread 0x0000000019941800 nmethod 5085 0x0000000003f4ea90 code [0x0000000003f4ebe0, 0x0000000003f4ecc8]
Event: 6.436 Thread 0x000000001999f000 5086       3       org.objectweb.asm.SymbolTable::hash (12 bytes)
Event: 6.436 Thread 0x000000001999f000 nmethod 5086 0x0000000003f56f50 code [0x0000000003f570c0, 0x0000000003f572c8]
Event: 6.436 Thread 0x000000001999f000 5087       3       org.objectweb.asm.SymbolTable$Entry::<init> (18 bytes)
Event: 6.436 Thread 0x000000001999f000 nmethod 5087 0x0000000003f56b50 code [0x0000000003f56cc0, 0x0000000003f56e88]
Event: 6.439 Thread 0x0000000019941800 5088       4       com.google.common.collect.ImmutableCollection$ArrayBasedBuilder::getReadyToExpandTo (64 bytes)
Event: 6.440 Thread 0x0000000019941800 nmethod 5088 0x0000000003f55090 code [0x0000000003f551e0, 0x0000000003f554a8]

GC Heap History (10 events):
Event: 2.595 GC heap before
{Heap before GC invocations=5 (full 1):
 PSYoungGen      total 141824K, used 7572K [0x00000000d5580000, 0x00000000dea80000, 0x0000000100000000)
  eden space 131072K, 0% used [0x00000000d5580000,0x00000000d5580000,0x00000000dd580000)
  from space 10752K, 70% used [0x00000000de000000,0x00000000de765020,0x00000000dea80000)
  to   space 10752K, 0% used [0x00000000dd580000,0x00000000dd580000,0x00000000de000000)
 ParOldGen       total 175104K, used 1115K [0x0000000080000000, 0x000000008ab00000, 0x00000000d5580000)
  object space 175104K, 0% used [0x0000000080000000,0x0000000080116fa8,0x000000008ab00000)
 Metaspace       used 20517K, capacity 21204K, committed 21248K, reserved 1067008K
  class space    used 2863K, capacity 3048K, committed 3072K, reserved 1048576K
Event: 2.616 GC heap after
Heap after GC invocations=5 (full 1):
 PSYoungGen      total 141824K, used 0K [0x00000000d5580000, 0x00000000dea80000, 0x0000000100000000)
  eden space 131072K, 0% used [0x00000000d5580000,0x00000000d5580000,0x00000000dd580000)
  from space 10752K, 0% used [0x00000000de000000,0x00000000de000000,0x00000000dea80000)
  to   space 10752K, 0% used [0x00000000dd580000,0x00000000dd580000,0x00000000de000000)
 ParOldGen       total 89600K, used 7314K [0x0000000080000000, 0x0000000085780000, 0x00000000d5580000)
  object space 89600K, 8% used [0x0000000080000000,0x0000000080724bd8,0x0000000085780000)
 Metaspace       used 20517K, capacity 21204K, committed 21248K, reserved 1067008K
  class space    used 2863K, capacity 3048K, committed 3072K, reserved 1048576K
}
Event: 3.645 GC heap before
{Heap before GC invocations=6 (full 1):
 PSYoungGen      total 141824K, used 131072K [0x00000000d5580000, 0x00000000dea80000, 0x0000000100000000)
  eden space 131072K, 100% used [0x00000000d5580000,0x00000000dd580000,0x00000000dd580000)
  from space 10752K, 0% used [0x00000000de000000,0x00000000de000000,0x00000000dea80000)
  to   space 10752K, 0% used [0x00000000dd580000,0x00000000dd580000,0x00000000de000000)
 ParOldGen       total 89600K, used 7314K [0x0000000080000000, 0x0000000085780000, 0x00000000d5580000)
  object space 89600K, 8% used [0x0000000080000000,0x0000000080724bd8,0x0000000085780000)
 Metaspace       used 32661K, capacity 33776K, committed 33920K, reserved 1079296K
  class space    used 4454K, capacity 4722K, committed 4736K, reserved 1048576K
Event: 3.657 GC heap after
Heap after GC invocations=6 (full 1):
 PSYoungGen      total 141824K, used 10745K [0x00000000d5580000, 0x00000000e5380000, 0x0000000100000000)
  eden space 131072K, 0% used [0x00000000d5580000,0x00000000d5580000,0x00000000dd580000)
  from space 10752K, 99% used [0x00000000dd580000,0x00000000ddffe540,0x00000000de000000)
  to   space 15872K, 0% used [0x00000000e4400000,0x00000000e4400000,0x00000000e5380000)
 ParOldGen       total 89600K, used 10578K [0x0000000080000000, 0x0000000085780000, 0x00000000d5580000)
  object space 89600K, 11% used [0x0000000080000000,0x0000000080a54a70,0x0000000085780000)
 Metaspace       used 32661K, capacity 33776K, committed 33920K, reserved 1079296K
  class space    used 4454K, capacity 4722K, committed 4736K, reserved 1048576K
}
Event: 3.898 GC heap before
{Heap before GC invocations=7 (full 1):
 PSYoungGen      total 141824K, used 42551K [0x00000000d5580000, 0x00000000e5380000, 0x0000000100000000)
  eden space 131072K, 24% used [0x00000000d5580000,0x00000000d748f9f8,0x00000000dd580000)
  from space 10752K, 99% used [0x00000000dd580000,0x00000000ddffe540,0x00000000de000000)
  to   space 15872K, 0% used [0x00000000e4400000,0x00000000e4400000,0x00000000e5380000)
 ParOldGen       total 89600K, used 10578K [0x0000000080000000, 0x0000000085780000, 0x00000000d5580000)
  object space 89600K, 11% used [0x0000000080000000,0x0000000080a54a70,0x0000000085780000)
 Metaspace       used 34220K, capacity 35392K, committed 35416K, reserved 1079296K
  class space    used 4710K, capacity 4973K, committed 4992K, reserved 1048576K
Event: 3.907 GC heap after
Heap after GC invocations=7 (full 1):
 PSYoungGen      total 244736K, used 8179K [0x00000000d5580000, 0x00000000e5600000, 0x0000000100000000)
  eden space 228864K, 0% used [0x00000000d5580000,0x00000000d5580000,0x00000000e3500000)
  from space 15872K, 51% used [0x00000000e4400000,0x00000000e4bfcd80,0x00000000e5380000)
  to   space 15360K, 0% used [0x00000000e3500000,0x00000000e3500000,0x00000000e4400000)
 ParOldGen       total 89600K, used 10586K [0x0000000080000000, 0x0000000085780000, 0x00000000d5580000)
  object space 89600K, 11% used [0x0000000080000000,0x0000000080a56a70,0x0000000085780000)
 Metaspace       used 34220K, capacity 35392K, committed 35416K, reserved 1079296K
  class space    used 4710K, capacity 4973K, committed 4992K, reserved 1048576K
}
Event: 3.907 GC heap before
{Heap before GC invocations=8 (full 2):
 PSYoungGen      total 244736K, used 8179K [0x00000000d5580000, 0x00000000e5600000, 0x0000000100000000)
  eden space 228864K, 0% used [0x00000000d5580000,0x00000000d5580000,0x00000000e3500000)
  from space 15872K, 51% used [0x00000000e4400000,0x00000000e4bfcd80,0x00000000e5380000)
  to   space 15360K, 0% used [0x00000000e3500000,0x00000000e3500000,0x00000000e4400000)
 ParOldGen       total 89600K, used 10586K [0x0000000080000000, 0x0000000085780000, 0x00000000d5580000)
  object space 89600K, 11% used [0x0000000080000000,0x0000000080a56a70,0x0000000085780000)
 Metaspace       used 34220K, capacity 35392K, committed 35416K, reserved 1079296K
  class space    used 4710K, capacity 4973K, committed 4992K, reserved 1048576K
Event: 3.936 GC heap after
Heap after GC invocations=8 (full 2):
 PSYoungGen      total 244736K, used 0K [0x00000000d5580000, 0x00000000e5600000, 0x0000000100000000)
  eden space 228864K, 0% used [0x00000000d5580000,0x00000000d5580000,0x00000000e3500000)
  from space 15872K, 0% used [0x00000000e4400000,0x00000000e4400000,0x00000000e5380000)
  to   space 15360K, 0% used [0x00000000e3500000,0x00000000e3500000,0x00000000e4400000)
 ParOldGen       total 129024K, used 14770K [0x0000000080000000, 0x0000000087e00000, 0x00000000d5580000)
  object space 129024K, 11% used [0x0000000080000000,0x0000000080e6c880,0x0000000087e00000)
 Metaspace       used 34220K, capacity 35392K, committed 35416K, reserved 1079296K
  class space    used 4710K, capacity 4973K, committed 4992K, reserved 1048576K
}
Event: 5.297 GC heap before
{Heap before GC invocations=9 (full 2):
 PSYoungGen      total 244736K, used 228864K [0x00000000d5580000, 0x00000000e5600000, 0x0000000100000000)
  eden space 228864K, 100% used [0x00000000d5580000,0x00000000e3500000,0x00000000e3500000)
  from space 15872K, 0% used [0x00000000e4400000,0x00000000e4400000,0x00000000e5380000)
  to   space 15360K, 0% used [0x00000000e3500000,0x00000000e3500000,0x00000000e4400000)
 ParOldGen       total 129024K, used 14770K [0x0000000080000000, 0x0000000087e00000, 0x00000000d5580000)
  object space 129024K, 11% used [0x0000000080000000,0x0000000080e6c880,0x0000000087e00000)
 Metaspace       used 45995K, capacity 48028K, committed 48344K, reserved 1091584K
  class space    used 6224K, capacity 6610K, committed 6656K, reserved 1048576K
Event: 5.312 GC heap after
Heap after GC invocations=9 (full 2):
 PSYoungGen      total 244224K, used 15346K [0x00000000d5580000, 0x00000000e5600000, 0x0000000100000000)
  eden space 228864K, 0% used [0x00000000d5580000,0x00000000d5580000,0x00000000e3500000)
  from space 15360K, 99% used [0x00000000e3500000,0x00000000e43fcb18,0x00000000e4400000)
  to   space 15872K, 0% used [0x00000000e4400000,0x00000000e4400000,0x00000000e5380000)
 ParOldGen       total 129024K, used 17294K [0x0000000080000000, 0x0000000087e00000, 0x00000000d5580000)
  object space 129024K, 13% used [0x0000000080000000,0x00000000810e3b98,0x0000000087e00000)
 Metaspace       used 45995K, capacity 48028K, committed 48344K, reserved 1091584K
  class space    used 6224K, capacity 6610K, committed 6656K, reserved 1048576K
}

Deoptimization events (10 events):
Event: 5.740 Thread 0x000000001cfb7800 Uncommon trap: reason=unstable_if action=reinterpret pc=0x0000000003d4b670 method=org.gradle.internal.instantiation.generator.AbstractClassGenerator$InjectionAnnotationValidator.validateMethod(Ljava/lang/reflect/Method;Lorg/gradle/internal/reflect/Propert
Event: 5.740 Thread 0x000000001cfb7800 Uncommon trap: reason=unstable_if action=reinterpret pc=0x0000000003d65084 method=org.gradle.internal.instantiation.generator.AbstractClassGenerator$InjectionAnnotationValidator.validateMethod(Ljava/lang/reflect/Method;Lorg/gradle/internal/reflect/Propert
Event: 5.761 Thread 0x000000001cfb7800 Uncommon trap: reason=unstable_if action=reinterpret pc=0x0000000003cae7b8 method=org.codehaus.groovy.runtime.metaclass.MetaMethodIndex.isNonRealMethod(Lgroovy/lang/MetaMethod;)Z @ 4
Event: 5.761 Thread 0x000000001cfb7800 Uncommon trap: reason=unstable_if action=reinterpret pc=0x0000000003bd8c80 method=groovy.lang.MetaClassImpl$1MOPIter.methodNameAction(Ljava/lang/Class;Lorg/codehaus/groovy/runtime/metaclass/MetaMethodIndex$Entry;)V @ 182
Event: 5.768 Thread 0x000000001cfb7800 Uncommon trap: reason=class_check action=maybe_recompile pc=0x0000000003764c6c method=java.util.WeakHashMap.eq(Ljava/lang/Object;Ljava/lang/Object;)Z @ 7
Event: 5.769 Thread 0x000000001cfb7800 Uncommon trap: reason=unstable_if action=reinterpret pc=0x000000000317b71c method=java.lang.ClassLoader.checkCerts(Ljava/lang/String;Ljava/security/CodeSource;)V @ 29
Event: 5.769 Thread 0x000000001cfb7800 Uncommon trap: reason=unstable_if action=reinterpret pc=0x00000000031d7674 method=java.lang.ClassLoader.defineClassSourceLocation(Ljava/security/ProtectionDomain;)Ljava/lang/String; @ 8
Event: 5.823 Thread 0x000000001cfb7800 Uncommon trap: reason=null_check action=make_not_entrant pc=0x00000000037b0f90 method=java.lang.Class.searchMethods([Ljava/lang/reflect/Method;Ljava/lang/String;[Ljava/lang/Class;)Ljava/lang/reflect/Method; @ 59
Event: 5.849 Thread 0x000000001cfb7800 Uncommon trap: reason=class_check action=maybe_recompile pc=0x0000000003764c6c method=java.util.WeakHashMap.eq(Ljava/lang/Object;Ljava/lang/Object;)Z @ 7
Event: 5.852 Thread 0x000000001cfb7800 Uncommon trap: reason=class_check action=maybe_recompile pc=0x0000000003764c6c method=java.util.WeakHashMap.eq(Ljava/lang/Object;Ljava/lang/Object;)Z @ 7

Classes redefined (0 events):
No events

Internal exceptions (10 events):
Event: 5.867 Thread 0x000000001cfb7800 Exception <a 'java/lang/ClassNotFoundException': build_48575zqe7yegfy1kdfh1pc6sx$_run_closure1$_closure4BeanInfo> (0x00000000d9e7d480) thrown at [C:\src\AOSP-openjdk-git\hotspot\src\share\vm\classfile\systemDictionary.cpp, line 210]
Event: 5.868 Thread 0x000000001cfb7800 Exception <a 'java/lang/ClassNotFoundException': build_48575zqe7yegfy1kdfh1pc6sx$_run_closure1$_closure4Customizer> (0x00000000d9e8efe0) thrown at [C:\src\AOSP-openjdk-git\hotspot\src\share\vm\classfile\systemDictionary.cpp, line 210]
Event: 5.870 Thread 0x000000001cfb7800 Exception <a 'java/lang/ClassNotFoundException': build_48575zqe7yegfy1kdfh1pc6sx$_run_closure1BeanInfo> (0x00000000d9ec0790) thrown at [C:\src\AOSP-openjdk-git\hotspot\src\share\vm\classfile\systemDictionary.cpp, line 210]
Event: 5.870 Thread 0x000000001cfb7800 Exception <a 'java/lang/ClassNotFoundException': build_48575zqe7yegfy1kdfh1pc6sx$_run_closure1Customizer> (0x00000000d9ed1848) thrown at [C:\src\AOSP-openjdk-git\hotspot\src\share\vm\classfile\systemDictionary.cpp, line 210]
Event: 5.873 Thread 0x000000001cfb7800 Exception <a 'java/lang/ClassNotFoundException': org/gradle/api/JavaVersionBeanInfo> (0x00000000d9f35ac8) thrown at [C:\src\AOSP-openjdk-git\hotspot\src\share\vm\classfile\systemDictionary.cpp, line 210]
Event: 5.874 Thread 0x000000001cfb7800 Exception <a 'java/lang/ClassNotFoundException': org/gradle/api/JavaVersionCustomizer> (0x00000000d9f63568) thrown at [C:\src\AOSP-openjdk-git\hotspot\src\share\vm\classfile\systemDictionary.cpp, line 210]
Event: 5.875 Thread 0x000000001cfb7800 Exception <a 'java/lang/ClassNotFoundException': com/android/build/gradle/internal/CompileOptions_DecoratedBeanInfo> (0x00000000d9fc92a8) thrown at [C:\src\AOSP-openjdk-git\hotspot\src\share\vm\classfile\systemDictionary.cpp, line 210]
Event: 5.876 Thread 0x000000001cfb7800 Exception <a 'java/lang/ClassNotFoundException': com/android/build/gradle/internal/CompileOptionsBeanInfo> (0x00000000d9fe4ba8) thrown at [C:\src\AOSP-openjdk-git\hotspot\src\share\vm\classfile\systemDictionary.cpp, line 210]
Event: 5.876 Thread 0x000000001cfb7800 Exception <a 'java/lang/ClassNotFoundException': com/android/build/gradle/internal/CompileOptionsCustomizer> (0x00000000da0006a0) thrown at [C:\src\AOSP-openjdk-git\hotspot\src\share\vm\classfile\systemDictionary.cpp, line 210]
Event: 5.877 Thread 0x000000001cfb7800 Exception <a 'java/lang/ClassNotFoundException': com/android/build/gradle/internal/CompileOptions_DecoratedCustomizer> (0x00000000da0314c8) thrown at [C:\src\AOSP-openjdk-git\hotspot\src\share\vm\classfile\systemDictionary.cpp, line 210]

Events (10 events):
Event: 6.442 loading class com/android/build/gradle/internal/api/InstallableVariantImpl
Event: 6.442 loading class com/android/build/gradle/internal/api/InstallableVariantImpl done
Event: 6.442 loading class com/android/build/gradle/internal/api/AndroidArtifactVariantImpl
Event: 6.442 loading class com/android/build/gradle/internal/api/AndroidArtifactVariantImpl done
Event: 6.442 loading class com/android/build/gradle/internal/api/ApplicationVariantImpl
Event: 6.442 loading class com/android/build/gradle/internal/api/ApplicationVariantImpl done
Event: 6.444 loading class com/android/build/gradle/tasks/ExternalNativeBuildTask
Event: 6.444 loading class com/android/build/gradle/tasks/ExternalNativeBuildTask done
Event: 6.445 loading class com/android/build/gradle/internal/tasks/UnsafeOutputsTask
Event: 6.445 loading class com/android/build/gradle/internal/tasks/UnsafeOutputsTask done


Dynamic libraries:
0x00007ff6bf3c0000 - 0x00007ff6bf3f1000 	D:\android studio\jre\bin\java.exe
0x00007ffa20250000 - 0x00007ffa20445000 	C:\WINDOWS\SYSTEM32\ntdll.dll
0x00007ffa1ff90000 - 0x00007ffa2004d000 	C:\WINDOWS\System32\KERNEL32.DLL
0x00007ffa1dc70000 - 0x00007ffa1df39000 	C:\WINDOWS\System32\KERNELBASE.dll
0x00007ffa1e3e0000 - 0x00007ffa1e48c000 	C:\WINDOWS\System32\ADVAPI32.dll
0x00007ffa20050000 - 0x00007ffa200ee000 	C:\WINDOWS\System32\msvcrt.dll
0x00007ffa1e490000 - 0x00007ffa1e52c000 	C:\WINDOWS\System32\sechost.dll
0x00007ffa1f770000 - 0x00007ffa1f89b000 	C:\WINDOWS\System32\RPCRT4.dll
0x00007ffa1f9c0000 - 0x00007ffa1fb60000 	C:\WINDOWS\System32\USER32.dll
0x00007ffa1dfc0000 - 0x00007ffa1dfe2000 	C:\WINDOWS\System32\win32u.dll
0x00007ffa1ec90000 - 0x00007ffa1ecba000 	C:\WINDOWS\System32\GDI32.dll
0x00007ffa1db60000 - 0x00007ffa1dc6b000 	C:\WINDOWS\System32\gdi32full.dll
0x00007ffa1dac0000 - 0x00007ffa1db5d000 	C:\WINDOWS\System32\msvcp_win.dll
0x00007ffa1e150000 - 0x00007ffa1e250000 	C:\WINDOWS\System32\ucrtbase.dll
0x00007ffa05c90000 - 0x00007ffa05f2a000 	C:\WINDOWS\WinSxS\amd64_microsoft.windows.common-controls_6595b64144ccf1df_6.0.19041.844_none_ca00b6081b84eb1d\COMCTL32.dll
0x00007ffa1f980000 - 0x00007ffa1f9b0000 	C:\WINDOWS\System32\IMM32.DLL
0x0000000057600000 - 0x00000000576d2000 	D:\android studio\jre\jre\bin\msvcr100.dll
0x0000000058090000 - 0x00000000588db000 	D:\android studio\jre\jre\bin\server\jvm.dll
0x00007ffa1fbc0000 - 0x00007ffa1fbc8000 	C:\WINDOWS\System32\PSAPI.DLL
0x00007ffa124c0000 - 0x00007ffa124e7000 	C:\WINDOWS\SYSTEM32\WINMM.dll
0x00007ffa139b0000 - 0x00007ffa139ba000 	C:\WINDOWS\SYSTEM32\VERSION.dll
0x00007ffa183b0000 - 0x00007ffa183b9000 	C:\WINDOWS\SYSTEM32\WSOCK32.dll
0x00007ffa1f700000 - 0x00007ffa1f76b000 	C:\WINDOWS\System32\WS2_32.dll
0x00007ffa18960000 - 0x00007ffa1896f000 	D:\android studio\jre\jre\bin\verify.dll
0x00007ffa160d0000 - 0x00007ffa160f9000 	D:\android studio\jre\jre\bin\java.dll
0x00007ffa15320000 - 0x00007ffa15336000 	D:\android studio\jre\jre\bin\zip.dll
0x00007ffa1ecc0000 - 0x00007ffa1f402000 	C:\WINDOWS\System32\SHELL32.dll
0x00007ffa1bb10000 - 0x00007ffa1c2a0000 	C:\WINDOWS\SYSTEM32\windows.storage.dll
0x00007ffa1fbd0000 - 0x00007ffa1ff25000 	C:\WINDOWS\System32\combase.dll
0x00007ffa1d400000 - 0x00007ffa1d42c000 	C:\WINDOWS\SYSTEM32\Wldp.dll
0x00007ffa1f4a0000 - 0x00007ffa1f54e000 	C:\WINDOWS\System32\SHCORE.dll
0x00007ffa1ec30000 - 0x00007ffa1ec85000 	C:\WINDOWS\System32\shlwapi.dll
0x00007ffa1d8d0000 - 0x00007ffa1d8ef000 	C:\WINDOWS\SYSTEM32\profapi.dll
0x00007ffa125e0000 - 0x00007ffa125fa000 	D:\android studio\jre\jre\bin\net.dll
0x00007ffa1d180000 - 0x00007ffa1d1ea000 	C:\WINDOWS\system32\mswsock.dll
0x00007ffa108e0000 - 0x00007ffa108f3000 	D:\android studio\jre\jre\bin\nio.dll
0x00007ffa16850000 - 0x00007ffa16877000 	C:\Users\win10\.gradle\native\f6784746aeab05261644944871eae4fe03e0ef1612fff0a4a95f87b438bc6780\windows-amd64\native-platform.dll
0x00007ffa17460000 - 0x00007ffa1746d000 	D:\android studio\jre\jre\bin\management.dll
0x00007ffa1d350000 - 0x00007ffa1d368000 	C:\WINDOWS\SYSTEM32\CRYPTSP.dll
0x00007ffa1cab0000 - 0x00007ffa1cae4000 	C:\WINDOWS\system32\rsaenh.dll
0x00007ffa1df40000 - 0x00007ffa1df67000 	C:\WINDOWS\System32\bcrypt.dll
0x00007ffa1d890000 - 0x00007ffa1d8be000 	C:\WINDOWS\SYSTEM32\USERENV.dll
0x00007ffa1da40000 - 0x00007ffa1dac0000 	C:\WINDOWS\System32\bcryptprimitives.dll
0x00007ffa1d370000 - 0x00007ffa1d37c000 	C:\WINDOWS\SYSTEM32\CRYPTBASE.dll
0x00007ffa1ce20000 - 0x00007ffa1ce5b000 	C:\WINDOWS\SYSTEM32\IPHLPAPI.DLL
0x00007ffa1f9b0000 - 0x00007ffa1f9b8000 	C:\WINDOWS\System32\NSI.dll
0x00007ffa166d0000 - 0x00007ffa166e7000 	C:\WINDOWS\SYSTEM32\dhcpcsvc6.DLL
0x00007ffa16720000 - 0x00007ffa1673d000 	C:\WINDOWS\SYSTEM32\dhcpcsvc.DLL
0x00007ffa1ce60000 - 0x00007ffa1cf2b000 	C:\WINDOWS\SYSTEM32\DNSAPI.dll
0x00007ffa17210000 - 0x00007ffa1721b000 	C:\WINDOWS\SYSTEM32\WINNSI.DLL

VM Arguments:
jvm_args: -Xmx2048m -Dfile.encoding=UTF-8 -Duser.country=KR -Duser.language=ko -Duser.variant 
java_command: org.gradle.launcher.daemon.bootstrap.GradleDaemon 6.5
java_class_path (initial): C:\Users\win10\.gradle\wrapper\dists\gradle-6.5-bin\6nifqtx7604sqp1q6g8wikw7p\gradle-6.5\lib\gradle-launcher-6.5.jar
Launcher Type: SUN_STANDARD

Environment Variables:
PATH=C:\ProgramData\Anaconda3;C:\ProgramData\Anaconda3\Library\mingw-w64\bin;C:\ProgramData\Anaconda3\Library\usr\bin;C:\ProgramData\Anaconda3\Library\bin;C:\ProgramData\Anaconda3\Scripts;C:\Program Files (x86)\Common Files\Oracle\Java\javapath;C:\ProgramData\Oracle\Java\javapath;C:\Program Files (x86)\NAT Service;C:\Program Files (x86)\Intel\Intel(R) Management Engine Components\iCLS\;C:\Program Files\Intel\Intel(R) Management Engine Components\iCLS\;C:\WINDOWS\system32;C:\WINDOWS;C:\WINDOWS\System32\Wbem;C:\WINDOWS\System32\WindowsPowerShell\v1.0\;C:\Program Files (x86)\Intel\Intel(R) Management Engine Components\DAL;C:\Program Files\Intel\Intel(R) Management Engine Components\DAL;C:\Program Files (x86)\Intel\Intel(R) Management Engine Components\IPT;C:\Program Files\Intel\Intel(R) Management Engine Components\IPT;C:\WINDOWS\System32\OpenSSH\;C:\Program Files\PuTTY\;D:\;C:\Program Files\Git\cmd;C:\Program Files\MySQL\MySQL Shell 8.0\bin\;C:\Users\win10\AppData\Local\Programs\Python\Python38-32\Scripts\;C:\Users\win10\AppData\Local\Programs\Python\Python38-32\;C:\Users\win10\AppData\Local\Microsoft\WindowsApps;C:\Users\win10\AppData\Roaming\npm;C:\Users\win10\AppData\Local\atom\bin
USERNAME=win10
OS=Windows_NT
PROCESSOR_IDENTIFIER=Intel64 Family 6 Model 158 Stepping 10, GenuineIntel



---------------  S Y S T E M  ---------------

OS: Windows 10.0 , 64 bit Build 19041 (10.0.19041.804)

CPU:total 12 (initial active 12) (6 cores per cpu, 2 threads per core) family 6 model 158 stepping 10, cmov, cx8, fxsr, mmx, sse, sse2, sse3, ssse3, sse4.1, sse4.2, popcnt, avx, avx2, aes, clmul, erms, rtm, 3dnowpref, lzcnt, ht, tsc, tscinvbit, bmi1, bmi2, adx

Memory: 4k page, physical 16688920k(3845236k free), swap 47882624k(5468k free)

vm_info: OpenJDK 64-Bit Server VM (25.242-b01) for windows-amd64 JRE (1.8.0_242-release-1644-b01), built by "builder" with MS VC++ 10.0 (VS2010)

time: Wed Apr 14 23:47:23 2021
timezone: 대한민국 표준시
elapsed time: 6 seconds (0d 0h 0m 6s)

