#
# There is insufficient memory for the Java Runtime Environment to continue.
# Native memory allocation (malloc) failed to allocate 1832816 bytes for Chunk::new
# Possible reasons:
#   The system is out of physical RAM or swap space
#   The process is running with CompressedOops enabled, and the Java Heap may be blocking the growth of the native heap
# Possible solutions:
#   Reduce memory load on the system
#   Increase physical memory or swap space
#   Check if swap backing store is full
#   Decrease Java heap size (-Xmx/-Xms)
#   Decrease number of Java threads
#   Decrease Java thread stack sizes (-Xss)
#   Set larger code cache with -XX:ReservedCodeCacheSize=
#   JVM is running with Unscaled Compressed Oops mode in which the Java heap is
#     placed in the first 4GB address space. The Java Heap base address is the
#     maximum limit for the native heap growth. Please use -XX:HeapBaseMinAddress
#     to set the Java Heap base and to place the Java Heap above 4GB virtual address.
# This output file may be truncated or incomplete.
#
#  Out of Memory Error (allocation.cpp:389), pid=19328, tid=0x0000000000006290
#
# JRE version: OpenJDK Runtime Environment (8.0_242-b01) (build 1.8.0_242-release-1644-b01)
# Java VM: OpenJDK 64-Bit Server VM (25.242-b01 mixed mode windows-amd64 compressed oops)
# Failed to write core dump. Minidumps are not enabled by default on client versions of Windows
#

---------------  T H R E A D  ---------------

Current thread (0x0000000019dd5800):  JavaThread "C2 CompilerThread2" daemon [_thread_in_native, id=25232, stack(0x000000001b540000,0x000000001b640000)]

Stack: [0x000000001b540000,0x000000001b640000]
[error occurred during error reporting (printing stack bounds), id 0xc0000005]

Native frames: (J=compiled Java code, j=interpreted, Vv=VM code, C=native code)


Current CompileTask:
C2: 199438 25165       4       com.android.tools.r8.z.a.a.f::a (3630 bytes)


---------------  P R O C E S S  ---------------

Java Threads: ( => current thread )
  0x000000001d3fb800 JavaThread "WorkerExecutor Queue Thread 5" [_thread_blocked, id=22028, stack(0x000000003f930000,0x000000003fa30000)]
  0x000000001d3f8800 JavaThread "WorkerExecutor Queue Thread 4" [_thread_blocked, id=15960, stack(0x000000003f640000,0x000000003f740000)]
  0x000000001bc44800 JavaThread "WorkerExecutor Queue Thread 3" [_thread_blocked, id=21040, stack(0x000000003f540000,0x000000003f640000)]
  0x000000001bc44000 JavaThread "WorkerExecutor Queue Thread 2" [_thread_blocked, id=17388, stack(0x000000003f830000,0x000000003f930000)]
  0x000000001bc3c800 JavaThread "WorkerExecutor Queue" [_thread_blocked, id=15680, stack(0x000000003f440000,0x000000003f540000)]
  0x000000001bc41000 JavaThread "Cache worker for execution history cache (D:\MyApplication\.gradle\6.5\executionHistory)" [_thread_blocked, id=12028, stack(0x000000003f340000,0x000000003f440000)]
  0x000000001bc40000 JavaThread "Execution worker for ':' Thread 11" [_thread_blocked, id=25556, stack(0x000000003f240000,0x000000003f340000)]
  0x000000001bc38800 JavaThread "Execution worker for ':' Thread 10" [_thread_blocked, id=23920, stack(0x000000003f140000,0x000000003f240000)]
  0x000000001bc3e000 JavaThread "Execution worker for ':' Thread 9" [_thread_blocked, id=16656, stack(0x000000003f040000,0x000000003f140000)]
  0x000000001bc36000 JavaThread "Execution worker for ':' Thread 8" [_thread_blocked, id=25396, stack(0x000000003ef40000,0x000000003f040000)]
  0x000000001bc3d000 JavaThread "Execution worker for ':' Thread 7" [_thread_blocked, id=20128, stack(0x000000003ec30000,0x000000003ed30000)]
  0x000000001bc3b000 JavaThread "Execution worker for ':' Thread 6" [_thread_blocked, id=24712, stack(0x000000003eb30000,0x000000003ec30000)]
  0x000000002229c800 JavaThread "Execution worker for ':' Thread 5" [_thread_blocked, id=18932, stack(0x000000003ea30000,0x000000003eb30000)]
  0x000000002229c000 JavaThread "Execution worker for ':' Thread 4" [_thread_blocked, id=16364, stack(0x000000003d700000,0x000000003d800000)]
  0x0000000022294000 JavaThread "Execution worker for ':' Thread 3" [_thread_blocked, id=20620, stack(0x000000003d400000,0x000000003d500000)]
  0x000000002229b000 JavaThread "Execution worker for ':' Thread 2" [_thread_blocked, id=18892, stack(0x0000000033270000,0x0000000033370000)]
  0x0000000022295000 JavaThread "Execution worker for ':'" [_thread_blocked, id=19940, stack(0x000000002eaa0000,0x000000002eba0000)]
  0x0000000022293800 JavaThread "Cache worker for file content cache (D:\MyApplication\.gradle\6.5\fileContent)" [_thread_blocked, id=1068, stack(0x000000002cdd0000,0x000000002ced0000)]
  0x0000000022292000 JavaThread "Cache worker for Build Output Cleanup Cache (D:\MyApplication\.gradle\buildOutputCleanup)" [_thread_blocked, id=3292, stack(0x000000002ccd0000,0x000000002cdd0000)]
  0x0000000022297000 JavaThread "jar transforms Thread 282" [_thread_blocked, id=9488, stack(0x000000002bed0000,0x000000002bfd0000)]
  0x0000000022296800 JavaThread "jar transforms Thread 281" [_thread_blocked, id=9364, stack(0x000000002bbd0000,0x000000002bcd0000)]
  0x000000002228d800 JavaThread "jar transforms Thread 280" [_thread_blocked, id=7328, stack(0x000000002bad0000,0x000000002bbd0000)]
  0x0000000022291000 JavaThread "jar transforms Thread 279" [_thread_blocked, id=22188, stack(0x000000002b9d0000,0x000000002bad0000)]
  0x0000000022292800 JavaThread "jar transforms Thread 278" [_thread_blocked, id=25444, stack(0x000000002b8d0000,0x000000002b9d0000)]
  0x000000002228f800 JavaThread "jar transforms Thread 277" [_thread_blocked, id=7900, stack(0x000000002b7d0000,0x000000002b8d0000)]
  0x0000000022290800 JavaThread "jar transforms Thread 276" [_thread_blocked, id=1488, stack(0x000000002b6d0000,0x000000002b7d0000)]
  0x000000002228f000 JavaThread "jar transforms Thread 275" [_thread_blocked, id=20360, stack(0x000000002b5d0000,0x000000002b6d0000)]
  0x000000002228e000 JavaThread "jar transforms Thread 274" [_thread_blocked, id=20288, stack(0x000000002b4d0000,0x000000002b5d0000)]
  0x000000003c1e1000 JavaThread "jar transforms Thread 273" [_thread_blocked, id=1612, stack(0x000000002b3d0000,0x000000002b4d0000)]
  0x000000003c1e0000 JavaThread "jar transforms Thread 272" [_thread_blocked, id=24788, stack(0x000000002b2d0000,0x000000002b3d0000)]
  0x000000003c1e3000 JavaThread "jar transforms Thread 271" [_thread_blocked, id=25296, stack(0x000000002b1d0000,0x000000002b2d0000)]
  0x000000003c1e2800 JavaThread "jar transforms Thread 270" [_thread_blocked, id=9320, stack(0x000000002b0d0000,0x000000002b1d0000)]
  0x000000003c1e1800 JavaThread "jar transforms Thread 269" [_thread_blocked, id=8716, stack(0x000000002ad40000,0x000000002ae40000)]
  0x000000003c1de800 JavaThread "jar transforms Thread 268" [_thread_blocked, id=5860, stack(0x000000002ac40000,0x000000002ad40000)]
  0x000000003c1e4000 JavaThread "jar transforms Thread 267" [_thread_blocked, id=13380, stack(0x000000002ab40000,0x000000002ac40000)]
  0x000000003c1d6800 JavaThread "jar transforms Thread 266" [_thread_blocked, id=1136, stack(0x000000002aa40000,0x000000002ab40000)]
  0x000000003c1d8800 JavaThread "jar transforms Thread 265" [_thread_blocked, id=25592, stack(0x000000002a940000,0x000000002aa40000)]
  0x000000003c1dd000 JavaThread "jar transforms Thread 264" [_thread_blocked, id=22808, stack(0x000000002a840000,0x000000002a940000)]
  0x000000003c1d7000 JavaThread "jar transforms Thread 263" [_thread_blocked, id=24832, stack(0x000000002a740000,0x000000002a840000)]
  0x000000003c1d5800 JavaThread "jar transforms Thread 262" [_thread_blocked, id=15000, stack(0x000000002a640000,0x000000002a740000)]
  0x000000003c1dc800 JavaThread "jar transforms Thread 261" [_thread_blocked, id=23884, stack(0x000000002a540000,0x000000002a640000)]
  0x000000003c1db800 JavaThread "jar transforms Thread 260" [_thread_blocked, id=10336, stack(0x000000002a440000,0x000000002a540000)]
  0x000000003c1d8000 JavaThread "jar transforms Thread 259" [_thread_blocked, id=7392, stack(0x000000002a340000,0x000000002a440000)]
  0x000000003c1da000 JavaThread "jar transforms Thread 258" [_thread_blocked, id=7888, stack(0x000000002a240000,0x000000002a340000)]
  0x000000002174e000 JavaThread "jar transforms Thread 257" [_thread_blocked, id=18500, stack(0x000000002a140000,0x000000002a240000)]
  0x000000002174f800 JavaThread "jar transforms Thread 256" [_thread_blocked, id=12748, stack(0x000000002a040000,0x000000002a140000)]
  0x000000002174e800 JavaThread "jar transforms Thread 255" [_thread_blocked, id=6588, stack(0x0000000029f40000,0x000000002a040000)]
  0x000000002174d000 JavaThread "jar transforms Thread 254" [_thread_blocked, id=21096, stack(0x0000000029e40000,0x0000000029f40000)]
  0x000000002174c800 JavaThread "jar transforms Thread 253" [_thread_blocked, id=17700, stack(0x0000000029d40000,0x0000000029e40000)]
  0x0000000021745000 JavaThread "jar transforms Thread 252" [_thread_blocked, id=3076, stack(0x0000000029c40000,0x0000000029d40000)]
  0x000000002174b800 JavaThread "jar transforms Thread 251" [_thread_blocked, id=23860, stack(0x0000000029b40000,0x0000000029c40000)]
  0x0000000021744000 JavaThread "jar transforms Thread 250" [_thread_blocked, id=6080, stack(0x0000000029a40000,0x0000000029b40000)]
  0x0000000021749800 JavaThread "jar transforms Thread 249" [_thread_blocked, id=16296, stack(0x0000000029940000,0x0000000029a40000)]
  0x000000002174b000 JavaThread "jar transforms Thread 248" [_thread_blocked, id=11468, stack(0x0000000029840000,0x0000000029940000)]
  0x0000000021741000 JavaThread "jar transforms Thread 247" [_thread_blocked, id=3216, stack(0x0000000029740000,0x0000000029840000)]
  0x0000000021747000 JavaThread "jar transforms Thread 246" [_thread_blocked, id=22452, stack(0x0000000029640000,0x0000000029740000)]
  0x0000000021742800 JavaThread "jar transforms Thread 245" [_thread_blocked, id=8868, stack(0x0000000029540000,0x0000000029640000)]
  0x0000000021746800 JavaThread "jar transforms Thread 244" [_thread_blocked, id=3400, stack(0x0000000029440000,0x0000000029540000)]
  0x0000000021745800 JavaThread "jar transforms Thread 243" [_thread_blocked, id=22408, stack(0x0000000029340000,0x0000000029440000)]
  0x0000000021742000 JavaThread "jar transforms Thread 242" [_thread_blocked, id=24932, stack(0x0000000029240000,0x0000000029340000)]
  0x0000000021748000 JavaThread "jar transforms Thread 241" [_thread_blocked, id=15452, stack(0x0000000029140000,0x0000000029240000)]
  0x0000000021740800 JavaThread "jar transforms Thread 240" [_thread_blocked, id=15948, stack(0x0000000029040000,0x0000000029140000)]
  0x0000000021743800 JavaThread "jar transforms Thread 239" [_thread_blocked, id=2796, stack(0x0000000028f40000,0x0000000029040000)]
  0x00000000374f3800 JavaThread "jar transforms Thread 238" [_thread_blocked, id=24308, stack(0x0000000028e40000,0x0000000028f40000)]
  0x00000000374f7000 JavaThread "jar transforms Thread 237" [_thread_blocked, id=6484, stack(0x0000000028d40000,0x0000000028e40000)]
  0x00000000374ef800 JavaThread "jar transforms Thread 236" [_thread_blocked, id=24160, stack(0x0000000028c40000,0x0000000028d40000)]
  0x00000000374f2800 JavaThread "jar transforms Thread 235" [_thread_blocked, id=15372, stack(0x0000000028b40000,0x0000000028c40000)]
  0x00000000374f2000 JavaThread "jar transforms Thread 234" [_thread_blocked, id=18796, stack(0x0000000028a40000,0x0000000028b40000)]
  0x00000000374f6800 JavaThread "jar transforms Thread 233" [_thread_blocked, id=2236, stack(0x0000000028940000,0x0000000028a40000)]
  0x00000000374f5000 JavaThread "jar transforms Thread 232" [_thread_blocked, id=24884, stack(0x0000000028840000,0x0000000028940000)]
  0x00000000374f5800 JavaThread "jar transforms Thread 231" [_thread_blocked, id=11676, stack(0x0000000028740000,0x0000000028840000)]
  0x00000000374f0800 JavaThread "jar transforms Thread 230" [_thread_blocked, id=13016, stack(0x0000000028640000,0x0000000028740000)]
  0x00000000374e8000 JavaThread "jar transforms Thread 229" [_thread_blocked, id=15208, stack(0x0000000028540000,0x0000000028640000)]
  0x00000000374ef000 JavaThread "jar transforms Thread 228" [_thread_blocked, id=15540, stack(0x0000000028440000,0x0000000028540000)]
  0x00000000374ee000 JavaThread "jar transforms Thread 227" [_thread_blocked, id=8492, stack(0x0000000028340000,0x0000000028440000)]
  0x00000000374ed800 JavaThread "jar transforms Thread 226" [_thread_blocked, id=24824, stack(0x0000000028240000,0x0000000028340000)]
  0x00000000374ec000 JavaThread "jar transforms Thread 225" [_thread_blocked, id=24580, stack(0x0000000028140000,0x0000000028240000)]
  0x00000000374eb000 JavaThread "jar transforms Thread 224" [_thread_blocked, id=18312, stack(0x0000000028040000,0x0000000028140000)]
  0x00000000374e9000 JavaThread "jar transforms Thread 223" [_thread_blocked, id=21128, stack(0x0000000027f40000,0x0000000028040000)]
  0x00000000374e9800 JavaThread "jar transforms Thread 222" [_thread_blocked, id=14184, stack(0x0000000027e40000,0x0000000027f40000)]
  0x00000000374ec800 JavaThread "jar transforms Thread 221" [_thread_blocked, id=13936, stack(0x0000000027d40000,0x0000000027e40000)]
  0x00000000374ea800 JavaThread "jar transforms Thread 220" [_thread_blocked, id=12392, stack(0x0000000027c40000,0x0000000027d40000)]
  0x000000003913c800 JavaThread "jar transforms Thread 219" [_thread_blocked, id=13116, stack(0x0000000027b40000,0x0000000027c40000)]
  0x000000003913d000 JavaThread "jar transforms Thread 218" [_thread_blocked, id=16836, stack(0x0000000027a40000,0x0000000027b40000)]
  0x000000003913b800 JavaThread "jar transforms Thread 217" [_thread_blocked, id=23808, stack(0x0000000027940000,0x0000000027a40000)]
  0x0000000039133000 JavaThread "jar transforms Thread 216" [_thread_blocked, id=8700, stack(0x0000000027840000,0x0000000027940000)]
  0x0000000039132800 JavaThread "jar transforms Thread 215" [_thread_blocked, id=9844, stack(0x0000000027740000,0x0000000027840000)]
  0x0000000039139000 JavaThread "jar transforms Thread 214" [_thread_blocked, id=1472, stack(0x0000000027640000,0x0000000027740000)]
  0x0000000039137000 JavaThread "jar transforms Thread 213" [_thread_blocked, id=13596, stack(0x0000000027540000,0x0000000027640000)]
  0x0000000039135800 JavaThread "jar transforms Thread 212" [_thread_blocked, id=23608, stack(0x0000000027440000,0x0000000027540000)]
  0x0000000039138800 JavaThread "jar transforms Thread 211" [_thread_blocked, id=4820, stack(0x0000000027340000,0x0000000027440000)]
  0x0000000039134800 JavaThread "jar transforms Thread 210" [_thread_blocked, id=18248, stack(0x0000000027240000,0x0000000027340000)]
  0x0000000039137800 JavaThread "jar transforms Thread 209" [_thread_blocked, id=8252, stack(0x0000000027140000,0x0000000027240000)]
  0x0000000039131000 JavaThread "jar transforms Thread 208" [_thread_blocked, id=13148, stack(0x0000000027040000,0x0000000027140000)]
  0x0000000039131800 JavaThread "jar transforms Thread 207" [_thread_blocked, id=14924, stack(0x0000000026f40000,0x0000000027040000)]
  0x0000000039134000 JavaThread "jar transforms Thread 206" [_thread_blocked, id=16608, stack(0x0000000026e40000,0x0000000026f40000)]
  0x0000000039129800 JavaThread "jar transforms Thread 205" [_thread_blocked, id=9436, stack(0x0000000026d40000,0x0000000026e40000)]
  0x0000000039130000 JavaThread "jar transforms Thread 204" [_thread_blocked, id=9508, stack(0x0000000026c40000,0x0000000026d40000)]
  0x000000003912e000 JavaThread "jar transforms Thread 203" [_thread_blocked, id=4012, stack(0x0000000026b40000,0x0000000026c40000)]
  0x000000003912a000 JavaThread "jar transforms Thread 202" [_thread_blocked, id=24228, stack(0x0000000026a40000,0x0000000026b40000)]
  0x000000003912b800 JavaThread "jar transforms Thread 201" [_thread_blocked, id=10900, stack(0x0000000026940000,0x0000000026a40000)]
  0x000000003912f800 JavaThread "jar transforms Thread 200" [_thread_blocked, id=5576, stack(0x0000000026840000,0x0000000026940000)]
  0x0000000039128800 JavaThread "jar transforms Thread 199" [_thread_blocked, id=24092, stack(0x0000000026740000,0x0000000026840000)]
  0x000000003912e800 JavaThread "jar transforms Thread 198" [_thread_blocked, id=20332, stack(0x0000000026440000,0x0000000026540000)]
  0x000000003912d000 JavaThread "jar transforms Thread 197" [_thread_blocked, id=22264, stack(0x0000000026340000,0x0000000026440000)]
  0x000000003912c800 JavaThread "jar transforms Thread 196" [_thread_blocked, id=4612, stack(0x0000000026240000,0x0000000026340000)]
  0x000000003912b000 JavaThread "jar transforms Thread 195" [_thread_blocked, id=18284, stack(0x0000000026140000,0x0000000026240000)]
  0x0000000039121000 JavaThread "jar transforms Thread 194" [_thread_blocked, id=19728, stack(0x0000000026040000,0x0000000026140000)]
  0x0000000039128000 JavaThread "jar transforms Thread 193" [_thread_blocked, id=10216, stack(0x0000000025f40000,0x0000000026040000)]
  0x0000000039120800 JavaThread "jar transforms Thread 192" [_thread_blocked, id=10592, stack(0x0000000025e40000,0x0000000025f40000)]
  0x0000000039127000 JavaThread "jar transforms Thread 191" [_thread_blocked, id=18328, stack(0x0000000025d40000,0x0000000025e40000)]
  0x0000000039122800 JavaThread "jar transforms Thread 190" [_thread_blocked, id=4428, stack(0x0000000025c40000,0x0000000025d40000)]
  0x000000003911f800 JavaThread "jar transforms Thread 189" [_thread_blocked, id=17468, stack(0x0000000025b40000,0x0000000025c40000)]
  0x0000000039125000 JavaThread "Build operations Thread 12" [_thread_blocked, id=11800, stack(0x0000000025a40000,0x0000000025b40000)]
  0x0000000039126800 JavaThread "Build operations Thread 11" [_thread_blocked, id=14104, stack(0x0000000025940000,0x0000000025a40000)]
  0x0000000039125800 JavaThread "Build operations Thread 10" [_thread_blocked, id=1768, stack(0x0000000025840000,0x0000000025940000)]
  0x0000000039122000 JavaThread "Build operations Thread 9" [_thread_blocked, id=15244, stack(0x0000000025740000,0x0000000025840000)]
  0x000000003911e000 JavaThread "Build operations Thread 8" [_thread_blocked, id=16524, stack(0x0000000025640000,0x0000000025740000)]
  0x000000003911f000 JavaThread "Build operations Thread 7" [_thread_blocked, id=456, stack(0x0000000025540000,0x0000000025640000)]
  0x0000000039123800 JavaThread "Build operations Thread 6" [_thread_blocked, id=16544, stack(0x0000000025440000,0x0000000025540000)]
  0x00000000229a1000 JavaThread "Build operations Thread 5" [_thread_blocked, id=17088, stack(0x0000000025340000,0x0000000025440000)]
  0x00000000229a2800 JavaThread "Build operations Thread 4" [_thread_blocked, id=22088, stack(0x0000000025240000,0x0000000025340000)]
  0x00000000229a0000 JavaThread "Build operations Thread 3" [_thread_blocked, id=17896, stack(0x0000000024ed0000,0x0000000024fd0000)]
  0x00000000229a1800 JavaThread "Build operations Thread 2" [_thread_in_Java, id=25360, stack(0x00000000248d0000,0x00000000249d0000)]
  0x000000002299e800 JavaThread "Build operations" [_thread_blocked, id=23612, stack(0x0000000021a90000,0x0000000021b90000)]
  0x00000000229a3000 JavaThread "Cache worker for cache directory md-rule (C:\Users\win10\.gradle\caches\6.5\md-rule)" [_thread_blocked, id=23332, stack(0x000000001f7c0000,0x000000001f8c0000)]
  0x000000002299f800 JavaThread "Cache worker for cache directory md-supplier (C:\Users\win10\.gradle\caches\6.5\md-supplier)" [_thread_blocked, id=16820, stack(0x000000001f1c0000,0x000000001f2c0000)]
  0x0000000022997000 JavaThread "Cache worker for checksums cache (D:\MyApplication\.gradle\checksums)" [_thread_blocked, id=20880, stack(0x000000001f0c0000,0x000000001f1c0000)]
  0x000000002299e000 JavaThread "Cache worker for file hash cache (D:\MyApplication\.gradle\6.5\fileHashes)" [_thread_blocked, id=6460, stack(0x000000001efc0000,0x000000001f0c0000)]
  0x000000002299d000 JavaThread "Thread-330" [_thread_blocked, id=21604, stack(0x000000001eec0000,0x000000001efc0000)]
  0x0000000022995800 JavaThread "Stdin handler" [_thread_blocked, id=24972, stack(0x000000001edc0000,0x000000001eec0000)]
  0x000000002299c800 JavaThread "Asynchronous log dispatcher for DefaultDaemonConnection: socket connection from /127.0.0.1:51319 to /127.0.0.1:51749" [_thread_blocked, id=4912, stack(0x000000001ecc0000,0x000000001edc0000)]
  0x0000000022995000 JavaThread "Daemon worker Thread 3" [_thread_blocked, id=1048, stack(0x000000001eac0000,0x000000001ebc0000)]
  0x0000000022994000 JavaThread "Cancel handler" [_thread_blocked, id=8404, stack(0x0000000001390000,0x0000000001490000)]
  0x0000000022998000 JavaThread "Handler for socket connection from /127.0.0.1:51319 to /127.0.0.1:51749" [_thread_in_native, id=22092, stack(0x0000000001290000,0x0000000001390000)]
  0x0000000022998800 JavaThread "Daemon Thread 3" [_thread_blocked, id=6740, stack(0x0000000001190000,0x0000000001290000)]
  0x000000003c1df800 JavaThread "Cache worker for Java compile cache (C:\Users\win10\.gradle\caches\6.5\javaCompile)" [_thread_blocked, id=7460, stack(0x000000002f1a0000,0x000000002f2a0000)]
  0x000000002174a000 JavaThread "Memory manager" [_thread_blocked, id=14580, stack(0x000000002cbd0000,0x000000002ccd0000)]
  0x000000001bc3e800 JavaThread "Cache worker for file content cache (C:\Users\win10\.gradle\caches\6.5\fileContent)" [_thread_blocked, id=23404, stack(0x00000000249d0000,0x0000000024ad0000)]
  0x000000001bc3b800 JavaThread "Cache worker for execution history cache (C:\Users\win10\.gradle\caches\6.5\executionHistory)" [_thread_blocked, id=13276, stack(0x0000000021d90000,0x0000000021e90000)]
  0x000000001bc37000 JavaThread "Cache worker for file hash cache (C:\Users\win10\.gradle\caches\6.5\fileHashes)" [_thread_blocked, id=23108, stack(0x000000001f6c0000,0x000000001f7c0000)]
  0x000000001bc37800 JavaThread "File lock request listener" [_thread_in_native, id=21240, stack(0x000000001f5c0000,0x000000001f6c0000)]
  0x000000001bc3a000 JavaThread "Cache worker for journal cache (C:\Users\win10\.gradle\caches\journal-1)" [_thread_blocked, id=18804, stack(0x000000001f4c0000,0x000000001f5c0000)]
  0x000000001d3fb000 JavaThread "Daemon periodic checks" [_thread_blocked, id=2076, stack(0x000000001e7c0000,0x000000001e8c0000)]
  0x000000001d3fa000 JavaThread "Incoming local TCP Connector on port 51319" [_thread_in_native, id=14852, stack(0x000000001e5e0000,0x000000001e6e0000)]
  0x000000001d399800 JavaThread "Daemon health stats" [_thread_blocked, id=21904, stack(0x000000001e2e0000,0x000000001e3e0000)]
  0x0000000019e5a800 JavaThread "Service Thread" daemon [_thread_blocked, id=24532, stack(0x000000001b740000,0x000000001b840000)]
  0x0000000019dd7000 JavaThread "C1 CompilerThread3" daemon [_thread_blocked, id=13032, stack(0x000000001b640000,0x000000001b740000)]
=>0x0000000019dd5800 JavaThread "C2 CompilerThread2" daemon [_thread_in_native, id=25232, stack(0x000000001b540000,0x000000001b640000)]
  0x0000000019dc7000 JavaThread "C2 CompilerThread1" daemon [_thread_in_native, id=21392, stack(0x000000001b440000,0x000000001b540000)]
  0x0000000019d6a800 JavaThread "C2 CompilerThread0" daemon [_thread_in_native, id=14456, stack(0x000000001b340000,0x000000001b440000)]
  0x0000000019dc5800 JavaThread "Attach Listener" daemon [_thread_blocked, id=10324, stack(0x000000001b240000,0x000000001b340000)]
  0x0000000019dc4000 JavaThread "Signal Dispatcher" daemon [_thread_blocked, id=14964, stack(0x000000001b140000,0x000000001b240000)]
  0x0000000019d53800 JavaThread "Finalizer" daemon [_thread_blocked, id=5008, stack(0x000000001afb0000,0x000000001b0b0000)]
  0x0000000003419000 JavaThread "Reference Handler" daemon [_thread_blocked, id=15876, stack(0x000000001aeb0000,0x000000001afb0000)]
  0x0000000002e5e000 JavaThread "main" [_thread_blocked, id=9072, stack(0x0000000003220000,0x0000000003320000)]

Other Threads:
  0x0000000019d32800 VMThread [stack: 0x000000001adb0000,0x000000001aeb0000] [id=17992]
  0x0000000019e5c800 WatcherThread [stack: 0x000000001b840000,0x000000001b940000] [id=15140]

VM state:not at safepoint (normal execution)

VM Mutex/Monitor currently owned by a thread: None

heap address: 0x0000000080000000, size: 2048 MB, Compressed Oops mode: 32-bit
Narrow klass base: 0x0000000000000000, Narrow klass shift: 3
Compressed class space size: 1073741824 Address: 0x0000000100000000

Heap:
 PSYoungGen      total 609792K, used 422939K [0x00000000d5580000, 0x00000000ff480000, 0x0000000100000000)
  eden space 536576K, 77% used [0x00000000d5580000,0x00000000eea4ed28,0x00000000f6180000)
  from space 73216K, 11% used [0x00000000f6180000,0x00000000f69b8040,0x00000000fa900000)
  to   space 69120K, 0% used [0x00000000fb100000,0x00000000fb100000,0x00000000ff480000)
 ParOldGen       total 501760K, used 318089K [0x0000000080000000, 0x000000009ea00000, 0x00000000d5580000)
  object space 501760K, 63% used [0x0000000080000000,0x00000000936a2598,0x000000009ea00000)
 Metaspace       used 113855K, capacity 120036K, committed 120280K, reserved 1153024K
  class space    used 14779K, capacity 15995K, committed 16128K, reserved 1048576K

Card table byte_map: [0x00000000127e0000,0x0000000012bf0000] byte_map_base: 0x00000000123e0000

Marking Bits: (ParMarkBitMap*) 0x000000005885f030
 Begin Bits: [0x00000000138a0000, 0x00000000158a0000)
 End Bits:   [0x00000000158a0000, 0x00000000178a0000)

Polling page: 0x0000000001510000

CodeCache: size=245760Kb used=69296Kb max_used=69336Kb free=176463Kb
 bounds [0x0000000003420000, 0x0000000007850000, 0x0000000012420000]
 total_blobs=20507 nmethods=19554 adapters=861
 compilation: enabled

Compilation events (10 events):
Event: 199.066 Thread 0x0000000019d6a800 nmethod 25174 0x000000000780bdd0 code [0x000000000780c900, 0x0000000007813780]
Event: 199.067 Thread 0x0000000019d6a800 25221       4       com.android.tools.r8.s.a.h.e::b (268 bytes)
Event: 199.068 Thread 0x0000000019dd7000 25222 %     2       com.android.tools.r8.ir.optimize.j0::b @ 19 (1573 bytes)
Event: 199.079 Thread 0x0000000019dd7000 nmethod 25222% 0x0000000007820590 code [0x0000000007820e40, 0x0000000007824238]
Event: 199.362 Thread 0x0000000019dd7000 25226       2       com.android.tools.r8.t.a.a.a.f.E::b (179 bytes)
Event: 199.363 Thread 0x0000000019dd7000 nmethod 25226 0x0000000005fbc7d0 code [0x0000000005fbc980, 0x0000000005fbcd18]
Event: 199.367 Thread 0x0000000019dc7000 nmethod 25195 0x0000000007831b50 code [0x0000000007832440, 0x0000000007839b28]
Event: 199.367 Thread 0x0000000019dc7000 25223       4       com.android.tools.r8.ir.optimize.j0::b (1573 bytes)
Event: 199.384 Thread 0x0000000019dd7000 25227       2       com.android.tools.r8.ir.optimize.d0::a (35 bytes)
Event: 199.384 Thread 0x0000000019dd7000 nmethod 25227 0x0000000006b06990 code [0x0000000006b06b20, 0x0000000006b06e08]

GC Heap History (10 events):
Event: 196.319 GC heap before
{Heap before GC invocations=59 (full 6):
 PSYoungGen      total 590848K, used 508900K [0x00000000d5580000, 0x00000000fef00000, 0x0000000100000000)
  eden space 497152K, 100% used [0x00000000d5580000,0x00000000f3b00000,0x00000000f3b00000)
  from space 93696K, 12% used [0x00000000f9380000,0x00000000f9ef9060,0x00000000fef00000)
  to   space 90624K, 0% used [0x00000000f3b00000,0x00000000f3b00000,0x00000000f9380000)
 ParOldGen       total 501760K, used 277819K [0x0000000080000000, 0x000000009ea00000, 0x00000000d5580000)
  object space 501760K, 55% used [0x0000000080000000,0x0000000090f4ee18,0x000000009ea00000)
 Metaspace       used 113839K, capacity 120032K, committed 120280K, reserved 1153024K
  class space    used 14779K, capacity 15995K, committed 16128K, reserved 1048576K
Event: 196.340 GC heap after
Heap after GC invocations=59 (full 6):
 PSYoungGen      total 587776K, used 17000K [0x00000000d5580000, 0x00000000ff200000, 0x0000000100000000)
  eden space 497152K, 0% used [0x00000000d5580000,0x00000000d5580000,0x00000000f3b00000)
  from space 90624K, 18% used [0x00000000f3b00000,0x00000000f4b9a3e0,0x00000000f9380000)
  to   space 84992K, 0% used [0x00000000f9f00000,0x00000000f9f00000,0x00000000ff200000)
 ParOldGen       total 501760K, used 286219K [0x0000000080000000, 0x000000009ea00000, 0x00000000d5580000)
  object space 501760K, 57% used [0x0000000080000000,0x0000000091782c50,0x000000009ea00000)
 Metaspace       used 113839K, capacity 120032K, committed 120280K, reserved 1153024K
  class space    used 14779K, capacity 15995K, committed 16128K, reserved 1048576K
}
Event: 196.613 GC heap before
{Heap before GC invocations=60 (full 6):
 PSYoungGen      total 587776K, used 514152K [0x00000000d5580000, 0x00000000ff200000, 0x0000000100000000)
  eden space 497152K, 100% used [0x00000000d5580000,0x00000000f3b00000,0x00000000f3b00000)
  from space 90624K, 18% used [0x00000000f3b00000,0x00000000f4b9a3e0,0x00000000f9380000)
  to   space 84992K, 0% used [0x00000000f9f00000,0x00000000f9f00000,0x00000000ff200000)
 ParOldGen       total 501760K, used 286219K [0x0000000080000000, 0x000000009ea00000, 0x00000000d5580000)
  object space 501760K, 57% used [0x0000000080000000,0x0000000091782c50,0x000000009ea00000)
 Metaspace       used 113839K, capacity 120032K, committed 120280K, reserved 1153024K
  class space    used 14779K, capacity 15995K, committed 16128K, reserved 1048576K
Event: 196.637 GC heap after
Heap after GC invocations=60 (full 6):
 PSYoungGen      total 603648K, used 8730K [0x00000000d5580000, 0x00000000ff280000, 0x0000000100000000)
  eden space 518656K, 0% used [0x00000000d5580000,0x00000000d5580000,0x00000000f5000000)
  from space 84992K, 10% used [0x00000000f9f00000,0x00000000fa786ae0,0x00000000ff200000)
  to   space 80896K, 0% used [0x00000000f5000000,0x00000000f5000000,0x00000000f9f00000)
 ParOldGen       total 501760K, used 299516K [0x0000000080000000, 0x000000009ea00000, 0x00000000d5580000)
  object space 501760K, 59% used [0x0000000080000000,0x000000009247f1f0,0x000000009ea00000)
 Metaspace       used 113839K, capacity 120032K, committed 120280K, reserved 1153024K
  class space    used 14779K, capacity 15995K, committed 16128K, reserved 1048576K
}
Event: 197.037 GC heap before
{Heap before GC invocations=61 (full 6):
 PSYoungGen      total 603648K, used 527386K [0x00000000d5580000, 0x00000000ff280000, 0x0000000100000000)
  eden space 518656K, 100% used [0x00000000d5580000,0x00000000f5000000,0x00000000f5000000)
  from space 84992K, 10% used [0x00000000f9f00000,0x00000000fa786ae0,0x00000000ff200000)
  to   space 80896K, 0% used [0x00000000f5000000,0x00000000f5000000,0x00000000f9f00000)
 ParOldGen       total 501760K, used 299516K [0x0000000080000000, 0x000000009ea00000, 0x00000000d5580000)
  object space 501760K, 59% used [0x0000000080000000,0x000000009247f1f0,0x000000009ea00000)
 Metaspace       used 113844K, capacity 120036K, committed 120280K, reserved 1153024K
  class space    used 14779K, capacity 15995K, committed 16128K, reserved 1048576K
Event: 197.055 GC heap after
Heap after GC invocations=61 (full 6):
 PSYoungGen      total 599552K, used 9099K [0x00000000d5580000, 0x00000000ff400000, 0x0000000100000000)
  eden space 518656K, 0% used [0x00000000d5580000,0x00000000d5580000,0x00000000f5000000)
  from space 80896K, 11% used [0x00000000f5000000,0x00000000f58e2fd8,0x00000000f9f00000)
  to   space 76800K, 0% used [0x00000000fa900000,0x00000000fa900000,0x00000000ff400000)
 ParOldGen       total 501760K, used 306889K [0x0000000080000000, 0x000000009ea00000, 0x00000000d5580000)
  object space 501760K, 61% used [0x0000000080000000,0x0000000092bb2550,0x000000009ea00000)
 Metaspace       used 113844K, capacity 120036K, committed 120280K, reserved 1153024K
  class space    used 14779K, capacity 15995K, committed 16128K, reserved 1048576K
}
Event: 197.727 GC heap before
{Heap before GC invocations=62 (full 6):
 PSYoungGen      total 599552K, used 527755K [0x00000000d5580000, 0x00000000ff400000, 0x0000000100000000)
  eden space 518656K, 100% used [0x00000000d5580000,0x00000000f5000000,0x00000000f5000000)
  from space 80896K, 11% used [0x00000000f5000000,0x00000000f58e2fd8,0x00000000f9f00000)
  to   space 76800K, 0% used [0x00000000fa900000,0x00000000fa900000,0x00000000ff400000)
 ParOldGen       total 501760K, used 306889K [0x0000000080000000, 0x000000009ea00000, 0x00000000d5580000)
  object space 501760K, 61% used [0x0000000080000000,0x0000000092bb2550,0x000000009ea00000)
 Metaspace       used 113851K, capacity 120036K, committed 120280K, reserved 1153024K
  class space    used 14779K, capacity 15995K, committed 16128K, reserved 1048576K
Event: 197.743 GC heap after
Heap after GC invocations=62 (full 6):
 PSYoungGen      total 613376K, used 7392K [0x00000000d5580000, 0x00000000ff500000, 0x0000000100000000)
  eden space 536576K, 0% used [0x00000000d5580000,0x00000000d5580000,0x00000000f6180000)
  from space 76800K, 9% used [0x00000000fa900000,0x00000000fb038000,0x00000000ff400000)
  to   space 73216K, 0% used [0x00000000f6180000,0x00000000f6180000,0x00000000fa900000)
 ParOldGen       total 501760K, used 312193K [0x0000000080000000, 0x000000009ea00000, 0x00000000d5580000)
  object space 501760K, 62% used [0x0000000080000000,0x00000000930e05f0,0x000000009ea00000)
 Metaspace       used 113851K, capacity 120036K, committed 120280K, reserved 1153024K
  class space    used 14779K, capacity 15995K, committed 16128K, reserved 1048576K
}
Event: 198.381 GC heap before
{Heap before GC invocations=63 (full 6):
 PSYoungGen      total 613376K, used 543968K [0x00000000d5580000, 0x00000000ff500000, 0x0000000100000000)
  eden space 536576K, 100% used [0x00000000d5580000,0x00000000f6180000,0x00000000f6180000)
  from space 76800K, 9% used [0x00000000fa900000,0x00000000fb038000,0x00000000ff400000)
  to   space 73216K, 0% used [0x00000000f6180000,0x00000000f6180000,0x00000000fa900000)
 ParOldGen       total 501760K, used 312193K [0x0000000080000000, 0x000000009ea00000, 0x00000000d5580000)
  object space 501760K, 62% used [0x0000000080000000,0x00000000930e05f0,0x000000009ea00000)
 Metaspace       used 113852K, capacity 120036K, committed 120280K, reserved 1153024K
  class space    used 14779K, capacity 15995K, committed 16128K, reserved 1048576K
Event: 198.401 GC heap after
Heap after GC invocations=63 (full 6):
 PSYoungGen      total 609792K, used 8416K [0x00000000d5580000, 0x00000000ff480000, 0x0000000100000000)
  eden space 536576K, 0% used [0x00000000d5580000,0x00000000d5580000,0x00000000f6180000)
  from space 73216K, 11% used [0x00000000f6180000,0x00000000f69b8040,0x00000000fa900000)
  to   space 69120K, 0% used [0x00000000fb100000,0x00000000fb100000,0x00000000ff480000)
 ParOldGen       total 501760K, used 318089K [0x0000000080000000, 0x000000009ea00000, 0x00000000d5580000)
  object space 501760K, 63% used [0x0000000080000000,0x00000000936a2598,0x000000009ea00000)
 Metaspace       used 113852K, capacity 120036K, committed 120280K, reserved 1153024K
  class space    used 14779K, capacity 15995K, committed 16128K, reserved 1048576K
}

Deoptimization events (10 events):
Event: 195.996 Thread 0x00000000229a1000 Uncommon trap: reason=unstable_if action=reinterpret pc=0x0000000005f5ff70 method=com.android.tools.r8.t.a.a.a.f.X$e.contains(Ljava/lang/Object;)Z @ 84
Event: 195.997 Thread 0x00000000229a1000 Uncommon trap: reason=unstable_if action=reinterpret pc=0x0000000006087508 method=com.android.tools.r8.t.a.a.a.f.X$e.contains(Ljava/lang/Object;)Z @ 84
Event: 196.416 Thread 0x00000000229a1000 Uncommon trap: reason=unstable_if action=reinterpret pc=0x00000000074fd30c method=com.android.tools.r8.ir.optimize.a0.a(Ljava/util/Map;I)V @ 29
Event: 196.456 Thread 0x00000000229a1000 Uncommon trap: reason=bimorphic action=maybe_recompile pc=0x0000000005823e84 method=com.android.tools.r8.s.a.h.e.a(Lcom/android/tools/r8/s/b/U0;)V @ 75
Event: 197.021 Thread 0x00000000229a1800 Uncommon trap: reason=predicate action=maybe_recompile pc=0x000000000777362c method=com.android.tools.r8.ir.optimize.a0.a(Lcom/android/tools/r8/s/b/X;Lcom/android/tools/r8/ir/regalloc/e;I)V @ 330
Event: 197.542 Thread 0x000000002299e800 Uncommon trap: reason=bimorphic action=maybe_recompile pc=0x00000000057a4f3c method=com.android.tools.r8.ir.optimize.a0.a(Lcom/android/tools/r8/s/b/X;Lcom/android/tools/r8/ir/regalloc/e;I)V @ 592
Event: 198.472 Thread 0x000000002299e800 Uncommon trap: reason=unstable_if action=reinterpret pc=0x00000000050507c0 method=com.android.tools.r8.utils.T.a(C)Z @ 45
Event: 198.632 Thread 0x000000002299e800 Uncommon trap: reason=array_check action=maybe_recompile pc=0x00000000040ebd94 method=java.util.TimSort.mergeHi(IIII)V @ 282
Event: 198.672 Thread 0x00000000229a2800 Uncommon trap: reason=array_check action=maybe_recompile pc=0x00000000040ebd94 method=java.util.TimSort.mergeHi(IIII)V @ 282
Event: 199.066 Thread 0x00000000229a1800 Uncommon trap: reason=null_check action=make_not_entrant pc=0x0000000007812a78 method=com.android.tools.r8.graph.c.definitionFor(Lcom/android/tools/r8/graph/X;)Lcom/android/tools/r8/graph/U; @ 38

Classes redefined (0 events):
No events

Internal exceptions (10 events):
Event: 196.145 Thread 0x000000003911e000 Exception <a 'sun/nio/fs/WindowsException'> (0x00000000e08ba628) thrown at [C:\src\AOSP-openjdk-git\hotspot\src\share\vm\prims\jni.cpp, line 710]
Event: 196.154 Thread 0x0000000039125000 Exception <a 'sun/nio/fs/WindowsException'> (0x00000000e0d86a78) thrown at [C:\src\AOSP-openjdk-git\hotspot\src\share\vm\prims\jni.cpp, line 710]
Event: 196.219 Thread 0x000000003911e000 Exception <a 'sun/nio/fs/WindowsException'> (0x00000000ea1fc328) thrown at [C:\src\AOSP-openjdk-git\hotspot\src\share\vm\prims\jni.cpp, line 710]
Event: 196.317 Thread 0x0000000039126800 Exception <a 'sun/nio/fs/WindowsException'> (0x00000000f2fdf5c0) thrown at [C:\src\AOSP-openjdk-git\hotspot\src\share\vm\prims\jni.cpp, line 710]
Event: 196.782 Thread 0x00000000229a1000 Exception <a 'sun/nio/fs/WindowsException'> (0x00000000e1c5edb8) thrown at [C:\src\AOSP-openjdk-git\hotspot\src\share\vm\prims\jni.cpp, line 710]
Event: 197.059 Thread 0x00000000229a0000 Exception <a 'sun/nio/fs/WindowsException'> (0x00000000d59db070) thrown at [C:\src\AOSP-openjdk-git\hotspot\src\share\vm\prims\jni.cpp, line 710]
Event: 197.081 Thread 0x000000003911f000 Exception <a 'sun/nio/fs/WindowsException'> (0x00000000d579c6f8) thrown at [C:\src\AOSP-openjdk-git\hotspot\src\share\vm\prims\jni.cpp, line 710]
Event: 198.755 Thread 0x000000002299e800 Exception <a 'sun/nio/fs/WindowsException'> (0x00000000e12c02c0) thrown at [C:\src\AOSP-openjdk-git\hotspot\src\share\vm\prims\jni.cpp, line 710]
Event: 198.896 Thread 0x00000000229a2800 Exception <a 'sun/nio/fs/WindowsException'> (0x00000000e488b2e8) thrown at [C:\src\AOSP-openjdk-git\hotspot\src\share\vm\prims\jni.cpp, line 710]
Event: 199.066 Thread 0x00000000229a1800 Implicit null exception at 0x000000000780e7cc to 0x0000000007812a61

Events (10 events):
Event: 199.331 Thread 0x00000000229a1800 DEOPT PACKING pc=0x00000000057c4627 sp=0x00000000249ca0c0
Event: 199.331 Thread 0x00000000229a1800 DEOPT UNPACKING pc=0x00000000034675d0 sp=0x00000000249c9e88 mode 0
Event: 199.360 Thread 0x00000000229a1800 DEOPT PACKING pc=0x000000000765c276 sp=0x00000000249c9d40
Event: 199.360 Thread 0x00000000229a1800 DEOPT UNPACKING pc=0x00000000034675d0 sp=0x00000000249c9c00 mode 0
Event: 199.391 Thread 0x00000000229a1800 DEOPT PACKING pc=0x0000000004f66d74 sp=0x00000000249c9f30
Event: 199.391 Thread 0x00000000229a1800 DEOPT UNPACKING pc=0x00000000034675d0 sp=0x00000000249c9e38 mode 0
Event: 199.396 Thread 0x00000000229a1800 DEOPT PACKING pc=0x00000000055f3566 sp=0x00000000249ca270
Event: 199.396 Thread 0x00000000229a1800 DEOPT UNPACKING pc=0x00000000034675d0 sp=0x00000000249ca3c0 mode 0
Event: 199.414 Thread 0x00000000229a1800 DEOPT PACKING pc=0x0000000004190913 sp=0x00000000249ca540
Event: 199.414 Thread 0x00000000229a1800 DEOPT UNPACKING pc=0x00000000034675d0 sp=0x00000000249ca388 mode 0


Dynamic libraries:
0x00007ff60b560000 - 0x00007ff60b591000 	D:\android studio\jre\bin\java.exe
0x00007ffa20250000 - 0x00007ffa20445000 	C:\WINDOWS\SYSTEM32\ntdll.dll
0x00007ffa1ff90000 - 0x00007ffa2004d000 	C:\WINDOWS\System32\KERNEL32.DLL
0x00007ffa1dc70000 - 0x00007ffa1df39000 	C:\WINDOWS\System32\KERNELBASE.dll
0x00007ffa1e3e0000 - 0x00007ffa1e48c000 	C:\WINDOWS\System32\ADVAPI32.dll
0x00007ffa20050000 - 0x00007ffa200ee000 	C:\WINDOWS\System32\msvcrt.dll
0x00007ffa1e490000 - 0x00007ffa1e52c000 	C:\WINDOWS\System32\sechost.dll
0x00007ffa1f770000 - 0x00007ffa1f89b000 	C:\WINDOWS\System32\RPCRT4.dll
0x00007ffa1f9c0000 - 0x00007ffa1fb60000 	C:\WINDOWS\System32\USER32.dll
0x00007ffa1dfc0000 - 0x00007ffa1dfe2000 	C:\WINDOWS\System32\win32u.dll
0x00007ffa1ec90000 - 0x00007ffa1ecba000 	C:\WINDOWS\System32\GDI32.dll
0x00007ffa1db60000 - 0x00007ffa1dc6b000 	C:\WINDOWS\System32\gdi32full.dll
0x00007ffa1dac0000 - 0x00007ffa1db5d000 	C:\WINDOWS\System32\msvcp_win.dll
0x00007ffa1e150000 - 0x00007ffa1e250000 	C:\WINDOWS\System32\ucrtbase.dll
0x00007ffa05c90000 - 0x00007ffa05f2a000 	C:\WINDOWS\WinSxS\amd64_microsoft.windows.common-controls_6595b64144ccf1df_6.0.19041.844_none_ca00b6081b84eb1d\COMCTL32.dll
0x00007ffa1f980000 - 0x00007ffa1f9b0000 	C:\WINDOWS\System32\IMM32.DLL
0x0000000057600000 - 0x00000000576d2000 	D:\android studio\jre\jre\bin\msvcr100.dll
0x0000000058090000 - 0x00000000588db000 	D:\android studio\jre\jre\bin\server\jvm.dll
0x00007ffa1fbc0000 - 0x00007ffa1fbc8000 	C:\WINDOWS\System32\PSAPI.DLL
0x00007ffa183b0000 - 0x00007ffa183b9000 	C:\WINDOWS\SYSTEM32\WSOCK32.dll
0x00007ffa1f700000 - 0x00007ffa1f76b000 	C:\WINDOWS\System32\WS2_32.dll
0x00007ffa139b0000 - 0x00007ffa139ba000 	C:\WINDOWS\SYSTEM32\VERSION.dll
0x00007ffa124c0000 - 0x00007ffa124e7000 	C:\WINDOWS\SYSTEM32\WINMM.dll
0x00007ffa173b0000 - 0x00007ffa173bf000 	D:\android studio\jre\jre\bin\verify.dll
0x00007ffa072c0000 - 0x00007ffa072e9000 	D:\android studio\jre\jre\bin\java.dll
0x00007ffa06e80000 - 0x00007ffa06e96000 	D:\android studio\jre\jre\bin\zip.dll
0x00007ffa1ecc0000 - 0x00007ffa1f402000 	C:\WINDOWS\System32\SHELL32.dll
0x00007ffa1bb10000 - 0x00007ffa1c2a0000 	C:\WINDOWS\SYSTEM32\windows.storage.dll
0x00007ffa1fbd0000 - 0x00007ffa1ff25000 	C:\WINDOWS\System32\combase.dll
0x00007ffa1d400000 - 0x00007ffa1d42c000 	C:\WINDOWS\SYSTEM32\Wldp.dll
0x00007ffa1f4a0000 - 0x00007ffa1f54e000 	C:\WINDOWS\System32\SHCORE.dll
0x00007ffa1ec30000 - 0x00007ffa1ec85000 	C:\WINDOWS\System32\shlwapi.dll
0x00007ffa1d8d0000 - 0x00007ffa1d8ef000 	C:\WINDOWS\SYSTEM32\profapi.dll
0x00007ffa05760000 - 0x00007ffa0577a000 	D:\android studio\jre\jre\bin\net.dll
0x00007ffa1d180000 - 0x00007ffa1d1ea000 	C:\WINDOWS\system32\mswsock.dll
0x00007ffa1b1f0000 - 0x00007ffa1b203000 	D:\android studio\jre\jre\bin\nio.dll
0x00007ffa108d0000 - 0x00007ffa108f7000 	C:\Users\win10\.gradle\native\f6784746aeab05261644944871eae4fe03e0ef1612fff0a4a95f87b438bc6780\windows-amd64\native-platform.dll
0x00007ffa16810000 - 0x00007ffa1681d000 	D:\android studio\jre\jre\bin\management.dll
0x00007ffa1d350000 - 0x00007ffa1d368000 	C:\WINDOWS\SYSTEM32\CRYPTSP.dll
0x00007ffa1cab0000 - 0x00007ffa1cae4000 	C:\WINDOWS\system32\rsaenh.dll
0x00007ffa1df40000 - 0x00007ffa1df67000 	C:\WINDOWS\System32\bcrypt.dll
0x00007ffa1d890000 - 0x00007ffa1d8be000 	C:\WINDOWS\SYSTEM32\USERENV.dll
0x00007ffa1da40000 - 0x00007ffa1dac0000 	C:\WINDOWS\System32\bcryptprimitives.dll
0x00007ffa1d370000 - 0x00007ffa1d37c000 	C:\WINDOWS\SYSTEM32\CRYPTBASE.dll
0x00007ffa1ce20000 - 0x00007ffa1ce5b000 	C:\WINDOWS\SYSTEM32\IPHLPAPI.DLL
0x00007ffa1f9b0000 - 0x00007ffa1f9b8000 	C:\WINDOWS\System32\NSI.dll
0x00007ffa166d0000 - 0x00007ffa166e7000 	C:\WINDOWS\SYSTEM32\dhcpcsvc6.DLL
0x00007ffa16720000 - 0x00007ffa1673d000 	C:\WINDOWS\SYSTEM32\dhcpcsvc.DLL
0x00007ffa1ce60000 - 0x00007ffa1cf2b000 	C:\WINDOWS\SYSTEM32\DNSAPI.dll
0x00007ffa17210000 - 0x00007ffa1721b000 	C:\WINDOWS\SYSTEM32\WINNSI.DLL
0x00007ffa027d0000 - 0x00007ffa027f4000 	D:\android studio\jre\jre\bin\sunec.dll
0x00007ffa132d0000 - 0x00007ffa132da000 	C:\Windows\System32\rasadhlp.dll
0x00007ffa155b0000 - 0x00007ffa1562f000 	C:\WINDOWS\System32\fwpuclnt.dll
0x00007ffa18990000 - 0x00007ffa1899b000 	D:\android studio\jre\jre\bin\sunmscapi.dll
0x00007ffa1dff0000 - 0x00007ffa1e14f000 	C:\WINDOWS\System32\CRYPT32.dll

VM Arguments:
jvm_args: -Xmx2048m -Dfile.encoding=UTF-8 -Duser.country=KR -Duser.language=ko -Duser.variant 
java_command: org.gradle.launcher.daemon.bootstrap.GradleDaemon 6.5
java_class_path (initial): C:\Users\win10\.gradle\wrapper\dists\gradle-6.5-bin\6nifqtx7604sqp1q6g8wikw7p\gradle-6.5\lib\gradle-launcher-6.5.jar
Launcher Type: SUN_STANDARD

Environment Variables:
PATH=C:\ProgramData\Anaconda3;C:\ProgramData\Anaconda3\Library\mingw-w64\bin;C:\ProgramData\Anaconda3\Library\usr\bin;C:\ProgramData\Anaconda3\Library\bin;C:\ProgramData\Anaconda3\Scripts;C:\Program Files (x86)\Common Files\Oracle\Java\javapath;C:\ProgramData\Oracle\Java\javapath;C:\Program Files (x86)\NAT Service;C:\Program Files (x86)\Intel\Intel(R) Management Engine Components\iCLS\;C:\Program Files\Intel\Intel(R) Management Engine Components\iCLS\;C:\WINDOWS\system32;C:\WINDOWS;C:\WINDOWS\System32\Wbem;C:\WINDOWS\System32\WindowsPowerShell\v1.0\;C:\Program Files (x86)\Intel\Intel(R) Management Engine Components\DAL;C:\Program Files\Intel\Intel(R) Management Engine Components\DAL;C:\Program Files (x86)\Intel\Intel(R) Management Engine Components\IPT;C:\Program Files\Intel\Intel(R) Management Engine Components\IPT;C:\WINDOWS\System32\OpenSSH\;C:\Program Files\PuTTY\;D:\;C:\Program Files\Git\cmd;C:\Program Files\MySQL\MySQL Shell 8.0\bin\;C:\Users\win10\AppData\Local\Programs\Python\Python38-32\Scripts\;C:\Users\win10\AppData\Local\Programs\Python\Python38-32\;C:\Users\win10\AppData\Local\Microsoft\WindowsApps;C:\Users\win10\AppData\Roaming\npm;C:\Users\win10\AppData\Local\atom\bin
USERNAME=win10
OS=Windows_NT
PROCESSOR_IDENTIFIER=Intel64 Family 6 Model 158 Stepping 10, GenuineIntel



---------------  S Y S T E M  ---------------

OS: Windows 10.0 , 64 bit Build 19041 (10.0.19041.804)

CPU:total 12 (initial active 12) (6 cores per cpu, 2 threads per core) family 6 model 158 stepping 10, cmov, cx8, fxsr, mmx, sse, sse2, sse3, ssse3, sse4.1, sse4.2, popcnt, avx, avx2, aes, clmul, erms, rtm, 3dnowpref, lzcnt, ht, tsc, tscinvbit, bmi1, bmi2, adx

Memory: 4k page, physical 16688920k(3527988k free), swap 47882624k(3868k free)

vm_info: OpenJDK 64-Bit Server VM (25.242-b01) for windows-amd64 JRE (1.8.0_242-release-1644-b01), built by "builder" with MS VC++ 10.0 (VS2010)

time: Thu Apr 15 01:08:09 2021
timezone: 대한민국 표준시
elapsed time: 199 seconds (0d 0h 3m 19s)

